#
# There is insufficient memory for the Java Runtime Environment to continue.
# Native memory allocation (malloc) failed to allocate 1757376 bytes for Chunk::new
# Possible reasons:
#   The system is out of physical RAM or swap space
#   The process is running with CompressedOops enabled, and the Java Heap may be blocking the growth of the native heap
# Possible solutions:
#   Reduce memory load on the system
#   Increase physical memory or swap space
#   Check if swap backing store is full
#   Decrease Java heap size (-Xmx/-Xms)
#   Decrease number of Java threads
#   Decrease Java thread stack sizes (-Xss)
#   Set larger code cache with -XX:ReservedCodeCacheSize=
#   JVM is running with Unscaled Compressed Oops mode in which the Java heap is
#     placed in the first 4GB address space. The Java Heap base address is the
#     maximum limit for the native heap growth. Please use -XX:HeapBaseMinAddress
#     to set the Java Heap base and to place the Java Heap above 4GB virtual address.
# This output file may be truncated or incomplete.
#
#  Out of Memory Error (arena.cpp:189), pid=29596, tid=18132
#
# JRE version: OpenJDK Runtime Environment Zulu17.44+15-CA (17.0.8+7) (build 17.0.8+7-LTS)
# Java VM: OpenJDK 64-Bit Server VM Zulu17.44+15-CA (17.0.8+7-LTS, mixed mode, sharing, tiered, compressed oops, compressed class ptrs, g1 gc, windows-amd64)
# No core dump will be written. Minidumps are not enabled by default on client versions of Windows
#

---------------  S U M M A R Y ------------

Command Line: -Dcom.sun.management.jmxremote -Dcom.sun.management.jmxremote.port=49487 -Dcom.sun.management.jmxremote.authenticate=false -Dcom.sun.management.jmxremote.ssl=false -Dspring.jmx.enabled=true -Djava.rmi.server.hostname=localhost -Dspring.application.admin.enabled=true -Dspring.boot.project.name=crud-srping -XX:+ShowCodeDetailsInExceptionMessages -Dmanagement.endpoints.jmx.exposure.include=* com.gabriel.crudsrping.CrudSrpingApplication

Host: Intel(R) Core(TM) i7-8550U CPU @ 1.80GHz, 8 cores, 7G,  Windows 10 , 64 bit Build 19041 (10.0.19041.3636)
Time: Sat Mar  9 13:40:55 2024 Hora oficial do Brasil elapsed time: 11.787577 seconds (0d 0h 0m 11s)

---------------  T H R E A D  ---------------

Current thread (0x000001d255832590):  JavaThread "C2 CompilerThread0" daemon [_thread_in_native, id=18132, stack(0x0000009686f00000,0x0000009687000000)]


Current CompileTask:
C2:  11787 5493       4       org.springframework.core.annotation.TypeMappedAnnotations$MergedAnnotationFinder::doWithAnnotations (75 bytes)

Stack: [0x0000009686f00000,0x0000009687000000]
Native frames: (J=compiled Java code, j=interpreted, Vv=VM code, C=native code)
V  [jvm.dll+0x67e01a]
V  [jvm.dll+0x83be54]
V  [jvm.dll+0x83d5fe]
V  [jvm.dll+0x83dc63]
V  [jvm.dll+0x24b18f]
V  [jvm.dll+0xac3ac]
V  [jvm.dll+0xac97c]
V  [jvm.dll+0x36a1a7]
V  [jvm.dll+0x1bd698]
V  [jvm.dll+0x21a299]
V  [jvm.dll+0x219561]
V  [jvm.dll+0x1a576d]
V  [jvm.dll+0x229259]
V  [jvm.dll+0x22729c]
V  [jvm.dll+0x7f1b4c]
V  [jvm.dll+0x7ebf6a]
V  [jvm.dll+0x67ce65]
C  [ucrtbase.dll+0x21bb2]
C  [KERNEL32.DLL+0x17344]
C  [ntdll.dll+0x526b1]


---------------  P R O C E S S  ---------------

Threads class SMR info:
_java_thread_list=0x000001d29beff9d0, length=23, elements={
0x000001d2354935f0, 0x000001d255815f20, 0x000001d255816cb0, 0x000001d25582b8f0,
0x000001d25582c7d0, 0x000001d25582f0b0, 0x000001d255831990, 0x000001d255832590,
0x000001d2558336b0, 0x000001d2558388e0, 0x000001d255a6af10, 0x000001d255ae32b0,
0x000001d29b22eb20, 0x000001d29b21a320, 0x000001d29b407e40, 0x000001d29b7f7090,
0x000001d29bbebc50, 0x000001d29c277630, 0x000001d29c277b40, 0x000001d29c278f80,
0x000001d29c278050, 0x000001d29c278560, 0x000001d29c279490
}

Java Threads: ( => current thread )
  0x000001d2354935f0 JavaThread "main" [_thread_blocked, id=20224, stack(0x0000009686200000,0x0000009686300000)]
  0x000001d255815f20 JavaThread "Reference Handler" daemon [_thread_blocked, id=28408, stack(0x0000009686900000,0x0000009686a00000)]
  0x000001d255816cb0 JavaThread "Finalizer" daemon [_thread_blocked, id=7356, stack(0x0000009686a00000,0x0000009686b00000)]
  0x000001d25582b8f0 JavaThread "Signal Dispatcher" daemon [_thread_blocked, id=23164, stack(0x0000009686b00000,0x0000009686c00000)]
  0x000001d25582c7d0 JavaThread "Attach Listener" daemon [_thread_blocked, id=14208, stack(0x0000009686c00000,0x0000009686d00000)]
  0x000001d25582f0b0 JavaThread "Service Thread" daemon [_thread_blocked, id=18032, stack(0x0000009686d00000,0x0000009686e00000)]
  0x000001d255831990 JavaThread "Monitor Deflation Thread" daemon [_thread_blocked, id=10148, stack(0x0000009686e00000,0x0000009686f00000)]
=>0x000001d255832590 JavaThread "C2 CompilerThread0" daemon [_thread_in_native, id=18132, stack(0x0000009686f00000,0x0000009687000000)]
  0x000001d2558336b0 JavaThread "C1 CompilerThread0" daemon [_thread_blocked, id=14736, stack(0x0000009687000000,0x0000009687100000)]
  0x000001d2558388e0 JavaThread "Sweeper thread" daemon [_thread_blocked, id=20324, stack(0x0000009687100000,0x0000009687200000)]
  0x000001d255a6af10 JavaThread "Common-Cleaner" daemon [_thread_blocked, id=35508, stack(0x0000009687200000,0x0000009687300000)]
  0x000001d255ae32b0 JavaThread "Notification Thread" daemon [_thread_blocked, id=16904, stack(0x0000009687300000,0x0000009687400000)]
  0x000001d29b22eb20 JavaThread "RMI TCP Accept-0" daemon [_thread_in_native, id=29156, stack(0x0000009687400000,0x0000009687500000)]
  0x000001d29b21a320 JavaThread "RMI TCP Accept-49487" daemon [_thread_in_native, id=5228, stack(0x0000009687500000,0x0000009687600000)]
  0x000001d29b407e40 JavaThread "RMI TCP Accept-0" daemon [_thread_in_native, id=36444, stack(0x0000009687600000,0x0000009687700000)]
  0x000001d29b7f7090 JavaThread "Thread-0" [_thread_blocked, id=2660, stack(0x0000009688000000,0x0000009688100000)]
  0x000001d29bbebc50 JavaThread "restartedMain" [_thread_in_vm, id=25976, stack(0x0000009688100000,0x0000009688200000)]
  0x000001d29c277630 JavaThread "Catalina-utility-1" [_thread_blocked, id=35160, stack(0x0000009688300000,0x0000009688400000)]
  0x000001d29c277b40 JavaThread "Catalina-utility-2" [_thread_blocked, id=28164, stack(0x0000009688400000,0x0000009688500000)]
  0x000001d29c278f80 JavaThread "container-0" [_thread_blocked, id=5236, stack(0x0000009688500000,0x0000009688600000)]
  0x000001d29c278050 JavaThread "PostgreSQL-JDBC-Cleaner" daemon [_thread_blocked, id=27252, stack(0x0000009688700000,0x0000009688800000)]
  0x000001d29c278560 JavaThread "HikariPool-1 housekeeper" daemon [_thread_blocked, id=35944, stack(0x0000009688800000,0x0000009688900000)]
  0x000001d29c279490 JavaThread "HikariPool-1 connection adder" daemon [_thread_blocked, id=2464, stack(0x0000009688900000,0x0000009688a00000)]

Other Threads:
  0x000001d255812400 VMThread "VM Thread" [stack: 0x0000009686800000,0x0000009686900000] [id=30384]
  0x000001d29b22f000 WatcherThread [stack: 0x0000009687700000,0x0000009687800000] [id=30496]
  0x000001d2354f7270 GCTaskThread "GC Thread#0" [stack: 0x0000009686300000,0x0000009686400000] [id=8316]
  0x000001d29bb9d180 GCTaskThread "GC Thread#1" [stack: 0x0000009687800000,0x0000009687900000] [id=3760]
  0x000001d29b551f70 GCTaskThread "GC Thread#2" [stack: 0x0000009687900000,0x0000009687a00000] [id=27176]
  0x000001d29b41e0e0 GCTaskThread "GC Thread#3" [stack: 0x0000009687a00000,0x0000009687b00000] [id=6348]
  0x000001d29bb6fcf0 GCTaskThread "GC Thread#4" [stack: 0x0000009687b00000,0x0000009687c00000] [id=29020]
  0x000001d29bb7cec0 GCTaskThread "GC Thread#5" [stack: 0x0000009687c00000,0x0000009687d00000] [id=15272]
  0x000001d29bbc1500 GCTaskThread "GC Thread#6" [stack: 0x0000009687d00000,0x0000009687e00000] [id=15580]
  0x000001d29bbc17c0 GCTaskThread "GC Thread#7" [stack: 0x0000009687e00000,0x0000009687f00000] [id=1292]
  0x000001d235508ce0 ConcurrentGCThread "G1 Main Marker" [stack: 0x0000009686400000,0x0000009686500000] [id=8492]
  0x000001d23550adc0 ConcurrentGCThread "G1 Conc#0" [stack: 0x0000009686500000,0x0000009686600000] [id=32688]
  0x000001d29c3ded10 ConcurrentGCThread "G1 Conc#1" [stack: 0x0000009688200000,0x0000009688300000] [id=18148]
  0x000001d23554db20 ConcurrentGCThread "G1 Refine#0" [stack: 0x0000009686600000,0x0000009686700000] [id=17248]
  0x000001d29b41dc60 ConcurrentGCThread "G1 Refine#1" [stack: 0x0000009687f00000,0x0000009688000000] [id=21900]
  0x000001d23554e460 ConcurrentGCThread "G1 Service" [stack: 0x0000009686700000,0x0000009686800000] [id=32972]

Threads with active compile tasks:
C2 CompilerThread0    11861 5493       4       org.springframework.core.annotation.TypeMappedAnnotations$MergedAnnotationFinder::doWithAnnotations (75 bytes)

VM state: not at safepoint (normal execution)

VM Mutex/Monitor currently owned by a thread: None

Heap address: 0x0000000082000000, size: 2016 MB, Compressed Oops mode: 32-bit

CDS archive(s) mapped at: [0x000001d256000000-0x000001d256c00000-0x000001d256c00000), size 12582912, SharedBaseAddress: 0x000001d256000000, ArchiveRelocationMode: 1.
Compressed class space mapped at: 0x000001d257000000-0x000001d297000000, reserved size: 1073741824
Narrow klass base: 0x000001d256000000, Narrow klass shift: 0, Narrow klass range: 0x100000000

GC Precious Log:
 CPUs: 8 total, 8 available
 Memory: 8056M
 Large Page Support: Disabled
 NUMA Support: Disabled
 Compressed Oops: Enabled (32-bit)
 Heap Region Size: 1M
 Heap Min Capacity: 8M
 Heap Initial Capacity: 126M
 Heap Max Capacity: 2016M
 Pre-touch: Disabled
 Parallel Workers: 8
 Concurrent Workers: 2
 Concurrent Refinement Workers: 8
 Periodic GC: Disabled

Heap:
 garbage-first heap   total 66560K, used 46239K [0x0000000082000000, 0x0000000100000000)
  region size 1024K, 19 young (19456K), 2 survivors (2048K)
 Metaspace       used 63751K, committed 64320K, reserved 1114112K
  class space    used 8663K, committed 8960K, reserved 1048576K

Heap Regions: E=young(eden), S=young(survivor), O=old, HS=humongous(starts), HC=humongous(continues), CS=collection set, F=free, OA=open archive, CA=closed archive, TAMS=top-at-mark-start (previous, next)
|   0|0x0000000082000000, 0x0000000082100000, 0x0000000082100000|100%|HS|  |TAMS 0x0000000082100000, 0x0000000082000000| Complete 
|   1|0x0000000082100000, 0x0000000082200000, 0x0000000082200000|100%| O|  |TAMS 0x0000000082200000, 0x0000000082100000| Untracked 
|   2|0x0000000082200000, 0x0000000082300000, 0x0000000082300000|100%| O|  |TAMS 0x0000000082300000, 0x0000000082200000| Untracked 
|   3|0x0000000082300000, 0x0000000082400000, 0x0000000082400000|100%| O|  |TAMS 0x0000000082400000, 0x0000000082300000| Untracked 
|   4|0x0000000082400000, 0x0000000082500000, 0x0000000082500000|100%| O|  |TAMS 0x0000000082500000, 0x0000000082400000| Untracked 
|   5|0x0000000082500000, 0x0000000082600000, 0x0000000082600000|100%| O|  |TAMS 0x0000000082600000, 0x0000000082500000| Untracked 
|   6|0x0000000082600000, 0x0000000082700000, 0x0000000082700000|100%| O|  |TAMS 0x0000000082700000, 0x0000000082600000| Untracked 
|   7|0x0000000082700000, 0x0000000082700000, 0x0000000082800000|  0%| F|  |TAMS 0x0000000082700000, 0x0000000082700000| Untracked 
|   8|0x0000000082800000, 0x0000000082900000, 0x0000000082900000|100%| O|  |TAMS 0x0000000082900000, 0x0000000082800000| Untracked 
|   9|0x0000000082900000, 0x0000000082a00000, 0x0000000082a00000|100%| O|  |TAMS 0x0000000082a00000, 0x0000000082900000| Untracked 
|  10|0x0000000082a00000, 0x0000000082b00000, 0x0000000082b00000|100%| O|  |TAMS 0x0000000082b00000, 0x0000000082a00000| Untracked 
|  11|0x0000000082b00000, 0x0000000082c00000, 0x0000000082c00000|100%| O|  |TAMS 0x0000000082c00000, 0x0000000082b00000| Untracked 
|  12|0x0000000082c00000, 0x0000000082d00000, 0x0000000082d00000|100%| O|  |TAMS 0x0000000082d00000, 0x0000000082c00000| Untracked 
|  13|0x0000000082d00000, 0x0000000082e00000, 0x0000000082e00000|100%| O|  |TAMS 0x0000000082e00000, 0x0000000082d00000| Untracked 
|  14|0x0000000082e00000, 0x0000000082f00000, 0x0000000082f00000|100%| O|  |TAMS 0x0000000082f00000, 0x0000000082e00000| Untracked 
|  15|0x0000000082f00000, 0x0000000083000000, 0x0000000083000000|100%| O|  |TAMS 0x0000000083000000, 0x0000000082f00000| Untracked 
|  16|0x0000000083000000, 0x0000000083100000, 0x0000000083100000|100%| O|  |TAMS 0x0000000083100000, 0x0000000083000000| Untracked 
|  17|0x0000000083100000, 0x0000000083200000, 0x0000000083200000|100%| O|  |TAMS 0x0000000083200000, 0x0000000083100000| Untracked 
|  18|0x0000000083200000, 0x0000000083300000, 0x0000000083300000|100%| O|  |TAMS 0x0000000083300000, 0x0000000083200000| Untracked 
|  19|0x0000000083300000, 0x0000000083400000, 0x0000000083400000|100%| O|  |TAMS 0x0000000083400000, 0x0000000083300000| Untracked 
|  20|0x0000000083400000, 0x0000000083500000, 0x0000000083500000|100%| O|  |TAMS 0x0000000083500000, 0x0000000083400000| Untracked 
|  21|0x0000000083500000, 0x0000000083600000, 0x0000000083600000|100%| O|  |TAMS 0x0000000083600000, 0x0000000083500000| Untracked 
|  22|0x0000000083600000, 0x0000000083700000, 0x0000000083700000|100%| O|  |TAMS 0x0000000083700000, 0x0000000083600000| Untracked 
|  23|0x0000000083700000, 0x0000000083800000, 0x0000000083800000|100%| O|  |TAMS 0x0000000083800000, 0x0000000083700000| Untracked 
|  24|0x0000000083800000, 0x0000000083900000, 0x0000000083900000|100%| O|  |TAMS 0x0000000083900000, 0x0000000083800000| Untracked 
|  25|0x0000000083900000, 0x0000000083a00000, 0x0000000083a00000|100%| O|  |TAMS 0x0000000083a00000, 0x0000000083900000| Untracked 
|  26|0x0000000083a00000, 0x0000000083b00000, 0x0000000083b00000|100%| O|  |TAMS 0x0000000083b00000, 0x0000000083a00000| Untracked 
|  27|0x0000000083b00000, 0x0000000083c00000, 0x0000000083c00000|100%| O|  |TAMS 0x0000000083c00000, 0x0000000083b00000| Untracked 
|  28|0x0000000083c00000, 0x0000000083c3a400, 0x0000000083d00000| 22%| O|  |TAMS 0x0000000083c3a400, 0x0000000083c00000| Untracked 
|  29|0x0000000083d00000, 0x0000000083d00000, 0x0000000083e00000|  0%| F|  |TAMS 0x0000000083d00000, 0x0000000083d00000| Untracked 
|  30|0x0000000083e00000, 0x0000000083e00000, 0x0000000083f00000|  0%| F|  |TAMS 0x0000000083e00000, 0x0000000083e00000| Untracked 
|  31|0x0000000083f00000, 0x0000000083f00000, 0x0000000084000000|  0%| F|  |TAMS 0x0000000083f00000, 0x0000000083f00000| Untracked 
|  32|0x0000000084000000, 0x0000000084000000, 0x0000000084100000|  0%| F|  |TAMS 0x0000000084000000, 0x0000000084000000| Untracked 
|  33|0x0000000084100000, 0x0000000084100000, 0x0000000084200000|  0%| F|  |TAMS 0x0000000084100000, 0x0000000084100000| Untracked 
|  34|0x0000000084200000, 0x0000000084200000, 0x0000000084300000|  0%| F|  |TAMS 0x0000000084200000, 0x0000000084200000| Untracked 
|  35|0x0000000084300000, 0x0000000084300000, 0x0000000084400000|  0%| F|  |TAMS 0x0000000084300000, 0x0000000084300000| Untracked 
|  36|0x0000000084400000, 0x0000000084400000, 0x0000000084500000|  0%| F|  |TAMS 0x0000000084400000, 0x0000000084400000| Untracked 
|  37|0x0000000084500000, 0x0000000084500000, 0x0000000084600000|  0%| F|  |TAMS 0x0000000084500000, 0x0000000084500000| Untracked 
|  38|0x0000000084600000, 0x00000000846ed9f0, 0x0000000084700000| 92%| S|CS|TAMS 0x0000000084600000, 0x0000000084600000| Complete 
|  39|0x0000000084700000, 0x0000000084800000, 0x0000000084800000|100%| S|CS|TAMS 0x0000000084700000, 0x0000000084700000| Complete 
|  40|0x0000000084800000, 0x0000000084800000, 0x0000000084900000|  0%| F|  |TAMS 0x0000000084800000, 0x0000000084800000| Untracked 
|  41|0x0000000084900000, 0x0000000084900000, 0x0000000084a00000|  0%| F|  |TAMS 0x0000000084900000, 0x0000000084900000| Untracked 
|  42|0x0000000084a00000, 0x0000000084a00000, 0x0000000084b00000|  0%| F|  |TAMS 0x0000000084a00000, 0x0000000084a00000| Untracked 
|  43|0x0000000084b00000, 0x0000000084b00000, 0x0000000084c00000|  0%| F|  |TAMS 0x0000000084b00000, 0x0000000084b00000| Untracked 
|  44|0x0000000084c00000, 0x0000000084c00000, 0x0000000084d00000|  0%| F|  |TAMS 0x0000000084c00000, 0x0000000084c00000| Untracked 
|  45|0x0000000084d00000, 0x0000000084d00000, 0x0000000084e00000|  0%| F|  |TAMS 0x0000000084d00000, 0x0000000084d00000| Untracked 
|  46|0x0000000084e00000, 0x0000000084e00000, 0x0000000084f00000|  0%| F|  |TAMS 0x0000000084e00000, 0x0000000084e00000| Untracked 
|  47|0x0000000084f00000, 0x0000000084f00000, 0x0000000085000000|  0%| F|  |TAMS 0x0000000084f00000, 0x0000000084f00000| Untracked 
|  48|0x0000000085000000, 0x0000000085073dd0, 0x0000000085100000| 45%| E|  |TAMS 0x0000000085000000, 0x0000000085000000| Complete 
|  49|0x0000000085100000, 0x0000000085200000, 0x0000000085200000|100%| E|CS|TAMS 0x0000000085100000, 0x0000000085100000| Complete 
|  50|0x0000000085200000, 0x0000000085300000, 0x0000000085300000|100%| E|CS|TAMS 0x0000000085200000, 0x0000000085200000| Complete 
|  51|0x0000000085300000, 0x0000000085400000, 0x0000000085400000|100%| E|CS|TAMS 0x0000000085300000, 0x0000000085300000| Complete 
|  52|0x0000000085400000, 0x0000000085500000, 0x0000000085500000|100%| E|CS|TAMS 0x0000000085400000, 0x0000000085400000| Complete 
|  53|0x0000000085500000, 0x0000000085600000, 0x0000000085600000|100%| E|CS|TAMS 0x0000000085500000, 0x0000000085500000| Complete 
|  54|0x0000000085600000, 0x0000000085700000, 0x0000000085700000|100%| E|CS|TAMS 0x0000000085600000, 0x0000000085600000| Complete 
|  55|0x0000000085700000, 0x0000000085800000, 0x0000000085800000|100%| E|CS|TAMS 0x0000000085700000, 0x0000000085700000| Complete 
|  56|0x0000000085800000, 0x0000000085900000, 0x0000000085900000|100%| E|CS|TAMS 0x0000000085800000, 0x0000000085800000| Complete 
|  57|0x0000000085900000, 0x0000000085a00000, 0x0000000085a00000|100%| E|CS|TAMS 0x0000000085900000, 0x0000000085900000| Complete 
|  79|0x0000000086f00000, 0x0000000087000000, 0x0000000087000000|100%| E|CS|TAMS 0x0000000086f00000, 0x0000000086f00000| Complete 
|  80|0x0000000087000000, 0x0000000087100000, 0x0000000087100000|100%| E|CS|TAMS 0x0000000087000000, 0x0000000087000000| Complete 
|  81|0x0000000087100000, 0x0000000087200000, 0x0000000087200000|100%| E|CS|TAMS 0x0000000087100000, 0x0000000087100000| Complete 
|  82|0x0000000087200000, 0x0000000087300000, 0x0000000087300000|100%| E|CS|TAMS 0x0000000087200000, 0x0000000087200000| Complete 
|  83|0x0000000087300000, 0x0000000087400000, 0x0000000087400000|100%| E|CS|TAMS 0x0000000087300000, 0x0000000087300000| Complete 
|  84|0x0000000087400000, 0x0000000087500000, 0x0000000087500000|100%| E|CS|TAMS 0x0000000087400000, 0x0000000087400000| Complete 
| 125|0x0000000089d00000, 0x0000000089e00000, 0x0000000089e00000|100%| E|CS|TAMS 0x0000000089d00000, 0x0000000089d00000| Complete 

Card table byte_map: [0x000001d24e650000,0x000001d24ea40000] _byte_map_base: 0x000001d24e240000

Marking Bits (Prev, Next): (CMBitMap*) 0x000001d2354f87b0, (CMBitMap*) 0x000001d2354f87f0
 Prev Bits: [0x000001d24ee30000, 0x000001d250db0000)
 Next Bits: [0x000001d250db0000, 0x000001d252d30000)

Polling page: 0x000001d235550000

Metaspace:

Usage:
  Non-class:     53.80 MB used.
      Class:      8.46 MB used.
       Both:     62.26 MB used.

Virtual space:
  Non-class space:       64.00 MB reserved,      54.06 MB ( 84%) committed,  1 nodes.
      Class space:        1.00 GB reserved,       8.75 MB ( <1%) committed,  1 nodes.
             Both:        1.06 GB reserved,      62.81 MB (  6%) committed. 

Chunk freelists:
   Non-Class:  9.77 MB
       Class:  7.17 MB
        Both:  16.94 MB

MaxMetaspaceSize: unlimited
CompressedClassSpaceSize: 1.00 GB
Initial GC threshold: 21.00 MB
Current GC threshold: 103.69 MB
CDS: on
MetaspaceReclaimPolicy: balanced
 - commit_granule_bytes: 65536.
 - commit_granule_words: 8192.
 - virtual_space_node_default_size: 8388608.
 - enlarge_chunks_in_place: 1.
 - new_chunks_are_fully_committed: 0.
 - uncommit_free_chunks: 1.
 - use_allocation_guard: 0.
 - handle_deallocations: 1.


Internal statistics:

num_allocs_failed_limit: 12.
num_arena_births: 690.
num_arena_deaths: 0.
num_vsnodes_births: 2.
num_vsnodes_deaths: 0.
num_space_committed: 1005.
num_space_uncommitted: 0.
num_chunks_returned_to_freelist: 12.
num_chunks_taken_from_freelist: 2991.
num_chunk_merges: 12.
num_chunk_splits: 2182.
num_chunks_enlarged: 1724.
num_inconsistent_stats: 0.

CodeHeap 'non-profiled nmethods': size=120000Kb used=1933Kb max_used=2458Kb free=118066Kb
 bounds [0x000001d2462c0000, 0x000001d246530000, 0x000001d24d7f0000]
CodeHeap 'profiled nmethods': size=120000Kb used=9105Kb max_used=10668Kb free=110894Kb
 bounds [0x000001d23e7f0000, 0x000001d23f260000, 0x000001d245d20000]
CodeHeap 'non-nmethods': size=5760Kb used=1315Kb max_used=1395Kb free=4444Kb
 bounds [0x000001d245d20000, 0x000001d245f90000, 0x000001d2462c0000]
 total_blobs=5576 nmethods=4932 adapters=555
 compilation: enabled
              stopped_count=0, restarted_count=0
 full_count=0

Compilation events (20 events):
Event: 11.732 Thread 0x000001d2558336b0 nmethod 5840 0x000001d23e9d5690 code [0x000001d23e9d59a0, 0x000001d23e9d65d8]
Event: 11.732 Thread 0x000001d2558336b0 5841   !   2       org.springframework.beans.factory.support.AbstractAutowireCapableBeanFactory::createBean (214 bytes)
Event: 11.733 Thread 0x000001d2558336b0 nmethod 5841 0x000001d23e95de90 code [0x000001d23e95e180, 0x000001d23e95ed78]
Event: 11.733 Thread 0x000001d2558336b0 5843   !   2       org.springframework.beans.factory.support.AbstractAutowireCapableBeanFactory::applyPropertyValues (489 bytes)
Event: 11.739 Thread 0x000001d2558336b0 nmethod 5843 0x000001d23eca9290 code [0x000001d23eca9720, 0x000001d23ecab8c8]
Event: 11.739 Thread 0x000001d2558336b0 5842       2       org.springframework.beans.factory.support.AbstractBeanFactory::requiresDestruction (45 bytes)
Event: 11.740 Thread 0x000001d2558336b0 nmethod 5842 0x000001d23eff9c10 code [0x000001d23eff9de0, 0x000001d23effa0c8]
Event: 11.740 Thread 0x000001d2558336b0 5844       2       org.springframework.context.annotation.ConfigurationClassPostProcessor$ImportAwareBeanPostProcessor::postProcessProperties (26 bytes)
Event: 11.740 Thread 0x000001d2558336b0 nmethod 5844 0x000001d23eda4390 code [0x000001d23eda4540, 0x000001d23eda4788]
Event: 11.740 Thread 0x000001d2558336b0 5846       2       sun.reflect.generics.parser.SignatureParser::parseZeroOrMoreTypeSignatures (174 bytes)
Event: 11.741 Thread 0x000001d2558336b0 nmethod 5846 0x000001d23ee0ea90 code [0x000001d23ee0ec80, 0x000001d23ee0f278]
Event: 11.741 Thread 0x000001d2558336b0 5847       2       org.springframework.boot.context.properties.source.ConfigurationPropertyName::append (30 bytes)
Event: 11.741 Thread 0x000001d2558336b0 nmethod 5847 0x000001d23eea1010 code [0x000001d23eea11e0, 0x000001d23eea1598]
Event: 11.741 Thread 0x000001d2558336b0 5845       2       sun.reflect.generics.parser.SignatureParser::parseFormalParameters (49 bytes)
Event: 11.741 Thread 0x000001d2558336b0 nmethod 5845 0x000001d23edcfe90 code [0x000001d23edd0080, 0x000001d23edd02a8]
Event: 11.749 Thread 0x000001d2558336b0 5848       2       org.springframework.context.support.PostProcessorRegistrationDelegate$BeanPostProcessorChecker::postProcessAfterInitialization (219 bytes)
Event: 11.750 Thread 0x000001d2558336b0 nmethod 5848 0x000001d23e813490 code [0x000001d23e8137c0, 0x000001d23e814288]
Event: 11.755 Thread 0x000001d2558336b0 5849   !   2       org.springframework.core.$Proxy7::hashCode (32 bytes)
Event: 11.756 Thread 0x000001d2558336b0 nmethod 5849 0x000001d23f050b10 code [0x000001d23f050cc0, 0x000001d23f050f58]
Event: 11.756 Thread 0x000001d2558336b0 5850       2       java.net.URLStreamHandler::hashCode (128 bytes)

GC Heap History (20 events):
Event: 6.070 GC heap before
{Heap before GC invocations=10 (full 0):
 garbage-first heap   total 51200K, used 38679K [0x0000000082000000, 0x0000000100000000)
  region size 1024K, 21 young (21504K), 3 survivors (3072K)
 Metaspace       used 35267K, committed 35776K, reserved 1114112K
  class space    used 4480K, committed 4736K, reserved 1048576K
}
Event: 6.075 GC heap after
{Heap after GC invocations=11 (full 0):
 garbage-first heap   total 51200K, used 21368K [0x0000000082000000, 0x0000000100000000)
  region size 1024K, 3 young (3072K), 3 survivors (3072K)
 Metaspace       used 35267K, committed 35776K, reserved 1114112K
  class space    used 4480K, committed 4736K, reserved 1048576K
}
Event: 6.119 GC heap before
{Heap before GC invocations=11 (full 0):
 garbage-first heap   total 51200K, used 22392K [0x0000000082000000, 0x0000000100000000)
  region size 1024K, 5 young (5120K), 3 survivors (3072K)
 Metaspace       used 35468K, committed 35968K, reserved 1114112K
  class space    used 4527K, committed 4800K, reserved 1048576K
}
Event: 6.122 GC heap after
{Heap after GC invocations=12 (full 0):
 garbage-first heap   total 66560K, used 21512K [0x0000000082000000, 0x0000000100000000)
  region size 1024K, 2 young (2048K), 2 survivors (2048K)
 Metaspace       used 35468K, committed 35968K, reserved 1114112K
  class space    used 4527K, committed 4800K, reserved 1048576K
}
Event: 7.482 GC heap before
{Heap before GC invocations=13 (full 0):
 garbage-first heap   total 66560K, used 51208K [0x0000000082000000, 0x0000000100000000)
  region size 1024K, 31 young (31744K), 2 survivors (2048K)
 Metaspace       used 43283K, committed 43776K, reserved 1114112K
  class space    used 5667K, committed 5888K, reserved 1048576K
}
Event: 7.487 GC heap after
{Heap after GC invocations=14 (full 0):
 garbage-first heap   total 66560K, used 23025K [0x0000000082000000, 0x0000000100000000)
  region size 1024K, 3 young (3072K), 3 survivors (3072K)
 Metaspace       used 43283K, committed 43776K, reserved 1114112K
  class space    used 5667K, committed 5888K, reserved 1048576K
}
Event: 7.540 GC heap before
{Heap before GC invocations=14 (full 0):
 garbage-first heap   total 66560K, used 23025K [0x0000000082000000, 0x0000000100000000)
  region size 1024K, 4 young (4096K), 3 survivors (3072K)
 Metaspace       used 43453K, committed 43904K, reserved 1114112K
  class space    used 5678K, committed 5888K, reserved 1048576K
}
Event: 7.548 GC heap after
{Heap after GC invocations=15 (full 0):
 garbage-first heap   total 66560K, used 22924K [0x0000000082000000, 0x0000000100000000)
  region size 1024K, 1 young (1024K), 1 survivors (1024K)
 Metaspace       used 43453K, committed 43904K, reserved 1114112K
  class space    used 5678K, committed 5888K, reserved 1048576K
}
Event: 8.783 GC heap before
{Heap before GC invocations=15 (full 0):
 garbage-first heap   total 66560K, used 51596K [0x0000000082000000, 0x0000000100000000)
  region size 1024K, 29 young (29696K), 1 survivors (1024K)
 Metaspace       used 50318K, committed 50752K, reserved 1114112K
  class space    used 6573K, committed 6784K, reserved 1048576K
}
Event: 8.786 GC heap after
{Heap after GC invocations=16 (full 0):
 garbage-first heap   total 66560K, used 23998K [0x0000000082000000, 0x0000000100000000)
  region size 1024K, 2 young (2048K), 2 survivors (2048K)
 Metaspace       used 50318K, committed 50752K, reserved 1114112K
  class space    used 6573K, committed 6784K, reserved 1048576K
}
Event: 9.925 GC heap before
{Heap before GC invocations=16 (full 0):
 garbage-first heap   total 66560K, used 51646K [0x0000000082000000, 0x0000000100000000)
  region size 1024K, 30 young (30720K), 2 survivors (2048K)
 Metaspace       used 58234K, committed 58752K, reserved 1114112K
  class space    used 7901K, committed 8128K, reserved 1048576K
}
Event: 9.929 GC heap after
{Heap after GC invocations=17 (full 0):
 garbage-first heap   total 66560K, used 25193K [0x0000000082000000, 0x0000000100000000)
  region size 1024K, 3 young (3072K), 3 survivors (3072K)
 Metaspace       used 58234K, committed 58752K, reserved 1114112K
  class space    used 7901K, committed 8128K, reserved 1048576K
}
Event: 10.284 GC heap before
{Heap before GC invocations=17 (full 0):
 garbage-first heap   total 66560K, used 38505K [0x0000000082000000, 0x0000000100000000)
  region size 1024K, 17 young (17408K), 3 survivors (3072K)
 Metaspace       used 59695K, committed 60160K, reserved 1114112K
  class space    used 8028K, committed 8256K, reserved 1048576K
}
Event: 10.291 GC heap after
{Heap after GC invocations=18 (full 0):
 garbage-first heap   total 66560K, used 26683K [0x0000000082000000, 0x0000000100000000)
  region size 1024K, 3 young (3072K), 3 survivors (3072K)
 Metaspace       used 59695K, committed 60160K, reserved 1114112K
  class space    used 8028K, committed 8256K, reserved 1048576K
}
Event: 11.000 GC heap before
{Heap before GC invocations=19 (full 0):
 garbage-first heap   total 66560K, used 52283K [0x0000000082000000, 0x0000000100000000)
  region size 1024K, 29 young (29696K), 3 survivors (3072K)
 Metaspace       used 61326K, committed 61824K, reserved 1114112K
  class space    used 8328K, committed 8512K, reserved 1048576K
}
Event: 11.005 GC heap after
{Heap after GC invocations=20 (full 0):
 garbage-first heap   total 66560K, used 28239K [0x0000000082000000, 0x0000000100000000)
  region size 1024K, 3 young (3072K), 3 survivors (3072K)
 Metaspace       used 61326K, committed 61824K, reserved 1114112K
  class space    used 8328K, committed 8512K, reserved 1048576K
}
Event: 11.034 GC heap before
{Heap before GC invocations=20 (full 0):
 garbage-first heap   total 66560K, used 29263K [0x0000000082000000, 0x0000000100000000)
  region size 1024K, 4 young (4096K), 3 survivors (3072K)
 Metaspace       used 61551K, committed 62080K, reserved 1114112K
  class space    used 8350K, committed 8576K, reserved 1048576K
}
Event: 11.041 GC heap after
{Heap after GC invocations=21 (full 0):
 garbage-first heap   total 66560K, used 28347K [0x0000000082000000, 0x0000000100000000)
  region size 1024K, 1 young (1024K), 1 survivors (1024K)
 Metaspace       used 61551K, committed 62080K, reserved 1114112K
  class space    used 8350K, committed 8576K, reserved 1048576K
}
Event: 11.506 GC heap before
{Heap before GC invocations=21 (full 0):
 garbage-first heap   total 66560K, used 52923K [0x0000000082000000, 0x0000000100000000)
  region size 1024K, 25 young (25600K), 1 survivors (1024K)
 Metaspace       used 63009K, committed 63616K, reserved 1114112K
  class space    used 8544K, committed 8832K, reserved 1048576K
}
Event: 11.509 GC heap after
{Heap after GC invocations=22 (full 0):
 garbage-first heap   total 66560K, used 29855K [0x0000000082000000, 0x0000000100000000)
  region size 1024K, 2 young (2048K), 2 survivors (2048K)
 Metaspace       used 63009K, committed 63616K, reserved 1114112K
  class space    used 8544K, committed 8832K, reserved 1048576K
}

Dll operation events (10 events):
Event: 0.008 Loaded shared library C:\Program Files\Java\zulu17.44.15-ca-jdk17.0.8-win_x64\bin\java.dll
Event: 0.025 Loaded shared library C:\Program Files\Java\zulu17.44.15-ca-jdk17.0.8-win_x64\bin\jsvml.dll
Event: 0.109 Loaded shared library C:\Program Files\Java\zulu17.44.15-ca-jdk17.0.8-win_x64\bin\jimage.dll
Event: 0.116 Loaded shared library C:\Program Files\Java\zulu17.44.15-ca-jdk17.0.8-win_x64\bin\net.dll
Event: 0.117 Loaded shared library C:\Program Files\Java\zulu17.44.15-ca-jdk17.0.8-win_x64\bin\nio.dll
Event: 0.120 Loaded shared library C:\Program Files\Java\zulu17.44.15-ca-jdk17.0.8-win_x64\bin\zip.dll
Event: 0.175 Loaded shared library C:\Program Files\Java\zulu17.44.15-ca-jdk17.0.8-win_x64\bin\management.dll
Event: 0.189 Loaded shared library C:\Program Files\Java\zulu17.44.15-ca-jdk17.0.8-win_x64\bin\management_ext.dll
Event: 2.313 Loaded shared library C:\Program Files\Java\zulu17.44.15-ca-jdk17.0.8-win_x64\bin\sunmscapi.dll
Event: 6.665 Loaded shared library C:\Program Files\Java\zulu17.44.15-ca-jdk17.0.8-win_x64\bin\verify.dll

Deoptimization events (20 events):
Event: 11.118 Thread 0x000001d29bbebc50 DEOPT PACKING pc=0x000001d23efe718d sp=0x00000096881fd320
Event: 11.118 Thread 0x000001d29bbebc50 DEOPT UNPACKING pc=0x000001d245d77143 sp=0x00000096881fc7e0 mode 0
Event: 11.224 Thread 0x000001d29bbebc50 DEOPT PACKING pc=0x000001d23f08fa6c sp=0x00000096881f8b80
Event: 11.224 Thread 0x000001d29bbebc50 DEOPT UNPACKING pc=0x000001d245d77143 sp=0x00000096881f8068 mode 0
Event: 11.252 Thread 0x000001d29bbebc50 Uncommon trap: trap_request=0xffffff45 fr.pc=0x000001d2465251e4 relative=0x00000000000010e4
Event: 11.252 Thread 0x000001d29bbebc50 Uncommon trap: reason=unstable_if action=reinterpret pc=0x000001d2465251e4 method=org.aspectj.apache.bcel.classfile.Constant.readConstant(Ljava/io/DataInputStream;)Lorg/aspectj/apache/bcel/classfile/Constant; @ 6 c2
Event: 11.252 Thread 0x000001d29bbebc50 DEOPT PACKING pc=0x000001d2465251e4 sp=0x00000096881f9510
Event: 11.252 Thread 0x000001d29bbebc50 DEOPT UNPACKING pc=0x000001d245d769a3 sp=0x00000096881f94e0 mode 2
Event: 11.516 Thread 0x000001d29bbebc50 Uncommon trap: trap_request=0xffffff45 fr.pc=0x000001d246468744 relative=0x00000000000008e4
Event: 11.516 Thread 0x000001d29bbebc50 Uncommon trap: reason=unstable_if action=reinterpret pc=0x000001d246468744 method=org.springframework.beans.factory.support.DefaultSingletonBeanRegistry.getSingleton(Ljava/lang/String;Z)Ljava/lang/Object; @ 39 c2
Event: 11.516 Thread 0x000001d29bbebc50 DEOPT PACKING pc=0x000001d246468744 sp=0x00000096881fd3f0
Event: 11.516 Thread 0x000001d29bbebc50 DEOPT UNPACKING pc=0x000001d245d769a3 sp=0x00000096881fd388 mode 2
Event: 11.558 Thread 0x000001d29bbebc50 Uncommon trap: trap_request=0xffffffde fr.pc=0x000001d246353080 relative=0x0000000000000140
Event: 11.559 Thread 0x000001d29bbebc50 Uncommon trap: reason=class_check action=maybe_recompile pc=0x000001d246353080 method=org.springframework.boot.context.properties.source.ConfigurationPropertyName$Elements.charAt(II)C @ 43 c2
Event: 11.559 Thread 0x000001d29bbebc50 DEOPT PACKING pc=0x000001d246353080 sp=0x00000096881faeb0
Event: 11.559 Thread 0x000001d29bbebc50 DEOPT UNPACKING pc=0x000001d245d769a3 sp=0x00000096881fae28 mode 2
Event: 11.559 Thread 0x000001d29bbebc50 Uncommon trap: trap_request=0xffffffde fr.pc=0x000001d246353080 relative=0x0000000000000140
Event: 11.559 Thread 0x000001d29bbebc50 Uncommon trap: reason=class_check action=maybe_recompile pc=0x000001d246353080 method=org.springframework.boot.context.properties.source.ConfigurationPropertyName$Elements.charAt(II)C @ 43 c2
Event: 11.559 Thread 0x000001d29bbebc50 DEOPT PACKING pc=0x000001d246353080 sp=0x00000096881faeb0
Event: 11.559 Thread 0x000001d29bbebc50 DEOPT UNPACKING pc=0x000001d245d769a3 sp=0x00000096881fae28 mode 2

Classes unloaded (0 events):
No events

Classes redefined (0 events):
No events

Internal exceptions (20 events):
Event: 9.729 Thread 0x000001d29bbebc50 Exception <a 'java/lang/NoSuchMethodError'{0x0000000084a060c8}: 'int java.lang.invoke.DirectMethodHandle$Holder.invokeStatic(java.lang.Object, int, java.lang.Object)'> (0x0000000084a060c8) 
thrown [s\src\hotspot\share\interpreter\linkResolver.cpp, line 759]
Event: 9.735 Thread 0x000001d29bbebc50 Exception <a 'java/lang/NoSuchMethodError'{0x0000000084a281e8}: 'java.lang.Object java.lang.invoke.DirectMethodHandle$Holder.newInvokeSpecial(java.lang.Object, java.lang.Object, java.lang.Object, java.lang.Object, java.lang.Object, int, java.lang.Object)'> (0x0000000084a281e8) 
thrown [s\src\hotspot\share\interpreter\linkResolver.cpp, line 759]
Event: 9.745 Thread 0x000001d29bbebc50 Exception <a 'java/lang/NoSuchMethodError'{0x0000000084a622f8}: 'java.lang.Object java.lang.invoke.DirectMethodHandle$Holder.newInvokeSpecial(java.lang.Object, java.lang.Object, java.lang.Object, java.lang.Object, java.lang.Object, java.lang.Object, java.lang.Object, java.lang.Object, java.lang.Object, java.lang.Object, java.lang.Object, java.lang.Object)'> (0x0000000084a622f8) 
thrown [s\src\hotspot\share\interpreter\linkResolver.cpp, line 759]
Event: 9.745 Thread 0x000001d29bbebc50 Exception <a 'java/lang/NoSuchMethodError'{0x0000000084a66d90}: 'java.lang.Object java.lang.invoke.DirectMethodHandle$Holder.invokeSpecial(java.lang.Object, java.lang.Object, java.lang.Object, java.lang.Object, java.lang.Object, java.lang.Object, java.lang.Object, java.lang.Object, java.lang.Object, java.lang.Object, java.lang.Object, java.lang.Object, java.lang.Object)'> (0x0000000084a66d90) 
thrown [s\src\hotspot\share\interpreter\linkResolver.cpp, line 759]
Event: 9.746 Thread 0x000001d29bbebc50 Exception <a 'java/lang/NoSuchMethodError'{0x0000000084a6b4a8}: 'java.lang.Object java.lang.invoke.Invokers$Holder.linkToTargetMethod(java.lang.Object, java.lang.Object, java.lang.Object, java.lang.Object, java.lang.Object, java.lang.Object, java.lang.Object, java.lang.Object, java.lang.Object, java.lang.Object, java.lang.Object, java.lang.Object)'> (0x0000000084a6b4a8) 
thrown [s\src\hotspot\share\interpreter\linkResolver.cpp, line 759]
Event: 9.800 Thread 0x000001d29bbebc50 Exception <a 'java/lang/NoSuchMethodError'{0x000000008482bf48}: 'java.lang.Object java.lang.invoke.DirectMethodHandle$Holder.newInvokeSpecial(java.lang.Object, java.lang.Object, java.lang.Object, java.lang.Object, java.lang.Object, java.lang.Object)'> (0x000000008482bf48) 
thrown [s\src\hotspot\share\interpreter\linkResolver.cpp, line 759]
Event: 9.817 Thread 0x000001d29bbebc50 Exception <a 'java/lang/NoSuchMethodError'{0x00000000848a0f38}: 'java.lang.Object java.lang.invoke.DirectMethodHandle$Holder.newInvokeSpecial(java.lang.Object, java.lang.Object, java.lang.Object, java.lang.Object, java.lang.Object, java.lang.Object, java.lang.Object, int)'> (0x00000000848a0f38) 
thrown [s\src\hotspot\share\interpreter\linkResolver.cpp, line 759]
Event: 9.818 Thread 0x000001d29bbebc50 Exception <a 'java/lang/NoSuchMethodError'{0x00000000848a61d8}: 'java.lang.Object java.lang.invoke.DirectMethodHandle$Holder.invokeSpecial(java.lang.Object, java.lang.Object, java.lang.Object, java.lang.Object, java.lang.Object, java.lang.Object, java.lang.Object, java.lang.Object, int)'> (0x00000000848a61d8) 
thrown [s\src\hotspot\share\interpreter\linkResolver.cpp, line 759]
Event: 9.818 Thread 0x000001d29bbebc50 Exception <a 'java/lang/NoSuchMethodError'{0x00000000848aaca0}: 'java.lang.Object java.lang.invoke.Invokers$Holder.linkToTargetMethod(java.lang.Object, java.lang.Object, java.lang.Object, java.lang.Object, java.lang.Object, java.lang.Object, int, java.lang.Object)'> (0x00000000848aaca0) 
thrown [s\src\hotspot\share\interpreter\linkResolver.cpp, line 759]
Event: 9.849 Thread 0x000001d29bbebc50 Exception <a 'java/lang/NoSuchMethodError'{0x00000000847875e8}: 'void java.lang.invoke.DirectMethodHandle$Holder.invokeInterface(java.lang.Object, java.lang.Object)'> (0x00000000847875e8) 
thrown [s\src\hotspot\share\interpreter\linkResolver.cpp, line 759]
Event: 10.141 Thread 0x000001d29bbebc50 Exception <a 'java/lang/IncompatibleClassChangeError'{0x0000000085802620}: Found class java.lang.Object, but interface was expected> (0x0000000085802620) 
thrown [s\src\hotspot\share\interpreter\linkResolver.cpp, line 826]
Event: 10.186 Thread 0x000001d29bbebc50 Exception <a 'java/lang/IncompatibleClassChangeError'{0x00000000856a0c18}: Found class java.lang.Object, but interface was expected> (0x00000000856a0c18) 
thrown [s\src\hotspot\share\interpreter\linkResolver.cpp, line 826]
Event: 10.253 Thread 0x000001d29bbebc50 Exception <a 'java/lang/IncompatibleClassChangeError'{0x00000000854f1c90}: Found class java.lang.Object, but interface was expected> (0x00000000854f1c90) 
thrown [s\src\hotspot\share\interpreter\linkResolver.cpp, line 826]
Event: 10.535 Thread 0x000001d29bbebc50 Exception <a 'java/lang/IncompatibleClassChangeError'{0x0000000086fb1d38}: Found class java.lang.Object, but interface was expected> (0x0000000086fb1d38) 
thrown [s\src\hotspot\share\interpreter\linkResolver.cpp, line 826]
Event: 11.177 Thread 0x000001d29bbebc50 Exception <a 'sun/nio/fs/WindowsException'{0x00000000859c79d0}> (0x00000000859c79d0) 
thrown [s\src\hotspot\share\prims\jni.cpp, line 516]
Event: 11.324 Thread 0x000001d29bbebc50 Exception <a 'java/lang/IncompatibleClassChangeError'{0x00000000851de288}: Found class java.lang.Object, but interface was expected> (0x00000000851de288) 
thrown [s\src\hotspot\share\interpreter\linkResolver.cpp, line 826]
Event: 11.393 Thread 0x000001d29bbebc50 Exception <a 'java/lang/NoSuchMethodError'{0x0000000084ed5c40}: 'void java.lang.invoke.DirectMethodHandle$Holder.invokeVirtual(java.lang.Object, java.lang.Object, long)'> (0x0000000084ed5c40) 
thrown [s\src\hotspot\share\interpreter\linkResolver.cpp, line 759]
Event: 11.570 Thread 0x000001d29bbebc50 Exception <a 'java/lang/IncompatibleClassChangeError'{0x0000000087392808}: Found class java.lang.Object, but interface was expected> (0x0000000087392808) 
thrown [s\src\hotspot\share\interpreter\linkResolver.cpp, line 826]
Event: 11.612 Thread 0x000001d29bbebc50 Exception <a 'java/lang/NoSuchMethodError'{0x00000000870544e0}: 'java.lang.Object java.lang.invoke.DirectMethodHandle$Holder.newInvokeSpecial(java.lang.Object, java.lang.Object, java.lang.Object, java.lang.Object, java.lang.Object, java.lang.Object, java.lang.Object, java.lang.Object, java.lang.Object)'> (0x00000000870544e0) 
thrown [s\src\hotspot\share\interpreter\linkResolver.cpp, line 759]
Event: 11.613 Thread 0x000001d29bbebc50 Exception <a 'java/lang/NoSuchMethodError'{0x00000000870591d8}: 'java.lang.Object java.lang.invoke.Invokers$Holder.linkToTargetMethod(java.lang.Object, java.lang.Object, java.lang.Object, java.lang.Object, java.lang.Object, java.lang.Object, java.lang.Object, java.lang.Object, java.lang.Object)'> (0x00000000870591d8) 
thrown [s\src\hotspot\share\interpreter\linkResolver.cpp, line 759]

VM Operations (20 events):
Event: 11.034 Executing VM operation: G1CollectForAllocation
Event: 11.041 Executing VM operation: G1CollectForAllocation done
Event: 11.068 Executing VM operation: HandshakeAllThreads
Event: 11.068 Executing VM operation: HandshakeAllThreads done
Event: 11.069 Executing VM operation: HandshakeAllThreads
Event: 11.069 Executing VM operation: HandshakeAllThreads done
Event: 11.069 Executing VM operation: HandshakeAllThreads
Event: 11.069 Executing VM operation: HandshakeAllThreads done
Event: 11.091 Executing VM operation: HandshakeAllThreads
Event: 11.091 Executing VM operation: HandshakeAllThreads done
Event: 11.106 Executing VM operation: HandshakeAllThreads
Event: 11.106 Executing VM operation: HandshakeAllThreads done
Event: 11.430 Executing VM operation: HandshakeAllThreads
Event: 11.430 Executing VM operation: HandshakeAllThreads done
Event: 11.505 Executing VM operation: G1CollectForAllocation
Event: 11.509 Executing VM operation: G1CollectForAllocation done
Event: 11.552 Executing VM operation: G1PauseRemark
Event: 11.555 Executing VM operation: G1PauseRemark done
Event: 11.572 Executing VM operation: G1PauseCleanup
Event: 11.572 Executing VM operation: G1PauseCleanup done

Events (20 events):
Event: 11.116 Thread 0x000001d2558388e0 flushing nmethod 0x000001d23f1c4010
Event: 11.116 Thread 0x000001d2558388e0 flushing nmethod 0x000001d23f1c5710
Event: 11.116 Thread 0x000001d2558388e0 flushing nmethod 0x000001d23f1c6190
Event: 11.116 Thread 0x000001d2558388e0 flushing nmethod 0x000001d23f1c7a10
Event: 11.116 Thread 0x000001d2558388e0 flushing nmethod 0x000001d23f1c7e10
Event: 11.116 Thread 0x000001d2558388e0 flushing nmethod 0x000001d23f213910
Event: 11.116 Thread 0x000001d2558388e0 flushing nmethod 0x000001d23f216b10
Event: 11.116 Thread 0x000001d2558388e0 flushing nmethod 0x000001d23f231110
Event: 11.217 loading class java/util/EnumMap$EntrySet
Event: 11.221 loading class java/util/EnumMap$EntrySet done
Event: 11.221 loading class java/util/EnumMap$EntryIterator
Event: 11.222 loading class java/util/EnumMap$EnumMapIterator
Event: 11.222 loading class java/util/EnumMap$EnumMapIterator done
Event: 11.222 loading class java/util/EnumMap$EntryIterator done
Event: 11.705 loading class java/util/Collections$UnmodifiableMap$UnmodifiableEntrySet$UnmodifiableEntrySetSpliterator
Event: 11.705 loading class java/util/Collections$UnmodifiableMap$UnmodifiableEntrySet$UnmodifiableEntrySetSpliterator done
Event: 11.706 loading class java/util/EnumMap$EntryIterator$Entry
Event: 11.706 loading class java/util/EnumMap$EntryIterator$Entry done
Event: 11.712 loading class sun/reflect/annotation/AnnotationSupport
Event: 11.713 loading class sun/reflect/annotation/AnnotationSupport done


Dynamic libraries:
0x00007ff7f9640000 - 0x00007ff7f964e000 	C:\Program Files\Java\zulu17.44.15-ca-jdk17.0.8-win_x64\bin\java.exe
0x00007ffcd3690000 - 0x00007ffcd3888000 	C:\Windows\SYSTEM32\ntdll.dll
0x00007ffcd3020000 - 0x00007ffcd30dd000 	C:\Windows\System32\KERNEL32.DLL
0x00007ffcd0ea0000 - 0x00007ffcd1196000 	C:\Windows\System32\KERNELBASE.dll
0x00007ffcd11a0000 - 0x00007ffcd12a0000 	C:\Windows\System32\ucrtbase.dll
0x00007ffccdb90000 - 0x00007ffccdbab000 	C:\Program Files\Java\zulu17.44.15-ca-jdk17.0.8-win_x64\bin\VCRUNTIME140.dll
0x00007ffccba30000 - 0x00007ffccba49000 	C:\Program Files\Java\zulu17.44.15-ca-jdk17.0.8-win_x64\bin\jli.dll
0x00007ffcd1db0000 - 0x00007ffcd1f4e000 	C:\Windows\System32\USER32.dll
0x00007ffcd1340000 - 0x00007ffcd1362000 	C:\Windows\System32\win32u.dll
0x00007ffcd0120000 - 0x00007ffcd03ba000 	C:\Windows\WinSxS\amd64_microsoft.windows.common-controls_6595b64144ccf1df_6.0.19041.3636_none_60b6a03d71f818d5\COMCTL32.dll
0x00007ffcd1cc0000 - 0x00007ffcd1ceb000 	C:\Windows\System32\GDI32.dll
0x00007ffcd3200000 - 0x00007ffcd329e000 	C:\Windows\System32\msvcrt.dll
0x00007ffcd0d80000 - 0x00007ffcd0e97000 	C:\Windows\System32\gdi32full.dll
0x00007ffcd12a0000 - 0x00007ffcd133d000 	C:\Windows\System32\msvcp_win.dll
0x00007ffcd3610000 - 0x00007ffcd3642000 	C:\Windows\System32\IMM32.DLL
0x00007ffccdf20000 - 0x00007ffccdf2c000 	C:\Program Files\Java\zulu17.44.15-ca-jdk17.0.8-win_x64\bin\vcruntime140_1.dll
0x00007ffcb61b0000 - 0x00007ffcb623d000 	C:\Program Files\Java\zulu17.44.15-ca-jdk17.0.8-win_x64\bin\msvcp140.dll
0x00007ffc90610000 - 0x00007ffc91278000 	C:\Program Files\Java\zulu17.44.15-ca-jdk17.0.8-win_x64\bin\server\jvm.dll
0x00007ffcd3140000 - 0x00007ffcd31f3000 	C:\Windows\System32\ADVAPI32.dll
0x00007ffcd25f0000 - 0x00007ffcd268f000 	C:\Windows\System32\sechost.dll
0x00007ffcd2090000 - 0x00007ffcd21b6000 	C:\Windows\System32\RPCRT4.dll
0x00007ffcd0d50000 - 0x00007ffcd0d77000 	C:\Windows\System32\bcrypt.dll
0x00007ffcd07a0000 - 0x00007ffcd07eb000 	C:\Windows\SYSTEM32\POWRPROF.dll
0x00007ffcbd5a0000 - 0x00007ffcbd5a9000 	C:\Windows\SYSTEM32\WSOCK32.dll
0x00007ffcd2360000 - 0x00007ffcd23cb000 	C:\Windows\System32\WS2_32.dll
0x00007ffcc2ed0000 - 0x00007ffcc2ef7000 	C:\Windows\SYSTEM32\WINMM.dll
0x00007ffcc92f0000 - 0x00007ffcc92fa000 	C:\Windows\SYSTEM32\VERSION.dll
0x00007ffcd03c0000 - 0x00007ffcd03d2000 	C:\Windows\SYSTEM32\UMPDC.dll
0x00007ffcce770000 - 0x00007ffcce782000 	C:\Windows\SYSTEM32\kernel.appcore.dll
0x00007ffccdb00000 - 0x00007ffccdb0a000 	C:\Program Files\Java\zulu17.44.15-ca-jdk17.0.8-win_x64\bin\jimage.dll
0x00007ffcd05b0000 - 0x00007ffcd0794000 	C:\Windows\SYSTEM32\DBGHELP.DLL
0x00007ffcd04f0000 - 0x00007ffcd0524000 	C:\Windows\SYSTEM32\dbgcore.DLL
0x00007ffcd1640000 - 0x00007ffcd16c2000 	C:\Windows\System32\bcryptPrimitives.dll
0x00007ffcc97c0000 - 0x00007ffcc97e5000 	C:\Program Files\Java\zulu17.44.15-ca-jdk17.0.8-win_x64\bin\java.dll
0x00007ffcb0680000 - 0x00007ffcb0757000 	C:\Program Files\Java\zulu17.44.15-ca-jdk17.0.8-win_x64\bin\jsvml.dll
0x00007ffcd28d0000 - 0x00007ffcd3015000 	C:\Windows\System32\SHELL32.dll
0x00007ffcce790000 - 0x00007ffccef2c000 	C:\Windows\SYSTEM32\windows.storage.dll
0x00007ffcd32a0000 - 0x00007ffcd35f4000 	C:\Windows\System32\combase.dll
0x00007ffcd0080000 - 0x00007ffcd00ae000 	C:\Windows\SYSTEM32\Wldp.dll
0x00007ffcd1780000 - 0x00007ffcd184d000 	C:\Windows\System32\OLEAUT32.dll
0x00007ffcd2460000 - 0x00007ffcd250d000 	C:\Windows\System32\SHCORE.dll
0x00007ffcd1d50000 - 0x00007ffcd1da5000 	C:\Windows\System32\shlwapi.dll
0x00007ffcd0c80000 - 0x00007ffcd0ca5000 	C:\Windows\SYSTEM32\profapi.dll
0x00007ffccabe0000 - 0x00007ffccabf9000 	C:\Program Files\Java\zulu17.44.15-ca-jdk17.0.8-win_x64\bin\net.dll
0x00007ffcc8f20000 - 0x00007ffcc902a000 	C:\Windows\SYSTEM32\WINHTTP.dll
0x00007ffccff50000 - 0x00007ffccffba000 	C:\Windows\system32\mswsock.dll
0x00007ffcc9780000 - 0x00007ffcc9796000 	C:\Program Files\Java\zulu17.44.15-ca-jdk17.0.8-win_x64\bin\nio.dll
0x00007ffcc64f0000 - 0x00007ffcc6508000 	C:\Program Files\Java\zulu17.44.15-ca-jdk17.0.8-win_x64\bin\zip.dll
0x00007ffcc67b0000 - 0x00007ffcc67b9000 	C:\Program Files\Java\zulu17.44.15-ca-jdk17.0.8-win_x64\bin\management.dll
0x00007ffcc64e0000 - 0x00007ffcc64eb000 	C:\Program Files\Java\zulu17.44.15-ca-jdk17.0.8-win_x64\bin\management_ext.dll
0x00007ffcd2080000 - 0x00007ffcd2088000 	C:\Windows\System32\PSAPI.DLL
0x00007ffcb01f0000 - 0x00007ffcb0207000 	C:\Windows\system32\napinsp.dll
0x00007ffcb01d0000 - 0x00007ffcb01eb000 	C:\Windows\system32\pnrpnsp.dll
0x00007ffcb01b0000 - 0x00007ffcb01c5000 	C:\Windows\system32\wshbth.dll
0x00007ffccb7b0000 - 0x00007ffccb7cd000 	C:\Windows\system32\NLAapi.dll
0x00007ffccfad0000 - 0x00007ffccfb0b000 	C:\Windows\SYSTEM32\IPHLPAPI.DLL
0x00007ffccfb10000 - 0x00007ffccfbdb000 	C:\Windows\SYSTEM32\DNSAPI.dll
0x00007ffcd3600000 - 0x00007ffcd3608000 	C:\Windows\System32\NSI.dll
0x00007ffcb0190000 - 0x00007ffcb01a2000 	C:\Windows\System32\winrnr.dll
0x00007ffcc8ad0000 - 0x00007ffcc8ada000 	C:\Windows\System32\rasadhlp.dll
0x00007ffcc6870000 - 0x00007ffcc68f0000 	C:\Windows\System32\fwpuclnt.dll
0x00007ffcd0ac0000 - 0x00007ffcd0ad8000 	C:\Windows\SYSTEM32\CRYPTSP.dll
0x00007ffccf770000 - 0x00007ffccf7a4000 	C:\Windows\system32\rsaenh.dll
0x00007ffcd0c00000 - 0x00007ffcd0c2e000 	C:\Windows\SYSTEM32\USERENV.dll
0x00007ffcd0040000 - 0x00007ffcd004c000 	C:\Windows\SYSTEM32\CRYPTBASE.dll
0x00007ffcc9830000 - 0x00007ffcc9847000 	C:\Windows\SYSTEM32\dhcpcsvc6.DLL
0x00007ffcc9810000 - 0x00007ffcc982d000 	C:\Windows\SYSTEM32\dhcpcsvc.DLL
0x00007ffcc64c0000 - 0x00007ffcc64ce000 	C:\Program Files\Java\zulu17.44.15-ca-jdk17.0.8-win_x64\bin\sunmscapi.dll
0x00007ffcd1370000 - 0x00007ffcd14cd000 	C:\Windows\System32\CRYPT32.dll
0x00007ffcd00f0000 - 0x00007ffcd0118000 	C:\Windows\SYSTEM32\ncrypt.dll
0x00007ffcd00b0000 - 0x00007ffcd00eb000 	C:\Windows\SYSTEM32\NTASN1.dll
0x00007ffccaf40000 - 0x00007ffccaf50000 	C:\Program Files\Java\zulu17.44.15-ca-jdk17.0.8-win_x64\bin\verify.dll

dbghelp: loaded successfully - version: 4.0.5 - missing functions: none
symbol engine: initialized successfully - sym options: 0x614 - pdb path: .;C:\Program Files\Java\zulu17.44.15-ca-jdk17.0.8-win_x64\bin;C:\Windows\SYSTEM32;C:\Windows\WinSxS\amd64_microsoft.windows.common-controls_6595b64144ccf1df_6.0.19041.3636_none_60b6a03d71f818d5;C:\Program Files\Java\zulu17.44.15-ca-jdk17.0.8-win_x64\bin\server

VM Arguments:
jvm_args: -Dcom.sun.management.jmxremote -Dcom.sun.management.jmxremote.port=49487 -Dcom.sun.management.jmxremote.authenticate=false -Dcom.sun.management.jmxremote.ssl=false -Dspring.jmx.enabled=true -Djava.rmi.server.hostname=localhost -Dspring.application.admin.enabled=true -Dspring.boot.project.name=crud-srping -XX:+ShowCodeDetailsInExceptionMessages -Dmanagement.endpoints.jmx.exposure.include=* 
java_command: com.gabriel.crudsrping.CrudSrpingApplication
java_class_path (initial): E:\Gabriel Xavier\Estudos\crud-srping\target\classes;C:\Users\Gabriel Xavier\.m2\repository\org\springframework\boot\spring-boot-starter-actuator\3.2.3\spring-boot-starter-actuator-3.2.3.jar;C:\Users\Gabriel Xavier\.m2\repository\org\springframework\boot\spring-boot-starter\3.2.3\spring-boot-starter-3.2.3.jar;C:\Users\Gabriel Xavier\.m2\repository\org\springframework\boot\spring-boot-starter-logging\3.2.3\spring-boot-starter-logging-3.2.3.jar;C:\Users\Gabriel Xavier\.m2\repository\ch\qos\logback\logback-classic\1.4.14\logback-classic-1.4.14.jar;C:\Users\Gabriel Xavier\.m2\repository\ch\qos\logback\logback-core\1.4.14\logback-core-1.4.14.jar;C:\Users\Gabriel Xavier\.m2\repository\org\apache\logging\log4j\log4j-to-slf4j\2.21.1\log4j-to-slf4j-2.21.1.jar;C:\Users\Gabriel Xavier\.m2\repository\org\apache\logging\log4j\log4j-api\2.21.1\log4j-api-2.21.1.jar;C:\Users\Gabriel Xavier\.m2\repository\org\slf4j\jul-to-slf4j\2.0.12\jul-to-slf4j-2.0.12.jar;C:\Users\Gabriel Xavier\.m2\repository\jakarta\annotation\jakarta.annotation-api\2.1.1\jakarta.annotation-api-2.1.1.jar;C:\Users\Gabriel Xavier\.m2\repository\org\yaml\snakeyaml\2.2\snakeyaml-2.2.jar;C:\Users\Gabriel Xavier\.m2\repository\org\springframework\boot\spring-boot-actuator-autoconfigure\3.2.3\spring-boot-actuator-autoconfigure-3.2.3.jar;C:\Users\Gabriel Xavier\.m2\repository\org\springframework\boot\spring-boot-actuator\3.2.3\spring-boot-actuator-3.2.3.jar;C:\Users\Gabriel Xavier\.m2\repository\com\fasterxml\jackson\core\jackson-databind\2.15.4\jackson-databind-2.15.4.jar;C:\Users\Gabriel Xavier\.m2\repository\com\fasterxml\jackson\core\jackson-annotations\2.15.4\jackson-annotations-2.15.4.jar;C:\Users\Gabriel Xavier\.m2\repository\com\fasterxml\jackson\core\jackson-core\2.15.4\jackson-core-2.15.4.jar;C:\Users\Gabriel Xavier\.m2\repository\com\fasterxml\jackson\datatype\jackson-datatype-jsr310\2.15.4\jackson-datatype-jsr310-2.15.4.jar;C:\Users\Gabriel Xavier\.m2\repository\io\micrometer\mi
Launcher Type: SUN_STANDARD

[Global flags]
     intx CICompilerCount                          = 4                                         {product} {ergonomic}
     uint ConcGCThreads                            = 2                                         {product} {ergonomic}
     uint G1ConcRefinementThreads                  = 8                                         {product} {ergonomic}
   size_t G1HeapRegionSize                         = 1048576                                   {product} {ergonomic}
    uintx GCDrainStackTargetSize                   = 64                                        {product} {ergonomic}
   size_t InitialHeapSize                          = 132120576                                 {product} {ergonomic}
     bool ManagementServer                         = true                                      {product} {command line}
   size_t MarkStackSize                            = 4194304                                   {product} {ergonomic}
   size_t MaxHeapSize                              = 2113929216                                {product} {ergonomic}
   size_t MaxNewSize                               = 1267728384                                {product} {ergonomic}
   size_t MinHeapDeltaBytes                        = 1048576                                   {product} {ergonomic}
   size_t MinHeapSize                              = 8388608                                   {product} {ergonomic}
    uintx NonNMethodCodeHeapSize                   = 5839372                                {pd product} {ergonomic}
    uintx NonProfiledCodeHeapSize                  = 122909434                              {pd product} {ergonomic}
    uintx ProfiledCodeHeapSize                     = 122909434                              {pd product} {ergonomic}
    uintx ReservedCodeCacheSize                    = 251658240                              {pd product} {ergonomic}
     bool SegmentedCodeCache                       = true                                      {product} {ergonomic}
     bool ShowCodeDetailsInExceptionMessages       = true                                   {manageable} {command line}
   size_t SoftMaxHeapSize                          = 2113929216                             {manageable} {ergonomic}
     bool UseCompressedClassPointers               = true                           {product lp64_product} {ergonomic}
     bool UseCompressedOops                        = true                           {product lp64_product} {ergonomic}
     bool UseG1GC                                  = true                                      {product} {ergonomic}
     bool UseLargePagesIndividualAllocation        = false                                  {pd product} {ergonomic}

Logging:
Log output configuration:
 #0: stdout all=warning uptime,level,tags
 #1: stderr all=off uptime,level,tags

Environment Variables:
JAVA_HOME=C:\Program Files\Java\zulu17.44.15-ca-jdk17.0.8-win_x64
PATH=C:\Program Files\Eclipse Adoptium\jdk-17.0.8.101-hotspot\bin;C:\Program Files\Java\zulu17.44.15-ca-jdk17.0.8-win_x64\bin;C:\Python311\Scripts\;C:\Python311\;C:\Program Files (x86)\Common Files\Oracle\Java\javapath;C:\Windows\system32;C:\Windows;C:\Windows\System32\Wbem;C:\Windows\System32\WindowsPowerShell\v1.0\;C:\Windows\System32\OpenSSH\;C:\Program Files\Microsoft SQL Server\Client SDK\ODBC\170\Tools\Binn\;E:\Program Files (x86)\Microsoft SQL Server\150\Tools\Binn\;C:\Program Files\Microsoft SQL Server\150\Tools\Binn\;C:\Program Files\Microsoft SQL Server\150\DTS\Binn\;E:\Program Files (x86)\Microsoft SQL Server\150\DTS\Binn\;C:\Program Files\Azure Data Studio\bin;C:\ProgramData\chocolatey\bin;C:\Program Files (x86)\Yarn\bin\;E:\Program Files\Git\cmd;E:\nodejs\;E:\Ruby32-x64\bin;C:\Ruby32-x64\bin;C:\Program Files\MySQL\MySQL Shell 8.0\bin\;C:\Users\Gabriel Xavier\AppData\Local\Microsoft\WindowsApps;E:\Microsoft VS Code\bin;C:\Program Files\Azure Data Studio\bin;C:\Users\Gabriel Xavier\AppData\Local\Yarn\bin;C:\Users\Gabriel Xavier\AppData\Roaming\npm;C:\Users\Gabriel Xavier\Downloads\apache-maven-3.9.6\bin
USERNAME=Gabriel Xavier
LANG=en_US.UTF-8
OS=Windows_NT
PROCESSOR_IDENTIFIER=Intel64 Family 6 Model 142 Stepping 10, GenuineIntel
TMP=C:\Users\GABRIE~1\AppData\Local\Temp
TEMP=C:\Users\GABRIE~1\AppData\Local\Temp



---------------  S Y S T E M  ---------------

OS:
 Windows 10 , 64 bit Build 19041 (10.0.19041.3636)
OS uptime: 14 days 1:43 hours

CPU: total 8 (initial active 8) (4 cores per cpu, 2 threads per core) family 6 model 142 stepping 10 microcode 0xd6, cx8, cmov, fxsr, ht, mmx, 3dnowpref, sse, sse2, sse3, ssse3, sse4.1, sse4.2, popcnt, lzcnt, tsc, tscinvbit, avx, avx2, aes, erms, clmul, bmi1, bmi2, adx, fma, vzeroupper, clflush, clflushopt
Processor Information for all 8 processors :
  Max Mhz: 1992, Current Mhz: 1792, Mhz Limit: 1792

Memory: 4k page, system-wide physical 8056M (301M free)
TotalPageFile size 22286M (AvailPageFile size 78M)
current process WorkingSet (physical memory assigned to process): 234M, peak: 242M
current process commit charge ("private bytes"): 275M, peak: 279M

vm_info: OpenJDK 64-Bit Server VM (17.0.8+7-LTS) for windows-amd64 JRE (17.0.8+7-LTS) (Zulu17.44+15-CA), built on Jul  5 2023 07:56:11 by "zulu_re" with MS VC++ 16.10 / 16.11 (VS2019)

END.
