#
# There is insufficient memory for the Java Runtime Environment to continue.
# Native memory allocation (malloc) failed to allocate 1136896 bytes for Chunk::new
# Possible reasons:
#   The system is out of physical RAM or swap space
#   The process is running with CompressedOops enabled, and the Java Heap may be blocking the growth of the native heap
# Possible solutions:
#   Reduce memory load on the system
#   Increase physical memory or swap space
#   Check if swap backing store is full
#   Decrease Java heap size (-Xmx/-Xms)
#   Decrease number of Java threads
#   Decrease Java thread stack sizes (-Xss)
#   Set larger code cache with -XX:ReservedCodeCacheSize=
#   JVM is running with Unscaled Compressed Oops mode in which the Java heap is
#     placed in the first 4GB address space. The Java Heap base address is the
#     maximum limit for the native heap growth. Please use -XX:HeapBaseMinAddress
#     to set the Java Heap base and to place the Java Heap above 4GB virtual address.
# This output file may be truncated or incomplete.
#
#  Out of Memory Error (arena.cpp:189), pid=27076, tid=13644
#
# JRE version: OpenJDK Runtime Environment Zulu17.44+15-CA (17.0.8+7) (build 17.0.8+7-LTS)
# Java VM: OpenJDK 64-Bit Server VM Zulu17.44+15-CA (17.0.8+7-LTS, mixed mode, sharing, tiered, compressed oops, compressed class ptrs, g1 gc, windows-amd64)
# No core dump will be written. Minidumps are not enabled by default on client versions of Windows
#

---------------  S U M M A R Y ------------

Command Line: -Dcom.sun.management.jmxremote -Dcom.sun.management.jmxremote.port=49487 -Dcom.sun.management.jmxremote.authenticate=false -Dcom.sun.management.jmxremote.ssl=false -Dspring.jmx.enabled=true -Djava.rmi.server.hostname=localhost -Dspring.application.admin.enabled=true -Dspring.boot.project.name=crud-srping -XX:+ShowCodeDetailsInExceptionMessages -Dmanagement.endpoints.jmx.exposure.include=* com.gabriel.crudsrping.CrudSrpingApplication

Host: Intel(R) Core(TM) i7-8550U CPU @ 1.80GHz, 8 cores, 7G,  Windows 10 , 64 bit Build 19041 (10.0.19041.3636)
Time: Sat Mar  9 13:41:21 2024 Hora oficial do Brasil elapsed time: 13.749699 seconds (0d 0h 0m 13s)

---------------  T H R E A D  ---------------

Current thread (0x000001f1f4ec4a30):  JavaThread "C2 CompilerThread0" daemon [_thread_in_native, id=13644, stack(0x0000001529d00000,0x0000001529e00000)]


Current CompileTask:
C2:  13749 5584   !   4       org.springframework.core.annotation.AnnotationsScanner::processMethodHierarchy (276 bytes)

Stack: [0x0000001529d00000,0x0000001529e00000]
Native frames: (J=compiled Java code, j=interpreted, Vv=VM code, C=native code)
V  [jvm.dll+0x67e01a]
V  [jvm.dll+0x83be54]
V  [jvm.dll+0x83d5fe]
V  [jvm.dll+0x83dc63]
V  [jvm.dll+0x24b18f]
V  [jvm.dll+0xac3ac]
V  [jvm.dll+0xac97c]
V  [jvm.dll+0x2b25cf]
V  [jvm.dll+0x586797]
V  [jvm.dll+0x222ad2]
V  [jvm.dll+0x21bc52]
V  [jvm.dll+0x21945b]
V  [jvm.dll+0x1a576d]
V  [jvm.dll+0x229259]
V  [jvm.dll+0x22729c]
V  [jvm.dll+0x7f1b4c]
V  [jvm.dll+0x7ebf6a]
V  [jvm.dll+0x67ce65]
C  [ucrtbase.dll+0x21bb2]
C  [KERNEL32.DLL+0x17344]
C  [ntdll.dll+0x526b1]


---------------  P R O C E S S  ---------------

Threads class SMR info:
_java_thread_list=0x000001f1fab24640, length=27, elements={
0x000001f1d6b06ac0, 0x000001f1f4ea5bd0, 0x000001f1f4ea6a50, 0x000001f1f4ebe680,
0x000001f1f4ec0160, 0x000001f1f4ec2b30, 0x000001f1f4ec3c90, 0x000001f1f4ec4a30,
0x000001f1f4ec7430, 0x000001f1f4ed0290, 0x000001f1f4e8c9c0, 0x000001f1f92409d0,
0x000001f1f9517620, 0x000001f1f97510f0, 0x000001f1f9886a30, 0x000001f1f98ebdf0,
0x000001f1f98dd110, 0x000001f1f9a680c0, 0x000001f1fa494d10, 0x000001f1fa495730,
0x000001f1fa495c40, 0x000001f1fa494800, 0x000001f1fa4929a0, 0x000001f1fa4933c0,
0x000001f1fa4938d0, 0x000001f1fa493de0, 0x000001f1fbe6c6a0
}

Java Threads: ( => current thread )
  0x000001f1d6b06ac0 JavaThread "main" [_thread_blocked, id=19760, stack(0x0000001529000000,0x0000001529100000)]
  0x000001f1f4ea5bd0 JavaThread "Reference Handler" daemon [_thread_blocked, id=27428, stack(0x0000001529700000,0x0000001529800000)]
  0x000001f1f4ea6a50 JavaThread "Finalizer" daemon [_thread_blocked, id=28572, stack(0x0000001529800000,0x0000001529900000)]
  0x000001f1f4ebe680 JavaThread "Signal Dispatcher" daemon [_thread_blocked, id=11012, stack(0x0000001529900000,0x0000001529a00000)]
  0x000001f1f4ec0160 JavaThread "Attach Listener" daemon [_thread_blocked, id=28956, stack(0x0000001529a00000,0x0000001529b00000)]
  0x000001f1f4ec2b30 JavaThread "Service Thread" daemon [_thread_blocked, id=11060, stack(0x0000001529b00000,0x0000001529c00000)]
  0x000001f1f4ec3c90 JavaThread "Monitor Deflation Thread" daemon [_thread_blocked, id=32312, stack(0x0000001529c00000,0x0000001529d00000)]
=>0x000001f1f4ec4a30 JavaThread "C2 CompilerThread0" daemon [_thread_in_native, id=13644, stack(0x0000001529d00000,0x0000001529e00000)]
  0x000001f1f4ec7430 JavaThread "C1 CompilerThread0" daemon [_thread_blocked, id=20656, stack(0x0000001529e00000,0x0000001529f00000)]
  0x000001f1f4ed0290 JavaThread "Sweeper thread" daemon [_thread_blocked, id=4596, stack(0x0000001529f00000,0x000000152a000000)]
  0x000001f1f4e8c9c0 JavaThread "Common-Cleaner" daemon [_thread_blocked, id=5756, stack(0x000000152a000000,0x000000152a100000)]
  0x000001f1f92409d0 JavaThread "Notification Thread" daemon [_thread_blocked, id=11404, stack(0x000000152a100000,0x000000152a200000)]
  0x000001f1f9517620 JavaThread "RMI TCP Accept-0" daemon [_thread_in_native, id=20596, stack(0x000000152a300000,0x000000152a400000)]
  0x000001f1f97510f0 JavaThread "RMI TCP Accept-0" daemon [_thread_in_native, id=26804, stack(0x000000152a400000,0x000000152a500000)]
  0x000001f1f9886a30 JavaThread "RMI TCP Accept-49487" daemon [_thread_in_native, id=25132, stack(0x000000152a500000,0x000000152a600000)]
  0x000001f1f98ebdf0 JavaThread "RMI TCP Connection(1)-127.0.0.1" daemon [_thread_in_native, id=19352, stack(0x000000152a700000,0x000000152a800000)]
  0x000001f1f98dd110 JavaThread "RMI Scheduler(0)" daemon [_thread_blocked, id=32328, stack(0x000000152a800000,0x000000152a900000)]
  0x000001f1f9a680c0 JavaThread "JMX server connection timeout 21" daemon [_thread_blocked, id=25052, stack(0x000000152a900000,0x000000152aa00000)]
  0x000001f1fa494d10 JavaThread "Thread-0" [_thread_blocked, id=14332, stack(0x000000152b300000,0x000000152b400000)]
  0x000001f1fa495730 JavaThread "restartedMain" [_thread_in_Java, id=20112, stack(0x000000152b400000,0x000000152b500000)]
  0x000001f1fa495c40 JavaThread "Catalina-utility-1" [_thread_blocked, id=31796, stack(0x000000152b600000,0x000000152b700000)]
  0x000001f1fa494800 JavaThread "Catalina-utility-2" [_thread_blocked, id=15404, stack(0x000000152b700000,0x000000152b800000)]
  0x000001f1fa4929a0 JavaThread "container-0" [_thread_blocked, id=33440, stack(0x000000152b800000,0x000000152b900000)]
  0x000001f1fa4933c0 JavaThread "PostgreSQL-JDBC-Cleaner" daemon [_thread_blocked, id=29588, stack(0x000000152ba00000,0x000000152bb00000)]
  0x000001f1fa4938d0 JavaThread "HikariPool-1 housekeeper" daemon [_thread_blocked, id=24676, stack(0x000000152bb00000,0x000000152bc00000)]
  0x000001f1fa493de0 JavaThread "HikariPool-1 connection adder" daemon [_thread_blocked, id=9672, stack(0x000000152bc00000,0x000000152bd00000)]
  0x000001f1fbe6c6a0 JavaThread "C2 CompilerThread1" daemon [_thread_in_native, id=22836, stack(0x000000152a200000,0x000000152a300000)]

Other Threads:
  0x000001f1f4e9d730 VMThread "VM Thread" [stack: 0x0000001529600000,0x0000001529700000] [id=21112]
  0x000001f1f98a8370 WatcherThread [stack: 0x000000152a600000,0x000000152a700000] [id=1072]
  0x000001f1d6b68f20 GCTaskThread "GC Thread#0" [stack: 0x0000001529100000,0x0000001529200000] [id=14756]
  0x000001f1fa842b40 GCTaskThread "GC Thread#1" [stack: 0x000000152aa00000,0x000000152ab00000] [id=34280]
  0x000001f1f9acf680 GCTaskThread "GC Thread#2" [stack: 0x000000152ab00000,0x000000152ac00000] [id=3060]
  0x000001f1fa83ef40 GCTaskThread "GC Thread#3" [stack: 0x000000152ac00000,0x000000152ad00000] [id=6092]
  0x000001f1fa83f200 GCTaskThread "GC Thread#4" [stack: 0x000000152ad00000,0x000000152ae00000] [id=8188]
  0x000001f1fa4baff0 GCTaskThread "GC Thread#5" [stack: 0x000000152ae00000,0x000000152af00000] [id=4324]
  0x000001f1fa4bb2b0 GCTaskThread "GC Thread#6" [stack: 0x000000152af00000,0x000000152b000000] [id=22200]
  0x000001f1fa4bb570 GCTaskThread "GC Thread#7" [stack: 0x000000152b000000,0x000000152b100000] [id=36264]
  0x000001f1d6b7a280 ConcurrentGCThread "G1 Main Marker" [stack: 0x0000001529200000,0x0000001529300000] [id=25660]
  0x000001f1d6b7bcb0 ConcurrentGCThread "G1 Conc#0" [stack: 0x0000001529300000,0x0000001529400000] [id=34388]
  0x000001f1fb35fe00 ConcurrentGCThread "G1 Conc#1" [stack: 0x000000152b500000,0x000000152b600000] [id=10892]
  0x000001f1d6bbe3e0 ConcurrentGCThread "G1 Refine#0" [stack: 0x0000001529400000,0x0000001529500000] [id=32540]
  0x000001f1fa49b2c0 ConcurrentGCThread "G1 Refine#1" [stack: 0x000000152b100000,0x000000152b200000] [id=12600]
  0x000001f1fa5a0fb0 ConcurrentGCThread "G1 Refine#2" [stack: 0x000000152b200000,0x000000152b300000] [id=16856]
  0x000001f1f4d560e0 ConcurrentGCThread "G1 Service" [stack: 0x0000001529500000,0x0000001529600000] [id=29052]

Threads with active compile tasks:
C2 CompilerThread0    13969 5584   !   4       org.springframework.core.annotation.AnnotationsScanner::processMethodHierarchy (276 bytes)
C2 CompilerThread1    13969 5882       4       org.springframework.core.annotation.TypeMappedAnnotations$MergedAnnotationFinder::doWithAnnotations (75 bytes)

VM state: not at safepoint (normal execution)

VM Mutex/Monitor currently owned by a thread: None

Heap address: 0x0000000082000000, size: 2016 MB, Compressed Oops mode: 32-bit

CDS archive(s) mapped at: [0x000001f180000000-0x000001f180c00000-0x000001f180c00000), size 12582912, SharedBaseAddress: 0x000001f180000000, ArchiveRelocationMode: 1.
Compressed class space mapped at: 0x000001f181000000-0x000001f1c1000000, reserved size: 1073741824
Narrow klass base: 0x000001f180000000, Narrow klass shift: 0, Narrow klass range: 0x100000000

GC Precious Log:
 CPUs: 8 total, 8 available
 Memory: 8056M
 Large Page Support: Disabled
 NUMA Support: Disabled
 Compressed Oops: Enabled (32-bit)
 Heap Region Size: 1M
 Heap Min Capacity: 8M
 Heap Initial Capacity: 126M
 Heap Max Capacity: 2016M
 Pre-touch: Disabled
 Parallel Workers: 8
 Concurrent Workers: 2
 Concurrent Refinement Workers: 8
 Periodic GC: Disabled

Heap:
 garbage-first heap   total 58368K, used 34676K [0x0000000082000000, 0x0000000100000000)
  region size 1024K, 6 young (6144K), 2 survivors (2048K)
 Metaspace       used 63774K, committed 64320K, reserved 1114112K
  class space    used 8646K, committed 8896K, reserved 1048576K

Heap Regions: E=young(eden), S=young(survivor), O=old, HS=humongous(starts), HC=humongous(continues), CS=collection set, F=free, OA=open archive, CA=closed archive, TAMS=top-at-mark-start (previous, next)
|   0|0x0000000082000000, 0x0000000082100000, 0x0000000082100000|100%|HS|  |TAMS 0x0000000082100000, 0x0000000082000000| Complete 
|   1|0x0000000082100000, 0x0000000082200000, 0x0000000082200000|100%| O|  |TAMS 0x0000000082200000, 0x0000000082100000| Untracked 
|   2|0x0000000082200000, 0x0000000082300000, 0x0000000082300000|100%| O|  |TAMS 0x0000000082300000, 0x0000000082200000| Untracked 
|   3|0x0000000082300000, 0x0000000082400000, 0x0000000082400000|100%| O|  |TAMS 0x0000000082400000, 0x0000000082300000| Untracked 
|   4|0x0000000082400000, 0x0000000082500000, 0x0000000082500000|100%| O|  |TAMS 0x0000000082500000, 0x0000000082400000| Untracked 
|   5|0x0000000082500000, 0x0000000082600000, 0x0000000082600000|100%| O|  |TAMS 0x0000000082600000, 0x0000000082500000| Untracked 
|   6|0x0000000082600000, 0x0000000082700000, 0x0000000082700000|100%| O|  |TAMS 0x0000000082700000, 0x0000000082600000| Untracked 
|   7|0x0000000082700000, 0x0000000082800000, 0x0000000082800000|100%| O|  |TAMS 0x0000000082800000, 0x0000000082700000| Untracked 
|   8|0x0000000082800000, 0x0000000082900000, 0x0000000082900000|100%| O|  |TAMS 0x0000000082900000, 0x0000000082800000| Untracked 
|   9|0x0000000082900000, 0x0000000082a00000, 0x0000000082a00000|100%| O|  |TAMS 0x0000000082a00000, 0x0000000082900000| Untracked 
|  10|0x0000000082a00000, 0x0000000082b00000, 0x0000000082b00000|100%| O|  |TAMS 0x0000000082b00000, 0x0000000082a00000| Untracked 
|  11|0x0000000082b00000, 0x0000000082c00000, 0x0000000082c00000|100%| O|  |TAMS 0x0000000082c00000, 0x0000000082b00000| Untracked 
|  12|0x0000000082c00000, 0x0000000082d00000, 0x0000000082d00000|100%| O|  |TAMS 0x0000000082d00000, 0x0000000082c00000| Untracked 
|  13|0x0000000082d00000, 0x0000000082e00000, 0x0000000082e00000|100%| O|  |TAMS 0x0000000082e00000, 0x0000000082d00000| Untracked 
|  14|0x0000000082e00000, 0x0000000082f00000, 0x0000000082f00000|100%| O|  |TAMS 0x0000000082f00000, 0x0000000082e00000| Untracked 
|  15|0x0000000082f00000, 0x0000000083000000, 0x0000000083000000|100%| O|  |TAMS 0x0000000083000000, 0x0000000082f00000| Untracked 
|  16|0x0000000083000000, 0x0000000083100000, 0x0000000083100000|100%| O|  |TAMS 0x0000000083100000, 0x0000000083000000| Untracked 
|  17|0x0000000083100000, 0x0000000083200000, 0x0000000083200000|100%| O|  |TAMS 0x0000000083200000, 0x0000000083100000| Untracked 
|  18|0x0000000083200000, 0x0000000083300000, 0x0000000083300000|100%| O|  |TAMS 0x0000000083300000, 0x0000000083200000| Untracked 
|  19|0x0000000083300000, 0x0000000083400000, 0x0000000083400000|100%| O|  |TAMS 0x0000000083400000, 0x0000000083300000| Untracked 
|  20|0x0000000083400000, 0x0000000083500000, 0x0000000083500000|100%| O|  |TAMS 0x0000000083500000, 0x0000000083400000| Untracked 
|  21|0x0000000083500000, 0x0000000083600000, 0x0000000083600000|100%| O|  |TAMS 0x0000000083600000, 0x0000000083500000| Untracked 
|  22|0x0000000083600000, 0x0000000083700000, 0x0000000083700000|100%| O|  |TAMS 0x0000000083700000, 0x0000000083600000| Untracked 
|  23|0x0000000083700000, 0x0000000083800000, 0x0000000083800000|100%| O|  |TAMS 0x0000000083800000, 0x0000000083700000| Untracked 
|  24|0x0000000083800000, 0x0000000083900000, 0x0000000083900000|100%| O|  |TAMS 0x0000000083900000, 0x0000000083800000| Untracked 
|  25|0x0000000083900000, 0x0000000083a00000, 0x0000000083a00000|100%| O|  |TAMS 0x0000000083a00000, 0x0000000083900000| Untracked 
|  26|0x0000000083a00000, 0x0000000083b00000, 0x0000000083b00000|100%| O|  |TAMS 0x0000000083b00000, 0x0000000083a00000| Untracked 
|  27|0x0000000083b00000, 0x0000000083c00000, 0x0000000083c00000|100%| O|  |TAMS 0x0000000083b54400, 0x0000000083b00000| Untracked 
|  28|0x0000000083c00000, 0x0000000083cfca00, 0x0000000083d00000| 98%| O|  |TAMS 0x0000000083c00000, 0x0000000083c00000| Untracked 
|  29|0x0000000083d00000, 0x0000000083d00000, 0x0000000083e00000|  0%| F|  |TAMS 0x0000000083d00000, 0x0000000083d00000| Untracked 
|  30|0x0000000083e00000, 0x0000000083e00000, 0x0000000083f00000|  0%| F|  |TAMS 0x0000000083e00000, 0x0000000083e00000| Untracked 
|  31|0x0000000083f00000, 0x0000000083f00000, 0x0000000084000000|  0%| F|  |TAMS 0x0000000083f00000, 0x0000000083f00000| Untracked 
|  32|0x0000000084000000, 0x0000000084000000, 0x0000000084100000|  0%| F|  |TAMS 0x0000000084000000, 0x0000000084000000| Untracked 
|  33|0x0000000084100000, 0x0000000084100000, 0x0000000084200000|  0%| F|  |TAMS 0x0000000084100000, 0x0000000084100000| Untracked 
|  34|0x0000000084200000, 0x0000000084200000, 0x0000000084300000|  0%| F|  |TAMS 0x0000000084200000, 0x0000000084200000| Untracked 
|  35|0x0000000084300000, 0x0000000084300000, 0x0000000084400000|  0%| F|  |TAMS 0x0000000084300000, 0x0000000084300000| Untracked 
|  36|0x0000000084400000, 0x0000000084400000, 0x0000000084500000|  0%| F|  |TAMS 0x0000000084400000, 0x0000000084400000| Untracked 
|  37|0x0000000084500000, 0x0000000084500000, 0x0000000084600000|  0%| F|  |TAMS 0x0000000084500000, 0x0000000084500000| Untracked 
|  38|0x0000000084600000, 0x0000000084600000, 0x0000000084700000|  0%| F|  |TAMS 0x0000000084600000, 0x0000000084600000| Untracked 
|  39|0x0000000084700000, 0x0000000084700000, 0x0000000084800000|  0%| F|  |TAMS 0x0000000084700000, 0x0000000084700000| Untracked 
|  40|0x0000000084800000, 0x0000000084800000, 0x0000000084900000|  0%| F|  |TAMS 0x0000000084800000, 0x0000000084800000| Untracked 
|  41|0x0000000084900000, 0x0000000084900000, 0x0000000084a00000|  0%| F|  |TAMS 0x0000000084900000, 0x0000000084900000| Untracked 
|  42|0x0000000084a00000, 0x0000000084a00000, 0x0000000084b00000|  0%| F|  |TAMS 0x0000000084a00000, 0x0000000084a00000| Untracked 
|  43|0x0000000084b00000, 0x0000000084be0690, 0x0000000084c00000| 87%| S|CS|TAMS 0x0000000084b00000, 0x0000000084b00000| Complete 
|  44|0x0000000084c00000, 0x0000000084d00000, 0x0000000084d00000|100%| S|CS|TAMS 0x0000000084c00000, 0x0000000084c00000| Complete 
|  45|0x0000000084d00000, 0x0000000084d00000, 0x0000000084e00000|  0%| F|  |TAMS 0x0000000084d00000, 0x0000000084d00000| Untracked 
|  46|0x0000000084e00000, 0x0000000084e00000, 0x0000000084f00000|  0%| F|  |TAMS 0x0000000084e00000, 0x0000000084e00000| Untracked 
|  47|0x0000000084f00000, 0x0000000084f00000, 0x0000000085000000|  0%| F|  |TAMS 0x0000000084f00000, 0x0000000084f00000| Untracked 
|  48|0x0000000085000000, 0x0000000085000000, 0x0000000085100000|  0%| F|  |TAMS 0x0000000085000000, 0x0000000085000000| Untracked 
|  49|0x0000000085100000, 0x0000000085100000, 0x0000000085200000|  0%| F|  |TAMS 0x0000000085100000, 0x0000000085100000| Untracked 
|  50|0x0000000085200000, 0x0000000085200000, 0x0000000085300000|  0%| F|  |TAMS 0x0000000085200000, 0x0000000085200000| Untracked 
|  81|0x0000000087100000, 0x0000000087100000, 0x0000000087200000|  0%| F|  |TAMS 0x0000000087100000, 0x0000000087100000| Untracked 
|  82|0x0000000087200000, 0x0000000087200000, 0x0000000087300000|  0%| F|  |TAMS 0x0000000087200000, 0x0000000087200000| Untracked 
|  83|0x0000000087300000, 0x000000008739e270, 0x0000000087400000| 61%| E|  |TAMS 0x0000000087300000, 0x0000000087300000| Complete 
|  84|0x0000000087400000, 0x0000000087500000, 0x0000000087500000|100%| E|CS|TAMS 0x0000000087400000, 0x0000000087400000| Complete 
|  85|0x0000000087500000, 0x0000000087600000, 0x0000000087600000|100%| E|CS|TAMS 0x0000000087500000, 0x0000000087500000| Complete 
| 125|0x0000000089d00000, 0x0000000089e00000, 0x0000000089e00000|100%| E|CS|TAMS 0x0000000089d00000, 0x0000000089d00000| Complete 

Card table byte_map: [0x000001f1eddb0000,0x000001f1ee1a0000] _byte_map_base: 0x000001f1ed9a0000

Marking Bits (Prev, Next): (CMBitMap*) 0x000001f1d6b69540, (CMBitMap*) 0x000001f1d6b69580
 Prev Bits: [0x000001f1ee590000, 0x000001f1f0510000)
 Next Bits: [0x000001f1f0510000, 0x000001f1f2490000)

Polling page: 0x000001f1d4aa0000

Metaspace:

Usage:
  Non-class:     53.84 MB used.
      Class:      8.44 MB used.
       Both:     62.28 MB used.

Virtual space:
  Non-class space:       64.00 MB reserved,      54.12 MB ( 85%) committed,  1 nodes.
      Class space:        1.00 GB reserved,       8.69 MB ( <1%) committed,  1 nodes.
             Both:        1.06 GB reserved,      62.81 MB (  6%) committed. 

Chunk freelists:
   Non-Class:  8.94 MB
       Class:  7.20 MB
        Both:  16.14 MB

MaxMetaspaceSize: unlimited
CompressedClassSpaceSize: 1.00 GB
Initial GC threshold: 21.00 MB
Current GC threshold: 103.12 MB
CDS: on
MetaspaceReclaimPolicy: balanced
 - commit_granule_bytes: 65536.
 - commit_granule_words: 8192.
 - virtual_space_node_default_size: 8388608.
 - enlarge_chunks_in_place: 1.
 - new_chunks_are_fully_committed: 0.
 - uncommit_free_chunks: 1.
 - use_allocation_guard: 0.
 - handle_deallocations: 1.


Internal statistics:

num_allocs_failed_limit: 6.
num_arena_births: 750.
num_arena_deaths: 6.
num_vsnodes_births: 2.
num_vsnodes_deaths: 0.
num_space_committed: 1005.
num_space_uncommitted: 0.
num_chunks_returned_to_freelist: 15.
num_chunks_taken_from_freelist: 3070.
num_chunk_merges: 6.
num_chunk_splits: 2206.
num_chunks_enlarged: 1715.
num_inconsistent_stats: 0.

CodeHeap 'non-profiled nmethods': size=120000Kb used=3022Kb max_used=3142Kb free=116977Kb
 bounds [0x000001f1e6160000, 0x000001f1e6490000, 0x000001f1ed690000]
CodeHeap 'profiled nmethods': size=120000Kb used=10222Kb max_used=10745Kb free=109777Kb
 bounds [0x000001f1de690000, 0x000001f1df110000, 0x000001f1e5bc0000]
CodeHeap 'non-nmethods': size=5760Kb used=1316Kb max_used=1398Kb free=4443Kb
 bounds [0x000001f1e5bc0000, 0x000001f1e5e30000, 0x000001f1e6160000]
 total_blobs=5761 nmethods=5116 adapters=557
 compilation: enabled
              stopped_count=0, restarted_count=0
 full_count=0

Compilation events (20 events):
Event: 13.649 Thread 0x000001f1f4ec7430 5871       2       java.util.concurrent.ConcurrentHashMap$CollectionView::size (8 bytes)
Event: 13.650 Thread 0x000001f1f4ec7430 nmethod 5871 0x000001f1de811910 code [0x000001f1de811aa0, 0x000001f1de811bc8]
Event: 13.650 Thread 0x000001f1f4ec7430 5872       2       org.apache.catalina.core.ApplicationContextFacade::getInitParameterNames (25 bytes)
Event: 13.650 Thread 0x000001f1f4ec7430 nmethod 5872 0x000001f1de811590 code [0x000001f1de811720, 0x000001f1de811848]
Event: 13.650 Thread 0x000001f1f4ec7430 5873       2       org.apache.catalina.core.ApplicationContext::getInitParameterNames (60 bytes)
Event: 13.651 Thread 0x000001f1f4ec7430 nmethod 5873 0x000001f1de810d90 code [0x000001f1de810f80, 0x000001f1de811378]
Event: 13.652 Thread 0x000001f1f4ec7430 5874       2       org.aspectj.apache.bcel.classfile.annotation.ElementValue::readElementValue (486 bytes)
Event: 13.655 Thread 0x000001f1f4ec7430 nmethod 5874 0x000001f1de80ec90 code [0x000001f1de80f060, 0x000001f1de8106c8]
Event: 13.655 Thread 0x000001f1f4ec7430 5875       2       java.io.DataInputStream::readUnsignedByte (22 bytes)
Event: 13.655 Thread 0x000001f1f4ec7430 nmethod 5875 0x000001f1deed7290 code [0x000001f1deed7440, 0x000001f1deed7638]
Event: 13.655 Thread 0x000001f1f4ec7430 5876       2       org.aspectj.apache.bcel.classfile.annotation.ElementValue::<init> (15 bytes)
Event: 13.655 Thread 0x000001f1f4ec7430 nmethod 5876 0x000001f1deed6f10 code [0x000001f1deed70a0, 0x000001f1deed71f8]
Event: 13.672 Thread 0x000001f1f4ec7430 5877       3       java.lang.reflect.Field::hashCode (19 bytes)
Event: 13.673 Thread 0x000001f1f4ec7430 nmethod 5877 0x000001f1deed6910 code [0x000001f1deed6ae0, 0x000001f1deed6d88]
Event: 13.700 Thread 0x000001f1f4ec7430 5879       2       sun.reflect.generics.parser.SignatureParser::parseSuperInterfaces (51 bytes)
Event: 13.701 Thread 0x000001f1f4ec7430 nmethod 5879 0x000001f1deed5f90 code [0x000001f1deed6180, 0x000001f1deed6648]
Event: 13.701 Thread 0x000001f1f4ec7430 5880       2       sun.reflect.generics.tree.ClassSignature::make (11 bytes)
Event: 13.701 Thread 0x000001f1f4ec7430 nmethod 5880 0x000001f1deed5b10 code [0x000001f1deed5ca0, 0x000001f1deed5ef8]
Event: 13.701 Thread 0x000001f1f4ec7430 5881       2       org.springframework.core.SerializableTypeWrapper$MethodInvokeTypeProvider::<init> (36 bytes)
Event: 13.702 Thread 0x000001f1f4ec7430 nmethod 5881 0x000001f1deed5610 code [0x000001f1deed57c0, 0x000001f1deed5a58]

GC Heap History (20 events):
Event: 9.126 GC heap before
{Heap before GC invocations=14 (full 0):
 garbage-first heap   total 48128K, used 37816K [0x0000000082000000, 0x0000000100000000)
  region size 1024K, 17 young (17408K), 2 survivors (2048K)
 Metaspace       used 41416K, committed 41920K, reserved 1114112K
  class space    used 5418K, committed 5632K, reserved 1048576K
}
Event: 9.129 GC heap after
{Heap after GC invocations=15 (full 0):
 garbage-first heap   total 48128K, used 22972K [0x0000000082000000, 0x0000000100000000)
  region size 1024K, 3 young (3072K), 3 survivors (3072K)
 Metaspace       used 41416K, committed 41920K, reserved 1114112K
  class space    used 5418K, committed 5632K, reserved 1048576K
}
Event: 10.003 GC heap before
{Heap before GC invocations=15 (full 0):
 garbage-first heap   total 48128K, used 38332K [0x0000000082000000, 0x0000000100000000)
  region size 1024K, 18 young (18432K), 3 survivors (3072K)
 Metaspace       used 46051K, committed 46592K, reserved 1114112K
  class space    used 6005K, committed 6272K, reserved 1048576K
}
Event: 10.008 GC heap after
{Heap after GC invocations=16 (full 0):
 garbage-first heap   total 48128K, used 24168K [0x0000000082000000, 0x0000000100000000)
  region size 1024K, 3 young (3072K), 3 survivors (3072K)
 Metaspace       used 46051K, committed 46592K, reserved 1114112K
  class space    used 6005K, committed 6272K, reserved 1048576K
}
Event: 10.547 GC heap before
{Heap before GC invocations=16 (full 0):
 garbage-first heap   total 48128K, used 38504K [0x0000000082000000, 0x0000000100000000)
  region size 1024K, 18 young (18432K), 3 survivors (3072K)
 Metaspace       used 49045K, committed 49600K, reserved 1114112K
  class space    used 6383K, committed 6656K, reserved 1048576K
}
Event: 10.552 GC heap after
{Heap after GC invocations=17 (full 0):
 garbage-first heap   total 48128K, used 24923K [0x0000000082000000, 0x0000000100000000)
  region size 1024K, 2 young (2048K), 2 survivors (2048K)
 Metaspace       used 49045K, committed 49600K, reserved 1114112K
  class space    used 6383K, committed 6656K, reserved 1048576K
}
Event: 11.045 GC heap before
{Heap before GC invocations=17 (full 0):
 garbage-first heap   total 48128K, used 38235K [0x0000000082000000, 0x0000000100000000)
  region size 1024K, 16 young (16384K), 2 survivors (2048K)
 Metaspace       used 53600K, committed 54080K, reserved 1114112K
  class space    used 7059K, committed 7296K, reserved 1048576K
}
Event: 11.050 GC heap after
{Heap after GC invocations=18 (full 0):
 garbage-first heap   total 48128K, used 25598K [0x0000000082000000, 0x0000000100000000)
  region size 1024K, 2 young (2048K), 2 survivors (2048K)
 Metaspace       used 53600K, committed 54080K, reserved 1114112K
  class space    used 7059K, committed 7296K, reserved 1048576K
}
Event: 11.770 GC heap before
{Heap before GC invocations=19 (full 0):
 garbage-first heap   total 48128K, used 38910K [0x0000000082000000, 0x0000000100000000)
  region size 1024K, 15 young (15360K), 2 survivors (2048K)
 Metaspace       used 56382K, committed 56896K, reserved 1114112K
  class space    used 7629K, committed 7872K, reserved 1048576K
}
Event: 11.773 GC heap after
{Heap after GC invocations=20 (full 0):
 garbage-first heap   total 48128K, used 26268K [0x0000000082000000, 0x0000000100000000)
  region size 1024K, 2 young (2048K), 2 survivors (2048K)
 Metaspace       used 56382K, committed 56896K, reserved 1114112K
  class space    used 7629K, committed 7872K, reserved 1048576K
}
Event: 12.238 GC heap before
{Heap before GC invocations=20 (full 0):
 garbage-first heap   total 48128K, used 39580K [0x0000000082000000, 0x0000000100000000)
  region size 1024K, 15 young (15360K), 2 survivors (2048K)
 Metaspace       used 58940K, committed 59456K, reserved 1114112K
  class space    used 8020K, committed 8256K, reserved 1048576K
}
Event: 12.243 GC heap after
{Heap after GC invocations=21 (full 0):
 garbage-first heap   total 48128K, used 27166K [0x0000000082000000, 0x0000000100000000)
  region size 1024K, 2 young (2048K), 2 survivors (2048K)
 Metaspace       used 58940K, committed 59456K, reserved 1114112K
  class space    used 8020K, committed 8256K, reserved 1048576K
}
Event: 12.620 GC heap before
{Heap before GC invocations=22 (full 0):
 garbage-first heap   total 51200K, used 38430K [0x0000000082000000, 0x0000000100000000)
  region size 1024K, 13 young (13312K), 2 survivors (2048K)
 Metaspace       used 60535K, committed 61120K, reserved 1114112K
  class space    used 8164K, committed 8448K, reserved 1048576K
}
Event: 12.623 GC heap after
{Heap after GC invocations=23 (full 0):
 garbage-first heap   total 51200K, used 28064K [0x0000000082000000, 0x0000000100000000)
  region size 1024K, 2 young (2048K), 2 survivors (2048K)
 Metaspace       used 60535K, committed 61120K, reserved 1114112K
  class space    used 8164K, committed 8448K, reserved 1048576K
}
Event: 12.930 GC heap before
{Heap before GC invocations=23 (full 0):
 garbage-first heap   total 51200K, used 42400K [0x0000000082000000, 0x0000000100000000)
  region size 1024K, 16 young (16384K), 2 survivors (2048K)
 Metaspace       used 61592K, committed 62144K, reserved 1114112K
  class space    used 8343K, committed 8576K, reserved 1048576K
}
Event: 12.935 GC heap after
{Heap after GC invocations=24 (full 0):
 garbage-first heap   total 51200K, used 28938K [0x0000000082000000, 0x0000000100000000)
  region size 1024K, 2 young (2048K), 2 survivors (2048K)
 Metaspace       used 61592K, committed 62144K, reserved 1114112K
  class space    used 8343K, committed 8576K, reserved 1048576K
}
Event: 13.290 GC heap before
{Heap before GC invocations=25 (full 0):
 garbage-first heap   total 53248K, used 41226K [0x0000000082000000, 0x0000000100000000)
  region size 1024K, 14 young (14336K), 2 survivors (2048K)
 Metaspace       used 62411K, committed 62976K, reserved 1114112K
  class space    used 8457K, committed 8704K, reserved 1048576K
}
Event: 13.294 GC heap after
{Heap after GC invocations=26 (full 0):
 garbage-first heap   total 53248K, used 29778K [0x0000000082000000, 0x0000000100000000)
  region size 1024K, 2 young (2048K), 2 survivors (2048K)
 Metaspace       used 62411K, committed 62976K, reserved 1114112K
  class space    used 8457K, committed 8704K, reserved 1048576K
}
Event: 13.532 GC heap before
{Heap before GC invocations=26 (full 0):
 garbage-first heap   total 53248K, used 43090K [0x0000000082000000, 0x0000000100000000)
  region size 1024K, 15 young (15360K), 2 survivors (2048K)
 Metaspace       used 62767K, committed 63296K, reserved 1114112K
  class space    used 8500K, committed 8768K, reserved 1048576K
}
Event: 13.536 GC heap after
{Heap after GC invocations=27 (full 0):
 garbage-first heap   total 53248K, used 30809K [0x0000000082000000, 0x0000000100000000)
  region size 1024K, 2 young (2048K), 2 survivors (2048K)
 Metaspace       used 62767K, committed 63296K, reserved 1114112K
  class space    used 8500K, committed 8768K, reserved 1048576K
}

Dll operation events (10 events):
Event: 0.009 Loaded shared library C:\Program Files\Java\zulu17.44.15-ca-jdk17.0.8-win_x64\bin\java.dll
Event: 0.035 Loaded shared library C:\Program Files\Java\zulu17.44.15-ca-jdk17.0.8-win_x64\bin\jsvml.dll
Event: 0.312 Loaded shared library C:\Program Files\Java\zulu17.44.15-ca-jdk17.0.8-win_x64\bin\jimage.dll
Event: 0.324 Loaded shared library C:\Program Files\Java\zulu17.44.15-ca-jdk17.0.8-win_x64\bin\net.dll
Event: 0.326 Loaded shared library C:\Program Files\Java\zulu17.44.15-ca-jdk17.0.8-win_x64\bin\nio.dll
Event: 0.330 Loaded shared library C:\Program Files\Java\zulu17.44.15-ca-jdk17.0.8-win_x64\bin\zip.dll
Event: 0.486 Loaded shared library C:\Program Files\Java\zulu17.44.15-ca-jdk17.0.8-win_x64\bin\management.dll
Event: 0.522 Loaded shared library C:\Program Files\Java\zulu17.44.15-ca-jdk17.0.8-win_x64\bin\management_ext.dll
Event: 2.637 Loaded shared library C:\Program Files\Java\zulu17.44.15-ca-jdk17.0.8-win_x64\bin\sunmscapi.dll
Event: 8.905 Loaded shared library C:\Program Files\Java\zulu17.44.15-ca-jdk17.0.8-win_x64\bin\verify.dll

Deoptimization events (20 events):
Event: 13.325 Thread 0x000001f1fa495730 Uncommon trap: trap_request=0xffffffc6 fr.pc=0x000001f1e634af9c relative=0x0000000000002bbc
Event: 13.325 Thread 0x000001f1fa495730 Uncommon trap: reason=bimorphic_or_optimized_type_check action=maybe_recompile pc=0x000001f1e634af9c method=org.springframework.core.annotation.TypeMappedAnnotation.getValue(IZZ)Ljava/lang/Object; @ 121 c2
Event: 13.325 Thread 0x000001f1fa495730 DEOPT PACKING pc=0x000001f1e634af9c sp=0x000000152b4fd210
Event: 13.325 Thread 0x000001f1fa495730 DEOPT UNPACKING pc=0x000001f1e5c169a3 sp=0x000000152b4fd1c8 mode 2
Event: 13.337 Thread 0x000001f1fa495730 DEOPT PACKING pc=0x000001f1def86d0d sp=0x000000152b4fd5a0
Event: 13.337 Thread 0x000001f1fa495730 DEOPT UNPACKING pc=0x000001f1e5c17143 sp=0x000000152b4fca60 mode 0
Event: 13.357 Thread 0x000001f1fa495730 DEOPT PACKING pc=0x000001f1deef2465 sp=0x000000152b4f9bc0
Event: 13.357 Thread 0x000001f1fa495730 DEOPT UNPACKING pc=0x000001f1e5c17143 sp=0x000000152b4f91a0 mode 0
Event: 13.467 Thread 0x000001f1fa495730 DEOPT PACKING pc=0x000001f1df03caec sp=0x000000152b4f8e50
Event: 13.467 Thread 0x000001f1fa495730 DEOPT UNPACKING pc=0x000001f1e5c17143 sp=0x000000152b4f8338 mode 0
Event: 13.468 Thread 0x000001f1fa495730 DEOPT PACKING pc=0x000001f1deef2465 sp=0x000000152b4f88e0
Event: 13.468 Thread 0x000001f1fa495730 DEOPT UNPACKING pc=0x000001f1e5c17143 sp=0x000000152b4f7ec0 mode 0
Event: 13.504 Thread 0x000001f1fa495730 Uncommon trap: trap_request=0xffffff45 fr.pc=0x000001f1e63f1ef0 relative=0x0000000000001430
Event: 13.504 Thread 0x000001f1fa495730 Uncommon trap: reason=unstable_if action=reinterpret pc=0x000001f1e63f1ef0 method=org.aspectj.apache.bcel.classfile.Constant.readConstant(Ljava/io/DataInputStream;)Lorg/aspectj/apache/bcel/classfile/Constant; @ 6 c2
Event: 13.504 Thread 0x000001f1fa495730 DEOPT PACKING pc=0x000001f1e63f1ef0 sp=0x000000152b4f97e0
Event: 13.504 Thread 0x000001f1fa495730 DEOPT UNPACKING pc=0x000001f1e5c169a3 sp=0x000000152b4f97c0 mode 2
Event: 13.537 Thread 0x000001f1fa495730 Uncommon trap: trap_request=0xffffff45 fr.pc=0x000001f1e63fc844 relative=0x0000000000000704
Event: 13.537 Thread 0x000001f1fa495730 Uncommon trap: reason=unstable_if action=reinterpret pc=0x000001f1e63fc844 method=java.util.WeakHashMap.matchesKey(Ljava/util/WeakHashMap$Entry;Ljava/lang/Object;)Z @ 16 c2
Event: 13.537 Thread 0x000001f1fa495730 DEOPT PACKING pc=0x000001f1e63fc844 sp=0x000000152b4f9450
Event: 13.537 Thread 0x000001f1fa495730 DEOPT UNPACKING pc=0x000001f1e5c169a3 sp=0x000000152b4f9390 mode 2

Classes unloaded (3 events):
Event: 2.904 Thread 0x000001f1f4e9d730 Unloading class 0x000001f1810c1400 'jdk/internal/reflect/GeneratedSerializationConstructorAccessor5'
Event: 2.904 Thread 0x000001f1f4e9d730 Unloading class 0x000001f1810c0c00 'jdk/internal/reflect/GeneratedSerializationConstructorAccessor4'
Event: 2.904 Thread 0x000001f1f4e9d730 Unloading class 0x000001f1810c0000 'jdk/internal/reflect/GeneratedSerializationConstructorAccessor2'

Classes redefined (0 events):
No events

Internal exceptions (20 events):
Event: 13.418 Thread 0x000001f1f98ebdf0 Exception <a 'java/lang/ClassNotFoundException'{0x0000000084d60b50}: org/springframework/context/support/LiveBeansView> (0x0000000084d60b50) 
thrown [s\src\hotspot\share\classfile\systemDictionary.cpp, line 259]
Event: 13.418 Thread 0x000001f1f98ebdf0 Exception <a 'java/lang/ClassNotFoundException'{0x0000000084d60f10}: org/springframework/context/support/LiveBeansView> (0x0000000084d60f10) 
thrown [s\src\hotspot\share\classfile\systemDictionary.cpp, line 259]
Event: 13.418 Thread 0x000001f1f98ebdf0 Exception <a 'java/lang/ClassNotFoundException'{0x0000000084d612c8}: org/springframework/context/support/LiveBeansView> (0x0000000084d612c8) 
thrown [s\src\hotspot\share\classfile\systemDictionary.cpp, line 259]
Event: 13.418 Thread 0x000001f1f98ebdf0 Exception <a 'java/lang/ClassNotFoundException'{0x0000000084d618c8}: org/springframework/context/support/LiveBeansView> (0x0000000084d618c8) 
thrown [s\src\hotspot\share\classfile\systemDictionary.cpp, line 259]
Event: 13.418 Thread 0x000001f1f98ebdf0 Exception <a 'java/lang/ClassNotFoundException'{0x0000000084d61c90}: org/springframework/context/support/LiveBeansView> (0x0000000084d61c90) 
thrown [s\src\hotspot\share\classfile\systemDictionary.cpp, line 259]
Event: 13.418 Thread 0x000001f1f98ebdf0 Exception <a 'java/lang/ClassNotFoundException'{0x0000000084d62050}: org/springframework/context/support/LiveBeansView> (0x0000000084d62050) 
thrown [s\src\hotspot\share\classfile\systemDictionary.cpp, line 259]
Event: 13.418 Thread 0x000001f1f98ebdf0 Exception <a 'java/lang/ClassNotFoundException'{0x0000000084d62670}: org/springframework/context/support/LiveBeansView> (0x0000000084d62670) 
thrown [s\src\hotspot\share\classfile\systemDictionary.cpp, line 259]
Event: 13.418 Thread 0x000001f1f98ebdf0 Exception <a 'java/lang/ClassNotFoundException'{0x0000000084d62a30}: org/springframework/context/support/LiveBeansView> (0x0000000084d62a30) 
thrown [s\src\hotspot\share\classfile\systemDictionary.cpp, line 259]
Event: 13.418 Thread 0x000001f1f98ebdf0 Exception <a 'java/lang/ClassNotFoundException'{0x0000000084d62dd0}: org/springframework/context/support/LiveBeansView> (0x0000000084d62dd0) 
thrown [s\src\hotspot\share\classfile\systemDictionary.cpp, line 259]
Event: 13.418 Thread 0x000001f1f98ebdf0 Exception <a 'java/lang/ClassNotFoundException'{0x0000000084d63188}: org/springframework/context/support/LiveBeansView> (0x0000000084d63188) 
thrown [s\src\hotspot\share\classfile\systemDictionary.cpp, line 259]
Event: 13.418 Thread 0x000001f1f98ebdf0 Exception <a 'java/lang/ClassNotFoundException'{0x0000000084d63530}: org/springframework/context/support/LiveBeansView> (0x0000000084d63530) 
thrown [s\src\hotspot\share\classfile\systemDictionary.cpp, line 259]
Event: 13.420 Thread 0x000001f1fa495730 Exception <a 'sun/nio/fs/WindowsException'{0x0000000084d6c350}> (0x0000000084d6c350) 
thrown [s\src\hotspot\share\prims\jni.cpp, line 516]
Event: 13.421 Thread 0x000001f1f98ebdf0 Exception <a 'java/lang/ClassNotFoundException'{0x0000000084df7600}: org/springframework/context/support/LiveBeansView> (0x0000000084df7600) 
thrown [s\src\hotspot\share\classfile\systemDictionary.cpp, line 259]
Event: 13.421 Thread 0x000001f1f98ebdf0 Exception <a 'java/lang/ClassNotFoundException'{0x0000000084df79c8}: org/springframework/context/support/LiveBeansView> (0x0000000084df79c8) 
thrown [s\src\hotspot\share\classfile\systemDictionary.cpp, line 259]
Event: 13.421 Thread 0x000001f1f98ebdf0 Exception <a 'java/lang/ClassNotFoundException'{0x0000000084df7fe8}: org/springframework/context/support/LiveBeansView> (0x0000000084df7fe8) 
thrown [s\src\hotspot\share\classfile\systemDictionary.cpp, line 259]
Event: 13.421 Thread 0x000001f1f98ebdf0 Exception <a 'java/lang/ClassNotFoundException'{0x0000000084df8398}: org/springframework/context/support/LiveBeansView> (0x0000000084df8398) 
thrown [s\src\hotspot\share\classfile\systemDictionary.cpp, line 259]
Event: 13.423 Thread 0x000001f1f98ebdf0 Exception <a 'java/lang/reflect/InvocationTargetException'{0x0000000084dfc490}> (0x0000000084dfc490) 
thrown [s\src\hotspot\share\runtime\reflection.cpp, line 1121]
Event: 13.537 Thread 0x000001f1fa495730 Implicit null exception at 0x000001f1e63fc298 to 0x000001f1e63fc810
Event: 13.578 Thread 0x000001f1fa495730 Exception <a 'java/lang/IncompatibleClassChangeError'{0x00000000875e9ba0}: Found class java.lang.Object, but interface was expected> (0x00000000875e9ba0) 
thrown [s\src\hotspot\share\interpreter\linkResolver.cpp, line 826]
Event: 13.693 Thread 0x000001f1fa495730 Exception <a 'java/lang/NoSuchMethodError'{0x000000008712bde8}: 'void java.lang.invoke.DirectMethodHandle$Holder.invokeVirtual(java.lang.Object, java.lang.Object, long)'> (0x000000008712bde8) 
thrown [s\src\hotspot\share\interpreter\linkResolver.cpp, line 759]

VM Operations (20 events):
Event: 12.992 Executing VM operation: G1PauseRemark
Event: 12.997 Executing VM operation: G1PauseRemark done
Event: 13.022 Executing VM operation: G1PauseCleanup
Event: 13.022 Executing VM operation: G1PauseCleanup done
Event: 13.196 Executing VM operation: HandshakeAllThreads
Event: 13.196 Executing VM operation: HandshakeAllThreads done
Event: 13.220 Executing VM operation: HandshakeAllThreads
Event: 13.220 Executing VM operation: HandshakeAllThreads done
Event: 13.270 Executing VM operation: HandshakeAllThreads
Event: 13.270 Executing VM operation: HandshakeAllThreads done
Event: 13.271 Executing VM operation: HandshakeAllThreads
Event: 13.271 Executing VM operation: HandshakeAllThreads done
Event: 13.290 Executing VM operation: G1CollectForAllocation
Event: 13.294 Executing VM operation: G1CollectForAllocation done
Event: 13.531 Executing VM operation: G1CollectForAllocation
Event: 13.536 Executing VM operation: G1CollectForAllocation done
Event: 13.594 Executing VM operation: G1PauseRemark
Event: 13.598 Executing VM operation: G1PauseRemark done
Event: 13.623 Executing VM operation: G1PauseCleanup
Event: 13.624 Executing VM operation: G1PauseCleanup done

Events (20 events):
Event: 12.761 loading class java/lang/Package$1PackageInfoProxy
Event: 12.761 loading class java/lang/Package$1PackageInfoProxy done
Event: 12.939 loading class java/time/DurationEditor
Event: 12.939 loading class java/time/DurationEditor done
Event: 12.942 loading class java/util/regex/Pattern$1
Event: 12.943 loading class java/util/regex/Pattern$1 done
Event: 13.116 loading class java/nio/charset/UnsupportedCharsetException
Event: 13.116 loading class java/nio/charset/UnsupportedCharsetException done
Event: 13.194 loading class java/util/ArrayList$ListItr
Event: 13.195 loading class java/util/ArrayList$ListItr done
Event: 13.240 loading class java/util/regex/PatternSyntaxException
Event: 13.241 loading class java/util/regex/PatternSyntaxException done
Event: 13.249 loading class java/util/Comparators$NullComparator
Event: 13.249 loading class java/util/Comparators$NullComparator done
Event: 13.460 loading class java/util/EnumMap$EntrySet
Event: 13.464 loading class java/util/EnumMap$EntrySet done
Event: 13.464 loading class java/util/EnumMap$EntryIterator
Event: 13.465 loading class java/util/EnumMap$EnumMapIterator
Event: 13.465 loading class java/util/EnumMap$EnumMapIterator done
Event: 13.465 loading class java/util/EnumMap$EntryIterator done


Dynamic libraries:
0x00007ff7f9640000 - 0x00007ff7f964e000 	C:\Program Files\Java\zulu17.44.15-ca-jdk17.0.8-win_x64\bin\java.exe
0x00007ffcd3690000 - 0x00007ffcd3888000 	C:\Windows\SYSTEM32\ntdll.dll
0x00007ffcd3020000 - 0x00007ffcd30dd000 	C:\Windows\System32\KERNEL32.DLL
0x00007ffcd0ea0000 - 0x00007ffcd1196000 	C:\Windows\System32\KERNELBASE.dll
0x00007ffcd11a0000 - 0x00007ffcd12a0000 	C:\Windows\System32\ucrtbase.dll
0x00007ffccba30000 - 0x00007ffccba49000 	C:\Program Files\Java\zulu17.44.15-ca-jdk17.0.8-win_x64\bin\jli.dll
0x00007ffccdb90000 - 0x00007ffccdbab000 	C:\Program Files\Java\zulu17.44.15-ca-jdk17.0.8-win_x64\bin\VCRUNTIME140.dll
0x00007ffcd1db0000 - 0x00007ffcd1f4e000 	C:\Windows\System32\USER32.dll
0x00007ffcd1340000 - 0x00007ffcd1362000 	C:\Windows\System32\win32u.dll
0x00007ffcd0120000 - 0x00007ffcd03ba000 	C:\Windows\WinSxS\amd64_microsoft.windows.common-controls_6595b64144ccf1df_6.0.19041.3636_none_60b6a03d71f818d5\COMCTL32.dll
0x00007ffcd1cc0000 - 0x00007ffcd1ceb000 	C:\Windows\System32\GDI32.dll
0x00007ffcd3200000 - 0x00007ffcd329e000 	C:\Windows\System32\msvcrt.dll
0x00007ffcd0d80000 - 0x00007ffcd0e97000 	C:\Windows\System32\gdi32full.dll
0x00007ffcd12a0000 - 0x00007ffcd133d000 	C:\Windows\System32\msvcp_win.dll
0x00007ffcd3610000 - 0x00007ffcd3642000 	C:\Windows\System32\IMM32.DLL
0x00007ffccdf20000 - 0x00007ffccdf2c000 	C:\Program Files\Java\zulu17.44.15-ca-jdk17.0.8-win_x64\bin\vcruntime140_1.dll
0x00007ffcb61b0000 - 0x00007ffcb623d000 	C:\Program Files\Java\zulu17.44.15-ca-jdk17.0.8-win_x64\bin\msvcp140.dll
0x00007ffc90610000 - 0x00007ffc91278000 	C:\Program Files\Java\zulu17.44.15-ca-jdk17.0.8-win_x64\bin\server\jvm.dll
0x00007ffcd3140000 - 0x00007ffcd31f3000 	C:\Windows\System32\ADVAPI32.dll
0x00007ffcd25f0000 - 0x00007ffcd268f000 	C:\Windows\System32\sechost.dll
0x00007ffcd2090000 - 0x00007ffcd21b6000 	C:\Windows\System32\RPCRT4.dll
0x00007ffcd0d50000 - 0x00007ffcd0d77000 	C:\Windows\System32\bcrypt.dll
0x00007ffcbd5a0000 - 0x00007ffcbd5a9000 	C:\Windows\SYSTEM32\WSOCK32.dll
0x00007ffcc2ed0000 - 0x00007ffcc2ef7000 	C:\Windows\SYSTEM32\WINMM.dll
0x00007ffcd2360000 - 0x00007ffcd23cb000 	C:\Windows\System32\WS2_32.dll
0x00007ffcd07a0000 - 0x00007ffcd07eb000 	C:\Windows\SYSTEM32\POWRPROF.dll
0x00007ffcc92f0000 - 0x00007ffcc92fa000 	C:\Windows\SYSTEM32\VERSION.dll
0x00007ffcd03c0000 - 0x00007ffcd03d2000 	C:\Windows\SYSTEM32\UMPDC.dll
0x00007ffcce770000 - 0x00007ffcce782000 	C:\Windows\SYSTEM32\kernel.appcore.dll
0x00007ffccdb00000 - 0x00007ffccdb0a000 	C:\Program Files\Java\zulu17.44.15-ca-jdk17.0.8-win_x64\bin\jimage.dll
0x00007ffcd05b0000 - 0x00007ffcd0794000 	C:\Windows\SYSTEM32\DBGHELP.DLL
0x00007ffcd04f0000 - 0x00007ffcd0524000 	C:\Windows\SYSTEM32\dbgcore.DLL
0x00007ffcd1640000 - 0x00007ffcd16c2000 	C:\Windows\System32\bcryptPrimitives.dll
0x00007ffcc97c0000 - 0x00007ffcc97e5000 	C:\Program Files\Java\zulu17.44.15-ca-jdk17.0.8-win_x64\bin\java.dll
0x00007ffcb0680000 - 0x00007ffcb0757000 	C:\Program Files\Java\zulu17.44.15-ca-jdk17.0.8-win_x64\bin\jsvml.dll
0x00007ffcd28d0000 - 0x00007ffcd3015000 	C:\Windows\System32\SHELL32.dll
0x00007ffcce790000 - 0x00007ffccef2c000 	C:\Windows\SYSTEM32\windows.storage.dll
0x00007ffcd32a0000 - 0x00007ffcd35f4000 	C:\Windows\System32\combase.dll
0x00007ffcd0080000 - 0x00007ffcd00ae000 	C:\Windows\SYSTEM32\Wldp.dll
0x00007ffcd1780000 - 0x00007ffcd184d000 	C:\Windows\System32\OLEAUT32.dll
0x00007ffcd2460000 - 0x00007ffcd250d000 	C:\Windows\System32\SHCORE.dll
0x00007ffcd1d50000 - 0x00007ffcd1da5000 	C:\Windows\System32\shlwapi.dll
0x00007ffcd0c80000 - 0x00007ffcd0ca5000 	C:\Windows\SYSTEM32\profapi.dll
0x00007ffccabe0000 - 0x00007ffccabf9000 	C:\Program Files\Java\zulu17.44.15-ca-jdk17.0.8-win_x64\bin\net.dll
0x00007ffcc8f20000 - 0x00007ffcc902a000 	C:\Windows\SYSTEM32\WINHTTP.dll
0x00007ffccff50000 - 0x00007ffccffba000 	C:\Windows\system32\mswsock.dll
0x00007ffcc9780000 - 0x00007ffcc9796000 	C:\Program Files\Java\zulu17.44.15-ca-jdk17.0.8-win_x64\bin\nio.dll
0x00007ffcc64f0000 - 0x00007ffcc6508000 	C:\Program Files\Java\zulu17.44.15-ca-jdk17.0.8-win_x64\bin\zip.dll
0x00007ffcc67b0000 - 0x00007ffcc67b9000 	C:\Program Files\Java\zulu17.44.15-ca-jdk17.0.8-win_x64\bin\management.dll
0x00007ffcc64e0000 - 0x00007ffcc64eb000 	C:\Program Files\Java\zulu17.44.15-ca-jdk17.0.8-win_x64\bin\management_ext.dll
0x00007ffcd2080000 - 0x00007ffcd2088000 	C:\Windows\System32\PSAPI.DLL
0x00007ffccfb10000 - 0x00007ffccfbdb000 	C:\Windows\SYSTEM32\DNSAPI.dll
0x00007ffccfad0000 - 0x00007ffccfb0b000 	C:\Windows\SYSTEM32\IPHLPAPI.DLL
0x00007ffcd3600000 - 0x00007ffcd3608000 	C:\Windows\System32\NSI.dll
0x00007ffcc8ad0000 - 0x00007ffcc8ada000 	C:\Windows\System32\rasadhlp.dll
0x00007ffcc6870000 - 0x00007ffcc68f0000 	C:\Windows\System32\fwpuclnt.dll
0x00007ffcb01f0000 - 0x00007ffcb0207000 	C:\Windows\system32\napinsp.dll
0x00007ffcb01d0000 - 0x00007ffcb01eb000 	C:\Windows\system32\pnrpnsp.dll
0x00007ffcb01b0000 - 0x00007ffcb01c5000 	C:\Windows\system32\wshbth.dll
0x00007ffccb7b0000 - 0x00007ffccb7cd000 	C:\Windows\system32\NLAapi.dll
0x00007ffcb0190000 - 0x00007ffcb01a2000 	C:\Windows\System32\winrnr.dll
0x00007ffcd0ac0000 - 0x00007ffcd0ad8000 	C:\Windows\SYSTEM32\CRYPTSP.dll
0x00007ffccf770000 - 0x00007ffccf7a4000 	C:\Windows\system32\rsaenh.dll
0x00007ffcd0c00000 - 0x00007ffcd0c2e000 	C:\Windows\SYSTEM32\USERENV.dll
0x00007ffcd0040000 - 0x00007ffcd004c000 	C:\Windows\SYSTEM32\CRYPTBASE.dll
0x00007ffcc9830000 - 0x00007ffcc9847000 	C:\Windows\SYSTEM32\dhcpcsvc6.DLL
0x00007ffcc9810000 - 0x00007ffcc982d000 	C:\Windows\SYSTEM32\dhcpcsvc.DLL
0x00007ffcc64c0000 - 0x00007ffcc64ce000 	C:\Program Files\Java\zulu17.44.15-ca-jdk17.0.8-win_x64\bin\sunmscapi.dll
0x00007ffcd1370000 - 0x00007ffcd14cd000 	C:\Windows\System32\CRYPT32.dll
0x00007ffcd00f0000 - 0x00007ffcd0118000 	C:\Windows\SYSTEM32\ncrypt.dll
0x00007ffcd00b0000 - 0x00007ffcd00eb000 	C:\Windows\SYSTEM32\NTASN1.dll
0x00007ffccaf40000 - 0x00007ffccaf50000 	C:\Program Files\Java\zulu17.44.15-ca-jdk17.0.8-win_x64\bin\verify.dll

dbghelp: loaded successfully - version: 4.0.5 - missing functions: none
symbol engine: initialized successfully - sym options: 0x614 - pdb path: .;C:\Program Files\Java\zulu17.44.15-ca-jdk17.0.8-win_x64\bin;C:\Windows\SYSTEM32;C:\Windows\WinSxS\amd64_microsoft.windows.common-controls_6595b64144ccf1df_6.0.19041.3636_none_60b6a03d71f818d5;C:\Program Files\Java\zulu17.44.15-ca-jdk17.0.8-win_x64\bin\server

VM Arguments:
jvm_args: -Dcom.sun.management.jmxremote -Dcom.sun.management.jmxremote.port=49487 -Dcom.sun.management.jmxremote.authenticate=false -Dcom.sun.management.jmxremote.ssl=false -Dspring.jmx.enabled=true -Djava.rmi.server.hostname=localhost -Dspring.application.admin.enabled=true -Dspring.boot.project.name=crud-srping -XX:+ShowCodeDetailsInExceptionMessages -Dmanagement.endpoints.jmx.exposure.include=* 
java_command: com.gabriel.crudsrping.CrudSrpingApplication
java_class_path (initial): E:\Gabriel Xavier\Estudos\crud-srping\target\classes;C:\Users\Gabriel Xavier\.m2\repository\org\springframework\boot\spring-boot-starter-actuator\3.2.3\spring-boot-starter-actuator-3.2.3.jar;C:\Users\Gabriel Xavier\.m2\repository\org\springframework\boot\spring-boot-starter\3.2.3\spring-boot-starter-3.2.3.jar;C:\Users\Gabriel Xavier\.m2\repository\org\springframework\boot\spring-boot-starter-logging\3.2.3\spring-boot-starter-logging-3.2.3.jar;C:\Users\Gabriel Xavier\.m2\repository\ch\qos\logback\logback-classic\1.4.14\logback-classic-1.4.14.jar;C:\Users\Gabriel Xavier\.m2\repository\ch\qos\logback\logback-core\1.4.14\logback-core-1.4.14.jar;C:\Users\Gabriel Xavier\.m2\repository\org\apache\logging\log4j\log4j-to-slf4j\2.21.1\log4j-to-slf4j-2.21.1.jar;C:\Users\Gabriel Xavier\.m2\repository\org\apache\logging\log4j\log4j-api\2.21.1\log4j-api-2.21.1.jar;C:\Users\Gabriel Xavier\.m2\repository\org\slf4j\jul-to-slf4j\2.0.12\jul-to-slf4j-2.0.12.jar;C:\Users\Gabriel Xavier\.m2\repository\jakarta\annotation\jakarta.annotation-api\2.1.1\jakarta.annotation-api-2.1.1.jar;C:\Users\Gabriel Xavier\.m2\repository\org\yaml\snakeyaml\2.2\snakeyaml-2.2.jar;C:\Users\Gabriel Xavier\.m2\repository\org\springframework\boot\spring-boot-actuator-autoconfigure\3.2.3\spring-boot-actuator-autoconfigure-3.2.3.jar;C:\Users\Gabriel Xavier\.m2\repository\org\springframework\boot\spring-boot-actuator\3.2.3\spring-boot-actuator-3.2.3.jar;C:\Users\Gabriel Xavier\.m2\repository\com\fasterxml\jackson\core\jackson-databind\2.15.4\jackson-databind-2.15.4.jar;C:\Users\Gabriel Xavier\.m2\repository\com\fasterxml\jackson\core\jackson-annotations\2.15.4\jackson-annotations-2.15.4.jar;C:\Users\Gabriel Xavier\.m2\repository\com\fasterxml\jackson\core\jackson-core\2.15.4\jackson-core-2.15.4.jar;C:\Users\Gabriel Xavier\.m2\repository\com\fasterxml\jackson\datatype\jackson-datatype-jsr310\2.15.4\jackson-datatype-jsr310-2.15.4.jar;C:\Users\Gabriel Xavier\.m2\repository\io\micrometer\mi
Launcher Type: SUN_STANDARD

[Global flags]
     intx CICompilerCount                          = 4                                         {product} {ergonomic}
     uint ConcGCThreads                            = 2                                         {product} {ergonomic}
     uint G1ConcRefinementThreads                  = 8                                         {product} {ergonomic}
   size_t G1HeapRegionSize                         = 1048576                                   {product} {ergonomic}
    uintx GCDrainStackTargetSize                   = 64                                        {product} {ergonomic}
   size_t InitialHeapSize                          = 132120576                                 {product} {ergonomic}
     bool ManagementServer                         = true                                      {product} {command line}
   size_t MarkStackSize                            = 4194304                                   {product} {ergonomic}
   size_t MaxHeapSize                              = 2113929216                                {product} {ergonomic}
   size_t MaxNewSize                               = 1267728384                                {product} {ergonomic}
   size_t MinHeapDeltaBytes                        = 1048576                                   {product} {ergonomic}
   size_t MinHeapSize                              = 8388608                                   {product} {ergonomic}
    uintx NonNMethodCodeHeapSize                   = 5839372                                {pd product} {ergonomic}
    uintx NonProfiledCodeHeapSize                  = 122909434                              {pd product} {ergonomic}
    uintx ProfiledCodeHeapSize                     = 122909434                              {pd product} {ergonomic}
    uintx ReservedCodeCacheSize                    = 251658240                              {pd product} {ergonomic}
     bool SegmentedCodeCache                       = true                                      {product} {ergonomic}
     bool ShowCodeDetailsInExceptionMessages       = true                                   {manageable} {command line}
   size_t SoftMaxHeapSize                          = 2113929216                             {manageable} {ergonomic}
     bool UseCompressedClassPointers               = true                           {product lp64_product} {ergonomic}
     bool UseCompressedOops                        = true                           {product lp64_product} {ergonomic}
     bool UseG1GC                                  = true                                      {product} {ergonomic}
     bool UseLargePagesIndividualAllocation        = false                                  {pd product} {ergonomic}

Logging:
Log output configuration:
 #0: stdout all=warning uptime,level,tags
 #1: stderr all=off uptime,level,tags

Environment Variables:
JAVA_HOME=C:\Program Files\Java\zulu17.44.15-ca-jdk17.0.8-win_x64
PATH=C:\Program Files\Eclipse Adoptium\jdk-17.0.8.101-hotspot\bin;C:\Program Files\Java\zulu17.44.15-ca-jdk17.0.8-win_x64\bin;C:\Python311\Scripts\;C:\Python311\;C:\Program Files (x86)\Common Files\Oracle\Java\javapath;C:\Windows\system32;C:\Windows;C:\Windows\System32\Wbem;C:\Windows\System32\WindowsPowerShell\v1.0\;C:\Windows\System32\OpenSSH\;C:\Program Files\Microsoft SQL Server\Client SDK\ODBC\170\Tools\Binn\;E:\Program Files (x86)\Microsoft SQL Server\150\Tools\Binn\;C:\Program Files\Microsoft SQL Server\150\Tools\Binn\;C:\Program Files\Microsoft SQL Server\150\DTS\Binn\;E:\Program Files (x86)\Microsoft SQL Server\150\DTS\Binn\;C:\Program Files\Azure Data Studio\bin;C:\ProgramData\chocolatey\bin;C:\Program Files (x86)\Yarn\bin\;E:\Program Files\Git\cmd;E:\nodejs\;E:\Ruby32-x64\bin;C:\Ruby32-x64\bin;C:\Program Files\MySQL\MySQL Shell 8.0\bin\;C:\Users\Gabriel Xavier\AppData\Local\Microsoft\WindowsApps;E:\Microsoft VS Code\bin;C:\Program Files\Azure Data Studio\bin;C:\Users\Gabriel Xavier\AppData\Local\Yarn\bin;C:\Users\Gabriel Xavier\AppData\Roaming\npm;C:\Users\Gabriel Xavier\Downloads\apache-maven-3.9.6\bin
USERNAME=Gabriel Xavier
LANG=en_US.UTF-8
OS=Windows_NT
PROCESSOR_IDENTIFIER=Intel64 Family 6 Model 142 Stepping 10, GenuineIntel
TMP=C:\Users\GABRIE~1\AppData\Local\Temp
TEMP=C:\Users\GABRIE~1\AppData\Local\Temp



---------------  S Y S T E M  ---------------

OS:
 Windows 10 , 64 bit Build 19041 (10.0.19041.3636)
OS uptime: 14 days 1:43 hours

CPU: total 8 (initial active 8) (4 cores per cpu, 2 threads per core) family 6 model 142 stepping 10 microcode 0xd6, cx8, cmov, fxsr, ht, mmx, 3dnowpref, sse, sse2, sse3, ssse3, sse4.1, sse4.2, popcnt, lzcnt, tsc, tscinvbit, avx, avx2, aes, erms, clmul, bmi1, bmi2, adx, fma, vzeroupper, clflush, clflushopt
Processor Information for all 8 processors :
  Max Mhz: 1992, Current Mhz: 1792, Mhz Limit: 1792

Memory: 4k page, system-wide physical 8056M (391M free)
TotalPageFile size 22286M (AvailPageFile size 2M)
current process WorkingSet (physical memory assigned to process): 244M, peak: 244M
current process commit charge ("private bytes"): 280M, peak: 281M

vm_info: OpenJDK 64-Bit Server VM (17.0.8+7-LTS) for windows-amd64 JRE (17.0.8+7-LTS) (Zulu17.44+15-CA), built on Jul  5 2023 07:56:11 by "zulu_re" with MS VC++ 16.10 / 16.11 (VS2019)

END.
