#
# There is insufficient memory for the Java Runtime Environment to continue.
# Native memory allocation (malloc) failed to allocate 2097152 bytes for AllocateHeap
# Possible reasons:
#   The system is out of physical RAM or swap space
#   The process is running with CompressedOops enabled, and the Java Heap may be blocking the growth of the native heap
# Possible solutions:
#   Reduce memory load on the system
#   Increase physical memory or swap space
#   Check if swap backing store is full
#   Decrease Java heap size (-Xmx/-Xms)
#   Decrease number of Java threads
#   Decrease Java thread stack sizes (-Xss)
#   Set larger code cache with -XX:ReservedCodeCacheSize=
#   JVM is running with Unscaled Compressed Oops mode in which the Java heap is
#     placed in the first 4GB address space. The Java Heap base address is the
#     maximum limit for the native heap growth. Please use -XX:HeapBaseMinAddress
#     to set the Java Heap base and to place the Java Heap above 4GB virtual address.
# This output file may be truncated or incomplete.
#
#  Out of Memory Error (allocation.cpp:44), pid=19204, tid=13736
#
# JRE version: OpenJDK Runtime Environment Zulu17.44+15-CA (17.0.8+7) (build 17.0.8+7-LTS)
# Java VM: OpenJDK 64-Bit Server VM Zulu17.44+15-CA (17.0.8+7-LTS, mixed mode, sharing, tiered, compressed oops, compressed class ptrs, g1 gc, windows-amd64)
# No core dump will be written. Minidumps are not enabled by default on client versions of Windows
#

---------------  S U M M A R Y ------------

Command Line: -Dcom.sun.management.jmxremote -Dcom.sun.management.jmxremote.port=49243 -Dcom.sun.management.jmxremote.authenticate=false -Dcom.sun.management.jmxremote.ssl=false -Dspring.jmx.enabled=true -Djava.rmi.server.hostname=localhost -Dspring.application.admin.enabled=true -Dspring.boot.project.name=crud-srping -XX:+ShowCodeDetailsInExceptionMessages -Dmanagement.endpoints.jmx.exposure.include=* com.gabriel.crudsrping.CrudSrpingApplication

Host: Intel(R) Core(TM) i7-8550U CPU @ 1.80GHz, 8 cores, 7G,  Windows 10 , 64 bit Build 19041 (10.0.19041.3636)
Time: Sat Mar  9 13:43:13 2024 Hora oficial do Brasil elapsed time: 61689.135449 seconds (0d 17h 8m 9s)

---------------  T H R E A D  ---------------

Current thread (0x00000265ffceb950):  VMThread "VM Thread" [stack: 0x000000f19ec00000,0x000000f19ed00000] [id=13736]

Stack: [0x000000f19ec00000,0x000000f19ed00000]
Native frames: (J=compiled Java code, j=interpreted, Vv=VM code, C=native code)
V  [jvm.dll+0x67e01a]
V  [jvm.dll+0x83be54]
V  [jvm.dll+0x83d5fe]
V  [jvm.dll+0x83dc63]
V  [jvm.dll+0x24b18f]
V  [jvm.dll+0xa6b1b]
V  [jvm.dll+0x2fbb51]
V  [jvm.dll+0x2f7770]
V  [jvm.dll+0x2dfe77]
V  [jvm.dll+0x322d47]
V  [jvm.dll+0x84215b]
V  [jvm.dll+0x842e94]
V  [jvm.dll+0x8433ad]
V  [jvm.dll+0x843784]
V  [jvm.dll+0x843850]
V  [jvm.dll+0x7ebf6a]
V  [jvm.dll+0x67ce65]
C  [ucrtbase.dll+0x21bb2]
C  [KERNEL32.DLL+0x17344]
C  [ntdll.dll+0x526b1]

VM_Operation (0x000000f19e4ff120): G1CollectFull, mode: safepoint, requested by thread 0x00000265d514da40


---------------  P R O C E S S  ---------------

Threads class SMR info:
_java_thread_list=0x00000265da08d490, length=24, elements={
0x00000265ffcf0480, 0x00000265ffcf1210, 0x00000265ffd0c060, 0x00000265ffd0cb30,
0x00000265ffd0f410, 0x00000265ffd11cf0, 0x00000265ffd14510, 0x00000265ffd14ae0,
0x00000265ffd28ab0, 0x00000265d4121170, 0x00000265d41e2050, 0x00000265d4838570,
0x00000265d4795d30, 0x00000265d47ca230, 0x00000265d514fdb0, 0x00000265d70ed410,
0x00000265d7908230, 0x00000265d7904f90, 0x00000265d7907d20, 0x00000265d79068e0,
0x00000265d7909160, 0x00000265d7909670, 0x00000265d790a5a0, 0x00000265d514da40
}

Java Threads: ( => current thread )
  0x00000265ffcf0480 JavaThread "Reference Handler" daemon [_thread_blocked, id=21132, stack(0x000000f19ed00000,0x000000f19ee00000)]
  0x00000265ffcf1210 JavaThread "Finalizer" daemon [_thread_blocked, id=32624, stack(0x000000f19ee00000,0x000000f19ef00000)]
  0x00000265ffd0c060 JavaThread "Signal Dispatcher" daemon [_thread_blocked, id=19832, stack(0x000000f19ef00000,0x000000f19f000000)]
  0x00000265ffd0cb30 JavaThread "Attach Listener" daemon [_thread_blocked, id=28944, stack(0x000000f19f000000,0x000000f19f100000)]
  0x00000265ffd0f410 JavaThread "Service Thread" daemon [_thread_blocked, id=4736, stack(0x000000f19f100000,0x000000f19f200000)]
  0x00000265ffd11cf0 JavaThread "Monitor Deflation Thread" daemon [_thread_blocked, id=17668, stack(0x000000f19f200000,0x000000f19f300000)]
  0x00000265ffd14510 JavaThread "C2 CompilerThread0" daemon [_thread_blocked, id=34872, stack(0x000000f19f300000,0x000000f19f400000)]
  0x00000265ffd14ae0 JavaThread "C1 CompilerThread0" daemon [_thread_blocked, id=17752, stack(0x000000f19f400000,0x000000f19f500000)]
  0x00000265ffd28ab0 JavaThread "Sweeper thread" daemon [_thread_blocked, id=11072, stack(0x000000f19f500000,0x000000f19f600000)]
  0x00000265d4121170 JavaThread "Common-Cleaner" daemon [_thread_blocked, id=11224, stack(0x000000f19f600000,0x000000f19f700000)]
  0x00000265d41e2050 JavaThread "Notification Thread" daemon [_thread_blocked, id=25260, stack(0x000000f19f800000,0x000000f19f900000)]
  0x00000265d4838570 JavaThread "RMI TCP Accept-0" daemon [_thread_in_native, id=25436, stack(0x000000f19f700000,0x000000f19f800000)]
  0x00000265d4795d30 JavaThread "RMI TCP Accept-49243" daemon [_thread_in_native, id=35808, stack(0x000000f19f900000,0x000000f19fa00000)]
  0x00000265d47ca230 JavaThread "RMI TCP Accept-0" daemon [_thread_in_native, id=28404, stack(0x000000f19fa00000,0x000000f19fb00000)]
  0x00000265d514fdb0 JavaThread "RMI Scheduler(0)" daemon [_thread_blocked, id=1300, stack(0x000000f1a0700000,0x000000f1a0800000)]
  0x00000265d70ed410 JavaThread "Live Reload Server" daemon [_thread_in_native, id=34136, stack(0x000000f1a1400000,0x000000f1a1500000)]
  0x00000265d7908230 JavaThread "DestroyJavaVM" [_thread_blocked, id=22996, stack(0x000000f19e600000,0x000000f19e700000)]
  0x00000265d7904f90 JavaThread "File Watcher" daemon [_thread_blocked, id=18360, stack(0x000000f1a0400000,0x000000f1a0500000)]
  0x00000265d7907d20 JavaThread "File Watcher" daemon [_thread_blocked, id=24572, stack(0x000000f1a0500000,0x000000f1a0600000)]
  0x00000265d79068e0 JavaThread "File Watcher" daemon [_thread_blocked, id=35556, stack(0x000000f19e300000,0x000000f19e400000)]
  0x00000265d7909160 JavaThread "File Watcher" daemon [_thread_blocked, id=15976, stack(0x000000f19e500000,0x000000f19e600000)]
  0x00000265d7909670 JavaThread "Catalina-utility-2" [_thread_blocked, id=10484, stack(0x000000f1a0a00000,0x000000f1a0b00000)]
  0x00000265d790a5a0 JavaThread "PostgreSQL-JDBC-Cleaner" daemon [_thread_blocked, id=8340, stack(0x000000f1a0d00000,0x000000f1a0e00000)]
  0x00000265d514da40 JavaThread "Thread-7" [_thread_blocked, id=11780, stack(0x000000f19e400000,0x000000f19e500000)]

Other Threads:
=>0x00000265ffceb950 VMThread "VM Thread" [stack: 0x000000f19ec00000,0x000000f19ed00000] [id=13736]
  0x00000265eea57880 WatcherThread [stack: 0x000000f19fb00000,0x000000f19fc00000] [id=31880]
  0x00000265eeab84c0 GCTaskThread "GC Thread#0" [stack: 0x000000f19e700000,0x000000f19e800000] [id=22496]
  0x00000265d52b9ff0 GCTaskThread "GC Thread#1" [stack: 0x000000f19fc00000,0x000000f19fd00000] [id=11472]
  0x00000265d4932490 GCTaskThread "GC Thread#2" [stack: 0x000000f19fd00000,0x000000f19fe00000] [id=35276]
  0x00000265d51b7040 GCTaskThread "GC Thread#3" [stack: 0x000000f19fe00000,0x000000f19ff00000] [id=16540]
  0x00000265d5109830 GCTaskThread "GC Thread#4" [stack: 0x000000f19ff00000,0x000000f1a0000000] [id=3296]
  0x00000265d5109af0 GCTaskThread "GC Thread#5" [stack: 0x000000f1a0000000,0x000000f1a0100000] [id=5040]
  0x00000265d494d250 GCTaskThread "GC Thread#6" [stack: 0x000000f1a0100000,0x000000f1a0200000] [id=24736]
  0x00000265d494d510 GCTaskThread "GC Thread#7" [stack: 0x000000f1a0200000,0x000000f1a0300000] [id=10768]
  0x00000265eeac8f20 ConcurrentGCThread "G1 Main Marker" [stack: 0x000000f19e800000,0x000000f19e900000] [id=23064]
  0x00000265eeaca860 ConcurrentGCThread "G1 Conc#0" [stack: 0x000000f19e900000,0x000000f19ea00000] [id=26284]
  0x00000265d570c140 ConcurrentGCThread "G1 Conc#1" [stack: 0x000000f1a0900000,0x000000f1a0a00000] [id=12672]
  0x00000265ffba6170 ConcurrentGCThread "G1 Refine#0" [stack: 0x000000f19ea00000,0x000000f19eb00000] [id=18640]
  0x00000265d4bf4010 ConcurrentGCThread "G1 Refine#1" [stack: 0x000000f1a0300000,0x000000f1a0400000] [id=25104]
  0x00000265ffba6ab0 ConcurrentGCThread "G1 Service" [stack: 0x000000f19eb00000,0x000000f19ec00000] [id=22972]

Threads with active compile tasks:
C2 CompilerThread0  61689214 12159       4       org.springframework.core.ResolvableType::isArray (59 bytes)

VM state: at safepoint (normal execution)

VM Mutex/Monitor currently owned by a thread:  ([mutex/lock_event])
[0x00000265eea51c00] Threads_lock - owner thread: 0x00000265ffceb950
[0x00000265eea51780] Heap_lock - owner thread: 0x00000265d514da40

Heap address: 0x0000000082000000, size: 2016 MB, Compressed Oops mode: 32-bit

CDS archive(s) mapped at: [0x000002658f000000-0x000002658fc00000-0x000002658fc00000), size 12582912, SharedBaseAddress: 0x000002658f000000, ArchiveRelocationMode: 1.
Compressed class space mapped at: 0x0000026590000000-0x00000265d0000000, reserved size: 1073741824
Narrow klass base: 0x000002658f000000, Narrow klass shift: 0, Narrow klass range: 0x100000000

GC Precious Log:
 CPUs: 8 total, 8 available
 Memory: 8056M
 Large Page Support: Disabled
 NUMA Support: Disabled
 Compressed Oops: Enabled (32-bit)
 Heap Region Size: 1M
 Heap Min Capacity: 8M
 Heap Initial Capacity: 126M
 Heap Max Capacity: 2016M
 Pre-touch: Disabled
 Parallel Workers: 8
 Concurrent Workers: 2
 Concurrent Refinement Workers: 8
 Periodic GC: Disabled

Heap:
 garbage-first heap   total 192512K, used 119446K [0x0000000082000000, 0x0000000100000000)
  region size 1024K, 73 young (74752K), 6 survivors (6144K)
 Metaspace       used 76921K, committed 77568K, reserved 1179648K
  class space    used 10093K, committed 10368K, reserved 1048576K

Heap Regions: E=young(eden), S=young(survivor), O=old, HS=humongous(starts), HC=humongous(continues), CS=collection set, F=free, OA=open archive, CA=closed archive, TAMS=top-at-mark-start (previous, next)
|   0|0x0000000082000000, 0x0000000082100000, 0x0000000082100000|100%|HS|  |TAMS 0x0000000082100000, 0x0000000082000000| Complete 
|   1|0x0000000082100000, 0x0000000082200000, 0x0000000082200000|100%| O|  |TAMS 0x0000000082200000, 0x0000000082100000| Untracked 
|   2|0x0000000082200000, 0x00000000822fa078, 0x0000000082300000| 97%| O|  |TAMS 0x00000000822fa078, 0x0000000082200000| Untracked 
|   3|0x0000000082300000, 0x00000000823ffff8, 0x0000000082400000| 99%| O|  |TAMS 0x00000000823ffff8, 0x0000000082300000| Untracked 
|   4|0x0000000082400000, 0x00000000824fffe0, 0x0000000082500000| 99%| O|  |TAMS 0x00000000824fffe0, 0x0000000082400000| Untracked 
|   5|0x0000000082500000, 0x00000000825fff98, 0x0000000082600000| 99%| O|  |TAMS 0x00000000825fff98, 0x0000000082500000| Untracked 
|   6|0x0000000082600000, 0x00000000826ffbd0, 0x0000000082700000| 99%| O|  |TAMS 0x00000000826ffbd0, 0x0000000082600000| Untracked 
|   7|0x0000000082700000, 0x00000000827ffff8, 0x0000000082800000| 99%| O|  |TAMS 0x00000000827ffff8, 0x0000000082700000| Untracked 
|   8|0x0000000082800000, 0x00000000828fffc8, 0x0000000082900000| 99%| O|  |TAMS 0x00000000828fffc8, 0x0000000082800000| Untracked 
|   9|0x0000000082900000, 0x00000000829ffff8, 0x0000000082a00000| 99%| O|  |TAMS 0x00000000829ffff8, 0x0000000082900000| Untracked 
|  10|0x0000000082a00000, 0x0000000082affff8, 0x0000000082b00000| 99%| O|  |TAMS 0x0000000082affff8, 0x0000000082a00000| Untracked 
|  11|0x0000000082b00000, 0x0000000082bfffe8, 0x0000000082c00000| 99%| O|  |TAMS 0x0000000082bfffe8, 0x0000000082b00000| Untracked 
|  12|0x0000000082c00000, 0x0000000082cfffe8, 0x0000000082d00000| 99%| O|  |TAMS 0x0000000082cfffe8, 0x0000000082c00000| Untracked 
|  13|0x0000000082d00000, 0x0000000082dffff8, 0x0000000082e00000| 99%| O|  |TAMS 0x0000000082dffff8, 0x0000000082d00000| Untracked 
|  14|0x0000000082e00000, 0x0000000082effff8, 0x0000000082f00000| 99%| O|  |TAMS 0x0000000082effff8, 0x0000000082e00000| Untracked 
|  15|0x0000000082f00000, 0x0000000083000000, 0x0000000083000000|100%| O|  |TAMS 0x0000000083000000, 0x0000000082f00000| Untracked 
|  16|0x0000000083000000, 0x00000000830fffc0, 0x0000000083100000| 99%| O|  |TAMS 0x00000000830fffc0, 0x0000000083000000| Untracked 
|  17|0x0000000083100000, 0x00000000831fffa8, 0x0000000083200000| 99%| O|  |TAMS 0x00000000831fffa8, 0x0000000083100000| Untracked 
|  18|0x0000000083200000, 0x0000000083300000, 0x0000000083300000|100%| O|  |TAMS 0x0000000083300000, 0x0000000083200000| Untracked 
|  19|0x0000000083300000, 0x00000000833c7890, 0x0000000083400000| 77%| O|  |TAMS 0x00000000833c7890, 0x0000000083300000| Untracked 
|  20|0x0000000083400000, 0x00000000834fffe0, 0x0000000083500000| 99%| O|  |TAMS 0x00000000834fffe0, 0x0000000083400000| Untracked 
|  21|0x0000000083500000, 0x00000000835fffb0, 0x0000000083600000| 99%| O|  |TAMS 0x00000000835fffb0, 0x0000000083500000| Untracked 
|  22|0x0000000083600000, 0x00000000836fffe8, 0x0000000083700000| 99%| O|  |TAMS 0x00000000836fffe8, 0x0000000083600000| Untracked 
|  23|0x0000000083700000, 0x0000000083800000, 0x0000000083800000|100%| O|  |TAMS 0x0000000083800000, 0x0000000083700000| Untracked 
|  24|0x0000000083800000, 0x0000000083898ab8, 0x0000000083900000| 59%| O|  |TAMS 0x0000000083898ab8, 0x0000000083800000| Untracked 
|  25|0x0000000083900000, 0x0000000083a00000, 0x0000000083a00000|100%| O|  |TAMS 0x0000000083a00000, 0x0000000083900000| Untracked 
|  26|0x0000000083a00000, 0x0000000083b00000, 0x0000000083b00000|100%| O|  |TAMS 0x0000000083b00000, 0x0000000083a00000| Untracked 
|  27|0x0000000083b00000, 0x0000000083b00000, 0x0000000083c00000|  0%| F|  |TAMS 0x0000000083b00000, 0x0000000083b00000| Untracked 
|  28|0x0000000083c00000, 0x0000000083d00000, 0x0000000083d00000|100%| O|  |TAMS 0x0000000083d00000, 0x0000000083c00000| Untracked 
|  29|0x0000000083d00000, 0x0000000083e00000, 0x0000000083e00000|100%| O|  |TAMS 0x0000000083e00000, 0x0000000083d00000| Untracked 
|  30|0x0000000083e00000, 0x0000000083f00000, 0x0000000083f00000|100%| O|  |TAMS 0x0000000083f00000, 0x0000000083e00000| Complete 
|  31|0x0000000083f00000, 0x0000000084000000, 0x0000000084000000|100%| O|  |TAMS 0x0000000084000000, 0x0000000083f00000| Untracked 
|  32|0x0000000084000000, 0x0000000084100000, 0x0000000084100000|100%| O|  |TAMS 0x0000000084100000, 0x0000000084000000| Untracked 
|  33|0x0000000084100000, 0x0000000084200000, 0x0000000084200000|100%| O|  |TAMS 0x0000000084200000, 0x0000000084100000| Untracked 
|  34|0x0000000084200000, 0x0000000084300000, 0x0000000084300000|100%| O|  |TAMS 0x0000000084300000, 0x0000000084200000| Untracked 
|  35|0x0000000084300000, 0x0000000084400000, 0x0000000084400000|100%| O|  |TAMS 0x0000000084400000, 0x0000000084300000| Untracked 
|  36|0x0000000084400000, 0x00000000844c3800, 0x0000000084500000| 76%| O|  |TAMS 0x00000000844c3800, 0x0000000084400000| Untracked 
|  37|0x0000000084500000, 0x0000000084600000, 0x0000000084600000|100%| O|  |TAMS 0x0000000084600000, 0x0000000084500000| Untracked 
|  38|0x0000000084600000, 0x0000000084600000, 0x0000000084700000|  0%| F|  |TAMS 0x0000000084600000, 0x0000000084600000| Untracked 
|  39|0x0000000084700000, 0x0000000084800000, 0x0000000084800000|100%| O|  |TAMS 0x0000000084800000, 0x0000000084700000| Untracked 
|  40|0x0000000084800000, 0x0000000084900000, 0x0000000084900000|100%| O|  |TAMS 0x0000000084900000, 0x0000000084800000| Untracked 
|  41|0x0000000084900000, 0x0000000084a00000, 0x0000000084a00000|100%| O|  |TAMS 0x0000000084a00000, 0x0000000084900000| Untracked 
|  42|0x0000000084a00000, 0x0000000084b00000, 0x0000000084b00000|100%| O|  |TAMS 0x0000000084b00000, 0x0000000084a00000| Untracked 
|  43|0x0000000084b00000, 0x0000000084b00000, 0x0000000084c00000|  0%| F|  |TAMS 0x0000000084b00000, 0x0000000084b00000| Untracked 
|  44|0x0000000084c00000, 0x0000000084d00000, 0x0000000084d00000|100%| O|  |TAMS 0x0000000084d00000, 0x0000000084c00000| Untracked 
|  45|0x0000000084d00000, 0x0000000084e00000, 0x0000000084e00000|100%| O|  |TAMS 0x0000000084e00000, 0x0000000084d00000| Untracked 
|  46|0x0000000084e00000, 0x0000000084f00000, 0x0000000084f00000|100%| O|  |TAMS 0x0000000084f00000, 0x0000000084e00000| Untracked 
|  47|0x0000000084f00000, 0x0000000085000000, 0x0000000085000000|100%| O|  |TAMS 0x0000000085000000, 0x0000000084f00000| Untracked 
|  48|0x0000000085000000, 0x0000000085100000, 0x0000000085100000|100%| O|  |TAMS 0x0000000085100000, 0x0000000085000000| Complete 
|  49|0x0000000085100000, 0x0000000085100000, 0x0000000085200000|  0%| F|  |TAMS 0x0000000085100000, 0x0000000085100000| Untracked 
|  50|0x0000000085200000, 0x0000000085200000, 0x0000000085300000|  0%| F|  |TAMS 0x0000000085200000, 0x0000000085200000| Untracked 
|  51|0x0000000085300000, 0x0000000085300000, 0x0000000085400000|  0%| F|  |TAMS 0x0000000085300000, 0x0000000085300000| Untracked 
|  52|0x0000000085400000, 0x0000000085400000, 0x0000000085500000|  0%| F|  |TAMS 0x0000000085400000, 0x0000000085400000| Untracked 
|  53|0x0000000085500000, 0x0000000085500000, 0x0000000085600000|  0%| F|  |TAMS 0x0000000085500000, 0x0000000085500000| Untracked 
|  54|0x0000000085600000, 0x0000000085600000, 0x0000000085700000|  0%| F|  |TAMS 0x0000000085600000, 0x0000000085600000| Untracked 
|  55|0x0000000085700000, 0x0000000085700000, 0x0000000085800000|  0%| F|  |TAMS 0x0000000085700000, 0x0000000085700000| Untracked 
|  56|0x0000000085800000, 0x0000000085800000, 0x0000000085900000|  0%| F|  |TAMS 0x0000000085800000, 0x0000000085800000| Untracked 
|  57|0x0000000085900000, 0x0000000085900000, 0x0000000085a00000|  0%| F|  |TAMS 0x0000000085900000, 0x0000000085900000| Untracked 
|  58|0x0000000085a00000, 0x0000000085a00000, 0x0000000085b00000|  0%| F|  |TAMS 0x0000000085a00000, 0x0000000085a00000| Untracked 
|  59|0x0000000085b00000, 0x0000000085b00000, 0x0000000085c00000|  0%| F|  |TAMS 0x0000000085b00000, 0x0000000085b00000| Untracked 
|  60|0x0000000085c00000, 0x0000000085c00000, 0x0000000085d00000|  0%| F|  |TAMS 0x0000000085c00000, 0x0000000085c00000| Untracked 
|  61|0x0000000085d00000, 0x0000000085d00000, 0x0000000085e00000|  0%| F|  |TAMS 0x0000000085d00000, 0x0000000085d00000| Untracked 
|  62|0x0000000085e00000, 0x0000000085e00000, 0x0000000085f00000|  0%| F|  |TAMS 0x0000000085e00000, 0x0000000085e00000| Untracked 
|  63|0x0000000085f00000, 0x0000000085f00000, 0x0000000086000000|  0%| F|  |TAMS 0x0000000085f00000, 0x0000000085f00000| Untracked 
|  64|0x0000000086000000, 0x0000000086000000, 0x0000000086100000|  0%| F|  |TAMS 0x0000000086000000, 0x0000000086000000| Untracked 
|  65|0x0000000086100000, 0x0000000086100000, 0x0000000086200000|  0%| F|  |TAMS 0x0000000086100000, 0x0000000086100000| Untracked 
|  66|0x0000000086200000, 0x0000000086200000, 0x0000000086300000|  0%| F|  |TAMS 0x0000000086200000, 0x0000000086200000| Untracked 
|  67|0x0000000086300000, 0x0000000086300000, 0x0000000086400000|  0%| F|  |TAMS 0x0000000086300000, 0x0000000086300000| Untracked 
|  68|0x0000000086400000, 0x0000000086400000, 0x0000000086500000|  0%| F|  |TAMS 0x0000000086400000, 0x0000000086400000| Untracked 
|  69|0x0000000086500000, 0x0000000086500000, 0x0000000086600000|  0%| F|  |TAMS 0x0000000086500000, 0x0000000086500000| Untracked 
|  70|0x0000000086600000, 0x0000000086600000, 0x0000000086700000|  0%| F|  |TAMS 0x0000000086600000, 0x0000000086600000| Untracked 
|  71|0x0000000086700000, 0x0000000086700000, 0x0000000086800000|  0%| F|  |TAMS 0x0000000086700000, 0x0000000086700000| Untracked 
|  72|0x0000000086800000, 0x0000000086800000, 0x0000000086900000|  0%| F|  |TAMS 0x0000000086800000, 0x0000000086800000| Untracked 
|  73|0x0000000086900000, 0x0000000086900000, 0x0000000086a00000|  0%| F|  |TAMS 0x0000000086900000, 0x0000000086900000| Untracked 
|  74|0x0000000086a00000, 0x0000000086a884f0, 0x0000000086b00000| 53%| S|CS|TAMS 0x0000000086a00000, 0x0000000086a00000| Complete 
|  75|0x0000000086b00000, 0x0000000086c00000, 0x0000000086c00000|100%| S|CS|TAMS 0x0000000086b00000, 0x0000000086b00000| Complete 
|  76|0x0000000086c00000, 0x0000000086d00000, 0x0000000086d00000|100%| S|CS|TAMS 0x0000000086c00000, 0x0000000086c00000| Complete 
|  77|0x0000000086d00000, 0x0000000086e00000, 0x0000000086e00000|100%| S|CS|TAMS 0x0000000086d00000, 0x0000000086d00000| Complete 
|  78|0x0000000086e00000, 0x0000000086f00000, 0x0000000086f00000|100%| S|CS|TAMS 0x0000000086e00000, 0x0000000086e00000| Complete 
|  79|0x0000000086f00000, 0x0000000087000000, 0x0000000087000000|100%| S|CS|TAMS 0x0000000086f00000, 0x0000000086f00000| Complete 
|  80|0x0000000087000000, 0x0000000087000000, 0x0000000087100000|  0%| F|  |TAMS 0x0000000087000000, 0x0000000087000000| Untracked 
|  81|0x0000000087100000, 0x0000000087100000, 0x0000000087200000|  0%| F|  |TAMS 0x0000000087100000, 0x0000000087100000| Untracked 
|  82|0x0000000087200000, 0x0000000087200000, 0x0000000087300000|  0%| F|  |TAMS 0x0000000087200000, 0x0000000087200000| Untracked 
|  83|0x0000000087300000, 0x0000000087300000, 0x0000000087400000|  0%| F|  |TAMS 0x0000000087300000, 0x0000000087300000| Untracked 
|  84|0x0000000087400000, 0x0000000087400000, 0x0000000087500000|  0%| F|  |TAMS 0x0000000087400000, 0x0000000087400000| Untracked 
|  85|0x0000000087500000, 0x0000000087500000, 0x0000000087600000|  0%| F|  |TAMS 0x0000000087500000, 0x0000000087500000| Untracked 
|  86|0x0000000087600000, 0x0000000087600000, 0x0000000087700000|  0%| F|  |TAMS 0x0000000087600000, 0x0000000087600000| Untracked 
|  87|0x0000000087700000, 0x0000000087700000, 0x0000000087800000|  0%| F|  |TAMS 0x0000000087700000, 0x0000000087700000| Untracked 
|  88|0x0000000087800000, 0x0000000087800000, 0x0000000087900000|  0%| F|  |TAMS 0x0000000087800000, 0x0000000087800000| Untracked 
|  89|0x0000000087900000, 0x0000000087900000, 0x0000000087a00000|  0%| F|  |TAMS 0x0000000087900000, 0x0000000087900000| Untracked 
|  90|0x0000000087a00000, 0x0000000087a00000, 0x0000000087b00000|  0%| F|  |TAMS 0x0000000087a00000, 0x0000000087a00000| Untracked 
|  91|0x0000000087b00000, 0x0000000087b00000, 0x0000000087c00000|  0%| F|  |TAMS 0x0000000087b00000, 0x0000000087b00000| Untracked 
|  92|0x0000000087c00000, 0x0000000087c00000, 0x0000000087d00000|  0%| F|  |TAMS 0x0000000087c00000, 0x0000000087c00000| Untracked 
|  93|0x0000000087d00000, 0x0000000087d00000, 0x0000000087e00000|  0%| F|  |TAMS 0x0000000087d00000, 0x0000000087d00000| Untracked 
|  94|0x0000000087e00000, 0x0000000087e00000, 0x0000000087f00000|  0%| F|  |TAMS 0x0000000087e00000, 0x0000000087e00000| Untracked 
|  95|0x0000000087f00000, 0x0000000087f00000, 0x0000000088000000|  0%| F|  |TAMS 0x0000000087f00000, 0x0000000087f00000| Untracked 
|  96|0x0000000088000000, 0x0000000088000000, 0x0000000088100000|  0%| F|  |TAMS 0x0000000088000000, 0x0000000088000000| Untracked 
|  97|0x0000000088100000, 0x0000000088100000, 0x0000000088200000|  0%| F|  |TAMS 0x0000000088100000, 0x0000000088100000| Untracked 
|  98|0x0000000088200000, 0x0000000088200000, 0x0000000088300000|  0%| F|  |TAMS 0x0000000088200000, 0x0000000088200000| Untracked 
|  99|0x0000000088300000, 0x0000000088300000, 0x0000000088400000|  0%| F|  |TAMS 0x0000000088300000, 0x0000000088300000| Untracked 
| 100|0x0000000088400000, 0x0000000088400000, 0x0000000088500000|  0%| F|  |TAMS 0x0000000088400000, 0x0000000088400000| Untracked 
| 101|0x0000000088500000, 0x0000000088500000, 0x0000000088600000|  0%| F|  |TAMS 0x0000000088500000, 0x0000000088500000| Untracked 
| 102|0x0000000088600000, 0x0000000088600000, 0x0000000088700000|  0%| F|  |TAMS 0x0000000088600000, 0x0000000088600000| Untracked 
| 103|0x0000000088700000, 0x0000000088700000, 0x0000000088800000|  0%| F|  |TAMS 0x0000000088700000, 0x0000000088700000| Untracked 
| 104|0x0000000088800000, 0x0000000088800000, 0x0000000088900000|  0%| F|  |TAMS 0x0000000088800000, 0x0000000088800000| Untracked 
| 105|0x0000000088900000, 0x0000000088900000, 0x0000000088a00000|  0%| F|  |TAMS 0x0000000088900000, 0x0000000088900000| Untracked 
| 106|0x0000000088a00000, 0x0000000088a00000, 0x0000000088b00000|  0%| F|  |TAMS 0x0000000088a00000, 0x0000000088a00000| Untracked 
| 107|0x0000000088b00000, 0x0000000088b00000, 0x0000000088c00000|  0%| F|  |TAMS 0x0000000088b00000, 0x0000000088b00000| Untracked 
| 108|0x0000000088c00000, 0x0000000088c00000, 0x0000000088d00000|  0%| F|  |TAMS 0x0000000088c00000, 0x0000000088c00000| Untracked 
| 109|0x0000000088d00000, 0x0000000088d00000, 0x0000000088e00000|  0%| F|  |TAMS 0x0000000088d00000, 0x0000000088d00000| Untracked 
| 110|0x0000000088e00000, 0x0000000088e00000, 0x0000000088f00000|  0%| F|  |TAMS 0x0000000088e00000, 0x0000000088e00000| Untracked 
| 111|0x0000000088f00000, 0x0000000088f00000, 0x0000000089000000|  0%| F|  |TAMS 0x0000000088f00000, 0x0000000088f00000| Untracked 
| 112|0x0000000089000000, 0x0000000089000000, 0x0000000089100000|  0%| F|  |TAMS 0x0000000089000000, 0x0000000089000000| Untracked 
| 113|0x0000000089100000, 0x0000000089100000, 0x0000000089200000|  0%| F|  |TAMS 0x0000000089100000, 0x0000000089100000| Untracked 
| 114|0x0000000089200000, 0x0000000089200000, 0x0000000089300000|  0%| F|  |TAMS 0x0000000089200000, 0x0000000089200000| Untracked 
| 115|0x0000000089300000, 0x0000000089300000, 0x0000000089400000|  0%| F|  |TAMS 0x0000000089300000, 0x0000000089300000| Untracked 
| 116|0x0000000089400000, 0x0000000089400000, 0x0000000089500000|  0%| F|  |TAMS 0x0000000089400000, 0x0000000089400000| Untracked 
| 117|0x0000000089500000, 0x0000000089500000, 0x0000000089600000|  0%| F|  |TAMS 0x0000000089500000, 0x0000000089500000| Untracked 
| 118|0x0000000089600000, 0x0000000089600000, 0x0000000089700000|  0%| F|  |TAMS 0x0000000089600000, 0x0000000089600000| Untracked 
| 119|0x0000000089700000, 0x0000000089700000, 0x0000000089800000|  0%| F|  |TAMS 0x0000000089700000, 0x0000000089700000| Untracked 
| 120|0x0000000089800000, 0x0000000089800000, 0x0000000089900000|  0%| F|  |TAMS 0x0000000089800000, 0x0000000089800000| Untracked 
| 121|0x0000000089900000, 0x0000000089a00000, 0x0000000089a00000|100%| E|  |TAMS 0x0000000089900000, 0x0000000089900000| Complete 
| 122|0x0000000089a00000, 0x0000000089b00000, 0x0000000089b00000|100%| E|CS|TAMS 0x0000000089a00000, 0x0000000089a00000| Complete 
| 123|0x0000000089b00000, 0x0000000089c00000, 0x0000000089c00000|100%| E|CS|TAMS 0x0000000089b00000, 0x0000000089b00000| Complete 
| 124|0x0000000089c00000, 0x0000000089d00000, 0x0000000089d00000|100%| E|CS|TAMS 0x0000000089c00000, 0x0000000089c00000| Complete 
| 125|0x0000000089d00000, 0x0000000089e00000, 0x0000000089e00000|100%| E|CS|TAMS 0x0000000089d00000, 0x0000000089d00000| Complete 
| 126|0x0000000089e00000, 0x0000000089f00000, 0x0000000089f00000|100%| E|CS|TAMS 0x0000000089e00000, 0x0000000089e00000| Complete 
| 127|0x0000000089f00000, 0x000000008a000000, 0x000000008a000000|100%| E|CS|TAMS 0x0000000089f00000, 0x0000000089f00000| Complete 
| 128|0x000000008a000000, 0x000000008a100000, 0x000000008a100000|100%| E|CS|TAMS 0x000000008a000000, 0x000000008a000000| Complete 
| 129|0x000000008a100000, 0x000000008a200000, 0x000000008a200000|100%| E|CS|TAMS 0x000000008a100000, 0x000000008a100000| Complete 
| 130|0x000000008a200000, 0x000000008a300000, 0x000000008a300000|100%| E|CS|TAMS 0x000000008a200000, 0x000000008a200000| Complete 
| 131|0x000000008a300000, 0x000000008a400000, 0x000000008a400000|100%| E|CS|TAMS 0x000000008a300000, 0x000000008a300000| Complete 
| 132|0x000000008a400000, 0x000000008a500000, 0x000000008a500000|100%| E|CS|TAMS 0x000000008a400000, 0x000000008a400000| Complete 
| 133|0x000000008a500000, 0x000000008a600000, 0x000000008a600000|100%| E|CS|TAMS 0x000000008a500000, 0x000000008a500000| Complete 
| 134|0x000000008a600000, 0x000000008a700000, 0x000000008a700000|100%| E|CS|TAMS 0x000000008a600000, 0x000000008a600000| Complete 
| 135|0x000000008a700000, 0x000000008a800000, 0x000000008a800000|100%| E|CS|TAMS 0x000000008a700000, 0x000000008a700000| Complete 
| 136|0x000000008a800000, 0x000000008a900000, 0x000000008a900000|100%| E|CS|TAMS 0x000000008a800000, 0x000000008a800000| Complete 
| 137|0x000000008a900000, 0x000000008aa00000, 0x000000008aa00000|100%| E|CS|TAMS 0x000000008a900000, 0x000000008a900000| Complete 
| 138|0x000000008aa00000, 0x000000008ab00000, 0x000000008ab00000|100%| E|CS|TAMS 0x000000008aa00000, 0x000000008aa00000| Complete 
| 139|0x000000008ab00000, 0x000000008ac00000, 0x000000008ac00000|100%| E|CS|TAMS 0x000000008ab00000, 0x000000008ab00000| Complete 
| 140|0x000000008ac00000, 0x000000008ad00000, 0x000000008ad00000|100%| E|CS|TAMS 0x000000008ac00000, 0x000000008ac00000| Complete 
| 141|0x000000008ad00000, 0x000000008ae00000, 0x000000008ae00000|100%| E|CS|TAMS 0x000000008ad00000, 0x000000008ad00000| Complete 
| 142|0x000000008ae00000, 0x000000008af00000, 0x000000008af00000|100%| E|CS|TAMS 0x000000008ae00000, 0x000000008ae00000| Complete 
| 143|0x000000008af00000, 0x000000008b000000, 0x000000008b000000|100%| E|CS|TAMS 0x000000008af00000, 0x000000008af00000| Complete 
| 144|0x000000008b000000, 0x000000008b100000, 0x000000008b100000|100%| E|CS|TAMS 0x000000008b000000, 0x000000008b000000| Complete 
| 145|0x000000008b100000, 0x000000008b200000, 0x000000008b200000|100%| E|CS|TAMS 0x000000008b100000, 0x000000008b100000| Complete 
| 146|0x000000008b200000, 0x000000008b300000, 0x000000008b300000|100%| E|CS|TAMS 0x000000008b200000, 0x000000008b200000| Complete 
| 147|0x000000008b300000, 0x000000008b400000, 0x000000008b400000|100%| E|CS|TAMS 0x000000008b300000, 0x000000008b300000| Complete 
| 148|0x000000008b400000, 0x000000008b500000, 0x000000008b500000|100%| E|CS|TAMS 0x000000008b400000, 0x000000008b400000| Complete 
| 149|0x000000008b500000, 0x000000008b600000, 0x000000008b600000|100%| E|CS|TAMS 0x000000008b500000, 0x000000008b500000| Complete 
| 150|0x000000008b600000, 0x000000008b700000, 0x000000008b700000|100%| E|CS|TAMS 0x000000008b600000, 0x000000008b600000| Complete 
| 151|0x000000008b700000, 0x000000008b800000, 0x000000008b800000|100%| E|CS|TAMS 0x000000008b700000, 0x000000008b700000| Complete 
| 152|0x000000008b800000, 0x000000008b900000, 0x000000008b900000|100%| E|CS|TAMS 0x000000008b800000, 0x000000008b800000| Complete 
| 153|0x000000008b900000, 0x000000008ba00000, 0x000000008ba00000|100%| E|CS|TAMS 0x000000008b900000, 0x000000008b900000| Complete 
| 154|0x000000008ba00000, 0x000000008bb00000, 0x000000008bb00000|100%| E|CS|TAMS 0x000000008ba00000, 0x000000008ba00000| Complete 
| 155|0x000000008bb00000, 0x000000008bc00000, 0x000000008bc00000|100%| E|CS|TAMS 0x000000008bb00000, 0x000000008bb00000| Complete 
| 156|0x000000008bc00000, 0x000000008bd00000, 0x000000008bd00000|100%| E|CS|TAMS 0x000000008bc00000, 0x000000008bc00000| Complete 
| 157|0x000000008bd00000, 0x000000008be00000, 0x000000008be00000|100%| E|CS|TAMS 0x000000008bd00000, 0x000000008bd00000| Complete 
| 158|0x000000008be00000, 0x000000008bf00000, 0x000000008bf00000|100%| E|CS|TAMS 0x000000008be00000, 0x000000008be00000| Complete 
| 159|0x000000008bf00000, 0x000000008c000000, 0x000000008c000000|100%| E|CS|TAMS 0x000000008bf00000, 0x000000008bf00000| Complete 
| 160|0x000000008c000000, 0x000000008c100000, 0x000000008c100000|100%| E|CS|TAMS 0x000000008c000000, 0x000000008c000000| Complete 
| 161|0x000000008c100000, 0x000000008c200000, 0x000000008c200000|100%| E|CS|TAMS 0x000000008c100000, 0x000000008c100000| Complete 
| 162|0x000000008c200000, 0x000000008c300000, 0x000000008c300000|100%| E|CS|TAMS 0x000000008c200000, 0x000000008c200000| Complete 
| 163|0x000000008c300000, 0x000000008c400000, 0x000000008c400000|100%| E|CS|TAMS 0x000000008c300000, 0x000000008c300000| Complete 
| 164|0x000000008c400000, 0x000000008c500000, 0x000000008c500000|100%| E|CS|TAMS 0x000000008c400000, 0x000000008c400000| Complete 
| 165|0x000000008c500000, 0x000000008c600000, 0x000000008c600000|100%| E|CS|TAMS 0x000000008c500000, 0x000000008c500000| Complete 
| 166|0x000000008c600000, 0x000000008c700000, 0x000000008c700000|100%| E|CS|TAMS 0x000000008c600000, 0x000000008c600000| Complete 
| 167|0x000000008c700000, 0x000000008c800000, 0x000000008c800000|100%| E|CS|TAMS 0x000000008c700000, 0x000000008c700000| Complete 
| 168|0x000000008c800000, 0x000000008c900000, 0x000000008c900000|100%| E|CS|TAMS 0x000000008c800000, 0x000000008c800000| Complete 
| 169|0x000000008c900000, 0x000000008ca00000, 0x000000008ca00000|100%| E|CS|TAMS 0x000000008c900000, 0x000000008c900000| Complete 
| 170|0x000000008ca00000, 0x000000008cb00000, 0x000000008cb00000|100%| E|CS|TAMS 0x000000008ca00000, 0x000000008ca00000| Complete 
| 171|0x000000008cb00000, 0x000000008cc00000, 0x000000008cc00000|100%| E|CS|TAMS 0x000000008cb00000, 0x000000008cb00000| Complete 
| 172|0x000000008cc00000, 0x000000008cd00000, 0x000000008cd00000|100%| E|CS|TAMS 0x000000008cc00000, 0x000000008cc00000| Complete 
| 173|0x000000008cd00000, 0x000000008ce00000, 0x000000008ce00000|100%| E|CS|TAMS 0x000000008cd00000, 0x000000008cd00000| Complete 
| 174|0x000000008ce00000, 0x000000008cf00000, 0x000000008cf00000|100%| E|CS|TAMS 0x000000008ce00000, 0x000000008ce00000| Complete 
| 175|0x000000008cf00000, 0x000000008d000000, 0x000000008d000000|100%| E|CS|TAMS 0x000000008cf00000, 0x000000008cf00000| Complete 
| 176|0x000000008d000000, 0x000000008d100000, 0x000000008d100000|100%| E|CS|TAMS 0x000000008d000000, 0x000000008d000000| Complete 
| 177|0x000000008d100000, 0x000000008d200000, 0x000000008d200000|100%| E|CS|TAMS 0x000000008d100000, 0x000000008d100000| Complete 
| 178|0x000000008d200000, 0x000000008d300000, 0x000000008d300000|100%| E|CS|TAMS 0x000000008d200000, 0x000000008d200000| Complete 
| 179|0x000000008d300000, 0x000000008d400000, 0x000000008d400000|100%| E|CS|TAMS 0x000000008d300000, 0x000000008d300000| Complete 
| 180|0x000000008d400000, 0x000000008d500000, 0x000000008d500000|100%| E|CS|TAMS 0x000000008d400000, 0x000000008d400000| Complete 
| 181|0x000000008d500000, 0x000000008d600000, 0x000000008d600000|100%| E|CS|TAMS 0x000000008d500000, 0x000000008d500000| Complete 
| 182|0x000000008d600000, 0x000000008d700000, 0x000000008d700000|100%| E|CS|TAMS 0x000000008d600000, 0x000000008d600000| Complete 
| 183|0x000000008d700000, 0x000000008d800000, 0x000000008d800000|100%| E|CS|TAMS 0x000000008d700000, 0x000000008d700000| Complete 
| 184|0x000000008d800000, 0x000000008d900000, 0x000000008d900000|100%| E|CS|TAMS 0x000000008d800000, 0x000000008d800000| Complete 
| 185|0x000000008d900000, 0x000000008da00000, 0x000000008da00000|100%| E|CS|TAMS 0x000000008d900000, 0x000000008d900000| Complete 
| 186|0x000000008da00000, 0x000000008db00000, 0x000000008db00000|100%| E|CS|TAMS 0x000000008da00000, 0x000000008da00000| Complete 
| 187|0x000000008db00000, 0x000000008dc00000, 0x000000008dc00000|100%| E|CS|TAMS 0x000000008db00000, 0x000000008db00000| Complete 

Card table byte_map: [0x00000265f8c40000,0x00000265f9030000] _byte_map_base: 0x00000265f8830000

Marking Bits (Prev, Next): (CMBitMap*) 0x00000265eeab8a30, (CMBitMap*) 0x00000265eeab89f0
 Prev Bits: [0x00000265fb3a0000, 0x00000265fd320000)
 Next Bits: [0x00000265f9420000, 0x00000265fb3a0000)

Polling page: 0x00000265eeb10000

Metaspace:

Usage:
  Non-class:     65.26 MB used.
      Class:      9.86 MB used.
       Both:     75.12 MB used.

Virtual space:
  Non-class space:      128.00 MB reserved,      65.62 MB ( 51%) committed,  2 nodes.
      Class space:        1.00 GB reserved,      10.12 MB ( <1%) committed,  1 nodes.
             Both:        1.12 GB reserved,      75.75 MB (  7%) committed. 

Chunk freelists:
   Non-Class:  13.98 MB
       Class:  5.91 MB
        Both:  19.89 MB

MaxMetaspaceSize: unlimited
CompressedClassSpaceSize: 1.00 GB
Initial GC threshold: 21.00 MB
Current GC threshold: 125.62 MB
CDS: on
MetaspaceReclaimPolicy: balanced
 - commit_granule_bytes: 65536.
 - commit_granule_words: 8192.
 - virtual_space_node_default_size: 8388608.
 - enlarge_chunks_in_place: 1.
 - new_chunks_are_fully_committed: 0.
 - uncommit_free_chunks: 1.
 - use_allocation_guard: 0.
 - handle_deallocations: 1.


Internal statistics:

num_allocs_failed_limit: 6.
num_arena_births: 1250.
num_arena_deaths: 468.
num_vsnodes_births: 3.
num_vsnodes_deaths: 0.
num_space_committed: 1212.
num_space_uncommitted: 0.
num_chunks_returned_to_freelist: 584.
num_chunks_taken_from_freelist: 4328.
num_chunk_merges: 153.
num_chunk_splits: 2776.
num_chunks_enlarged: 2062.
num_inconsistent_stats: 0.

CodeHeap 'non-profiled nmethods': size=120000Kb used=9135Kb max_used=9135Kb free=110864Kb
 bounds [0x0000026587ad0000, 0x00000265883c0000, 0x000002658f000000]
CodeHeap 'profiled nmethods': size=120000Kb used=18173Kb max_used=18173Kb free=101826Kb
 bounds [0x0000026580000000, 0x00000265811d0000, 0x0000026587530000]
CodeHeap 'non-nmethods': size=5760Kb used=1337Kb max_used=1499Kb free=4422Kb
 bounds [0x0000026587530000, 0x00000265877a0000, 0x0000026587ad0000]
 total_blobs=10376 nmethods=9703 adapters=584
 compilation: enabled
              stopped_count=0, restarted_count=0
 full_count=0

Compilation events (20 events):
Event: 61689.084 Thread 0x00000265ffd14ae0 12163       1       org.apache.tomcat.util.net.AbstractEndpoint::getHandler (5 bytes)
Event: 61689.085 Thread 0x00000265ffd14ae0 nmethod 12163 0x00000265883bb510 code [0x00000265883bb6a0, 0x00000265883bb778]
Event: 61689.086 Thread 0x00000265ffd14ae0 12165   !   3       java.util.concurrent.locks.AbstractQueuedSynchronizer::acquire (407 bytes)
Event: 61689.091 Thread 0x00000265ffd14ae0 nmethod 12165 0x00000265811bca90 code [0x00000265811bce20, 0x00000265811be9a8]
Event: 61689.091 Thread 0x00000265ffd14ae0 12168       3       ch.qos.logback.classic.Level::isGreaterOrEqual (17 bytes)
Event: 61689.091 Thread 0x00000265ffd14ae0 nmethod 12168 0x00000265811bf290 code [0x00000265811bf420, 0x00000265811bf598]
Event: 61689.091 Thread 0x00000265ffd14ae0 12166       1       javax.management.Notification::getSequenceNumber (5 bytes)
Event: 61689.091 Thread 0x00000265ffd14ae0 nmethod 12166 0x00000265883bb810 code [0x00000265883bb9a0, 0x00000265883bba78]
Event: 61689.091 Thread 0x00000265ffd14ae0 12167       1       javax.management.Notification::setSequenceNumber (6 bytes)
Event: 61689.092 Thread 0x00000265ffd14ae0 nmethod 12167 0x00000265883bbb10 code [0x00000265883bbca0, 0x00000265883bbd78]
Event: 61689.093 Thread 0x00000265ffd14ae0 12169   !   3       org.springframework.beans.factory.support.DefaultSingletonBeanRegistry::destroySingleton (45 bytes)
Event: 61689.093 Thread 0x00000265ffd14ae0 nmethod 12169 0x00000265811bf690 code [0x00000265811bf860, 0x00000265811bfde8]
Event: 61689.093 Thread 0x00000265ffd14ae0 12171   !   3       org.springframework.beans.factory.support.FactoryBeanRegistrySupport::removeSingleton (34 bytes)
Event: 61689.094 Thread 0x00000265ffd14ae0 nmethod 12171 0x00000265811c0010 code [0x00000265811c01c0, 0x00000265811c04d8]
Event: 61689.094 Thread 0x00000265ffd14ae0 12170   !   3       org.springframework.beans.factory.support.AbstractAutowireCapableBeanFactory::removeSingleton (34 bytes)
Event: 61689.095 Thread 0x00000265ffd14ae0 nmethod 12170 0x00000265811c0690 code [0x00000265811c0880, 0x00000265811c0e08]
Event: 61689.095 Thread 0x00000265ffd14ae0 12172   !   3       java.util.concurrent.CopyOnWriteArrayList::remove (175 bytes)
Event: 61689.096 Thread 0x00000265ffd14ae0 nmethod 12172 0x00000265811c1110 code [0x00000265811c1360, 0x00000265811c1f38]
Event: 61689.101 Thread 0x00000265ffd14ae0 12173       2       org.postgresql.core.PGStream::isClosed (8 bytes)
Event: 61689.101 Thread 0x00000265ffd14ae0 nmethod 12173 0x00000265811c2490 code [0x00000265811c2620, 0x00000265811c2748]

GC Heap History (20 events):
Event: 61252.232 GC heap before
{Heap before GC invocations=108 (full 1):
 garbage-first heap   total 97280K, used 76716K [0x0000000082000000, 0x0000000100000000)
  region size 1024K, 43 young (44032K), 6 survivors (6144K)
 Metaspace       used 76209K, committed 76800K, reserved 1179648K
  class space    used 10057K, committed 10368K, reserved 1048576K
}
Event: 61252.251 GC heap after
{Heap after GC invocations=109 (full 1):
 garbage-first heap   total 97280K, used 41635K [0x0000000082000000, 0x0000000100000000)
  region size 1024K, 4 young (4096K), 4 survivors (4096K)
 Metaspace       used 76209K, committed 76800K, reserved 1179648K
  class space    used 10057K, committed 10368K, reserved 1048576K
}
Event: 61455.595 GC heap before
{Heap before GC invocations=110 (full 1):
 garbage-first heap   total 97280K, used 76451K [0x0000000082000000, 0x0000000100000000)
  region size 1024K, 38 young (38912K), 4 survivors (4096K)
 Metaspace       used 76265K, committed 76864K, reserved 1179648K
  class space    used 10060K, committed 10368K, reserved 1048576K
}
Event: 61455.822 GC heap after
{Heap after GC invocations=111 (full 1):
 garbage-first heap   total 97280K, used 44015K [0x0000000082000000, 0x0000000100000000)
  region size 1024K, 3 young (3072K), 3 survivors (3072K)
 Metaspace       used 76265K, committed 76864K, reserved 1179648K
  class space    used 10060K, committed 10368K, reserved 1048576K
}
Event: 61456.089 GC heap before
{Heap before GC invocations=111 (full 1):
 garbage-first heap   total 97280K, used 45039K [0x0000000082000000, 0x0000000100000000)
  region size 1024K, 4 young (4096K), 3 survivors (3072K)
 Metaspace       used 76268K, committed 76864K, reserved 1179648K
  class space    used 10060K, committed 10368K, reserved 1048576K
}
Event: 61456.116 GC heap after
{Heap after GC invocations=112 (full 1):
 garbage-first heap   total 97280K, used 42665K [0x0000000082000000, 0x0000000100000000)
  region size 1024K, 1 young (1024K), 1 survivors (1024K)
 Metaspace       used 76268K, committed 76864K, reserved 1179648K
  class space    used 10060K, committed 10368K, reserved 1048576K
}
Event: 61459.420 GC heap before
{Heap before GC invocations=112 (full 1):
 garbage-first heap   total 97280K, used 76457K [0x0000000082000000, 0x0000000100000000)
  region size 1024K, 34 young (34816K), 1 survivors (1024K)
 Metaspace       used 76304K, committed 76928K, reserved 1179648K
  class space    used 10062K, committed 10368K, reserved 1048576K
}
Event: 61459.442 GC heap after
{Heap after GC invocations=113 (full 1):
 garbage-first heap   total 97280K, used 44811K [0x0000000082000000, 0x0000000100000000)
  region size 1024K, 3 young (3072K), 3 survivors (3072K)
 Metaspace       used 76304K, committed 76928K, reserved 1179648K
  class space    used 10062K, committed 10368K, reserved 1048576K
}
Event: 61463.027 GC heap before
{Heap before GC invocations=114 (full 1):
 garbage-first heap   total 97280K, used 76555K [0x0000000082000000, 0x0000000100000000)
  region size 1024K, 35 young (35840K), 3 survivors (3072K)
 Metaspace       used 76410K, committed 77056K, reserved 1179648K
  class space    used 10069K, committed 10368K, reserved 1048576K
}
Event: 61463.054 GC heap after
{Heap after GC invocations=115 (full 1):
 garbage-first heap   total 97280K, used 46302K [0x0000000082000000, 0x0000000100000000)
  region size 1024K, 2 young (2048K), 2 survivors (2048K)
 Metaspace       used 76410K, committed 77056K, reserved 1179648K
  class space    used 10069K, committed 10368K, reserved 1048576K
}
Event: 61463.153 GC heap before
{Heap before GC invocations=115 (full 1):
 garbage-first heap   total 97280K, used 48350K [0x0000000082000000, 0x0000000100000000)
  region size 1024K, 4 young (4096K), 2 survivors (2048K)
 Metaspace       used 76483K, committed 77120K, reserved 1179648K
  class space    used 10073K, committed 10368K, reserved 1048576K
}
Event: 61463.179 GC heap after
{Heap after GC invocations=116 (full 1):
 garbage-first heap   total 97280K, used 43772K [0x0000000082000000, 0x0000000100000000)
  region size 1024K, 1 young (1024K), 1 survivors (1024K)
 Metaspace       used 76483K, committed 77120K, reserved 1179648K
  class space    used 10073K, committed 10368K, reserved 1048576K
}
Event: 61463.777 GC heap before
{Heap before GC invocations=116 (full 1):
 garbage-first heap   total 97280K, used 77564K [0x0000000082000000, 0x0000000100000000)
  region size 1024K, 34 young (34816K), 1 survivors (1024K)
 Metaspace       used 76553K, committed 77184K, reserved 1179648K
  class space    used 10076K, committed 10368K, reserved 1048576K
}
Event: 61463.784 GC heap after
{Heap after GC invocations=117 (full 1):
 garbage-first heap   total 97280K, used 45159K [0x0000000082000000, 0x0000000100000000)
  region size 1024K, 2 young (2048K), 2 survivors (2048K)
 Metaspace       used 76553K, committed 77184K, reserved 1179648K
  class space    used 10076K, committed 10368K, reserved 1048576K
}
Event: 61464.515 GC heap before
{Heap before GC invocations=118 (full 1):
 garbage-first heap   total 97280K, used 78951K [0x0000000082000000, 0x0000000100000000)
  region size 1024K, 35 young (35840K), 2 survivors (2048K)
 Metaspace       used 76576K, committed 77184K, reserved 1179648K
  class space    used 10076K, committed 10368K, reserved 1048576K
}
Event: 61464.520 GC heap after
{Heap after GC invocations=119 (full 1):
 garbage-first heap   total 97280K, used 46506K [0x0000000082000000, 0x0000000100000000)
  region size 1024K, 3 young (3072K), 3 survivors (3072K)
 Metaspace       used 76576K, committed 77184K, reserved 1179648K
  class space    used 10076K, committed 10368K, reserved 1048576K
}
Event: 61464.532 GC heap before
{Heap before GC invocations=119 (full 1):
 garbage-first heap   total 97280K, used 47530K [0x0000000082000000, 0x0000000100000000)
  region size 1024K, 4 young (4096K), 3 survivors (3072K)
 Metaspace       used 76577K, committed 77184K, reserved 1179648K
  class space    used 10076K, committed 10368K, reserved 1048576K
}
Event: 61464.560 GC heap after
{Heap after GC invocations=120 (full 1):
 garbage-first heap   total 192512K, used 46673K [0x0000000082000000, 0x0000000100000000)
  region size 1024K, 1 young (1024K), 1 survivors (1024K)
 Metaspace       used 76577K, committed 77184K, reserved 1179648K
  class space    used 10076K, committed 10368K, reserved 1048576K
}
Event: 61678.247 GC heap before
{Heap before GC invocations=120 (full 1):
 garbage-first heap   total 192512K, used 156241K [0x0000000082000000, 0x0000000100000000)
  region size 1024K, 108 young (110592K), 1 survivors (1024K)
 Metaspace       used 76751K, committed 77312K, reserved 1179648K
  class space    used 10085K, committed 10368K, reserved 1048576K
}
Event: 61678.307 GC heap after
{Heap after GC invocations=121 (full 1):
 garbage-first heap   total 192512K, used 51862K [0x0000000082000000, 0x0000000100000000)
  region size 1024K, 6 young (6144K), 6 survivors (6144K)
 Metaspace       used 76751K, committed 77312K, reserved 1179648K
  class space    used 10085K, committed 10368K, reserved 1048576K
}

Dll operation events (10 events):
Event: 0.008 Loaded shared library C:\Program Files\Java\zulu17.44.15-ca-jdk17.0.8-win_x64\bin\java.dll
Event: 0.028 Loaded shared library C:\Program Files\Java\zulu17.44.15-ca-jdk17.0.8-win_x64\bin\jsvml.dll
Event: 0.151 Loaded shared library C:\Program Files\Java\zulu17.44.15-ca-jdk17.0.8-win_x64\bin\jimage.dll
Event: 0.158 Loaded shared library C:\Program Files\Java\zulu17.44.15-ca-jdk17.0.8-win_x64\bin\net.dll
Event: 0.160 Loaded shared library C:\Program Files\Java\zulu17.44.15-ca-jdk17.0.8-win_x64\bin\nio.dll
Event: 0.163 Loaded shared library C:\Program Files\Java\zulu17.44.15-ca-jdk17.0.8-win_x64\bin\zip.dll
Event: 0.254 Loaded shared library C:\Program Files\Java\zulu17.44.15-ca-jdk17.0.8-win_x64\bin\management.dll
Event: 0.279 Loaded shared library C:\Program Files\Java\zulu17.44.15-ca-jdk17.0.8-win_x64\bin\management_ext.dll
Event: 5.612 Loaded shared library C:\Program Files\Java\zulu17.44.15-ca-jdk17.0.8-win_x64\bin\sunmscapi.dll
Event: 15.790 Loaded shared library C:\Program Files\Java\zulu17.44.15-ca-jdk17.0.8-win_x64\bin\verify.dll

Deoptimization events (20 events):
Event: 61680.607 Thread 0x00000265d790a090 Uncommon trap: trap_request=0xffffffde fr.pc=0x0000026588201384 relative=0x0000000000000ca4
Event: 61680.607 Thread 0x00000265d790a090 Uncommon trap: reason=class_check action=maybe_recompile pc=0x0000026588201384 method=org.springframework.core.ResolvableType.resolveType()Lorg/springframework/core/ResolvableType; @ 44 c2
Event: 61680.607 Thread 0x00000265d790a090 DEOPT PACKING pc=0x0000026588201384 sp=0x000000f1a06fdc80
Event: 61680.607 Thread 0x00000265d790a090 DEOPT UNPACKING pc=0x00000265875869a3 sp=0x000000f1a06fdbd8 mode 2
Event: 61680.610 Thread 0x00000265d790a090 Uncommon trap: trap_request=0xffffffc6 fr.pc=0x0000026587ef99f4 relative=0x0000000000000bf4
Event: 61680.610 Thread 0x00000265d790a090 Uncommon trap: reason=bimorphic_or_optimized_type_check action=maybe_recompile pc=0x0000026587ef99f4 method=java.util.TreeMap.forEach(Ljava/util/function/BiConsumer;)V @ 28 c2
Event: 61680.610 Thread 0x00000265d790a090 DEOPT PACKING pc=0x0000026587ef99f4 sp=0x000000f1a06fddf0
Event: 61680.610 Thread 0x00000265d790a090 DEOPT UNPACKING pc=0x00000265875869a3 sp=0x000000f1a06fdde0 mode 2
Event: 61680.612 Thread 0x00000265d790a090 Uncommon trap: trap_request=0xffffff76 fr.pc=0x0000026588255070 relative=0x00000000000006b0
Event: 61680.612 Thread 0x00000265d790a090 Uncommon trap: reason=predicate action=maybe_recompile pc=0x0000026588255070 method=java.util.ArrayList.batchRemove(Ljava/util/Collection;ZII)Z @ 58 c2
Event: 61680.612 Thread 0x00000265d790a090 DEOPT PACKING pc=0x0000026588255070 sp=0x000000f1a06fdde0
Event: 61680.612 Thread 0x00000265d790a090 DEOPT UNPACKING pc=0x00000265875869a3 sp=0x000000f1a06fdd50 mode 2
Event: 61680.616 Thread 0x00000265d790a090 Uncommon trap: trap_request=0xffffffde fr.pc=0x0000026588022b2c relative=0x000000000000056c
Event: 61680.616 Thread 0x00000265d790a090 Uncommon trap: reason=class_check action=maybe_recompile pc=0x0000026588022b2c method=org.springframework.core.ResolvableType.resolveType()Lorg/springframework/core/ResolvableType; @ 44 c2
Event: 61680.616 Thread 0x00000265d790a090 DEOPT PACKING pc=0x0000026588022b2c sp=0x000000f1a06fdba0
Event: 61680.616 Thread 0x00000265d790a090 DEOPT UNPACKING pc=0x00000265875869a3 sp=0x000000f1a06fdb70 mode 2
Event: 61681.513 Thread 0x00000265d70ec9f0 Uncommon trap: trap_request=0xffffff45 fr.pc=0x0000026587f5468c relative=0x000000000000044c
Event: 61681.513 Thread 0x00000265d70ec9f0 Uncommon trap: reason=unstable_if action=reinterpret pc=0x0000026587f5468c method=org.apache.tomcat.util.net.NioEndpoint$Poller.timeout(IZ)V @ 10 c2
Event: 61681.513 Thread 0x00000265d70ec9f0 DEOPT PACKING pc=0x0000026587f5468c sp=0x000000f1a1dfef20
Event: 61681.513 Thread 0x00000265d70ec9f0 DEOPT UNPACKING pc=0x00000265875869a3 sp=0x000000f1a1dfeec0 mode 2

Classes unloaded (20 events):
Event: 48120.151 Thread 0x00000265ffceb950 Unloading class 0x000002659037c000 'jdk/internal/reflect/GeneratedConstructorAccessor63'
Event: 48120.151 Thread 0x00000265ffceb950 Unloading class 0x0000026590284400 'jdk/internal/reflect/GeneratedConstructorAccessor61'
Event: 48120.151 Thread 0x00000265ffceb950 Unloading class 0x00000265902c9800 'jdk/internal/reflect/GeneratedConstructorAccessor60'
Event: 48120.151 Thread 0x00000265ffceb950 Unloading class 0x00000265902d9000 'jdk/internal/reflect/GeneratedConstructorAccessor59'
Event: 48120.151 Thread 0x00000265ffceb950 Unloading class 0x00000265902da000 'jdk/internal/reflect/GeneratedConstructorAccessor58'
Event: 48120.151 Thread 0x00000265ffceb950 Unloading class 0x00000265902da800 'jdk/internal/reflect/GeneratedConstructorAccessor57'
Event: 48120.151 Thread 0x00000265ffceb950 Unloading class 0x00000265909fb000 'jdk/internal/reflect/GeneratedConstructorAccessor56'
Event: 61252.326 Thread 0x00000265ffceb950 Unloading class 0x00000265900d6000 'java/lang/invoke/LambdaForm$MH+0x00000265900d6000'
Event: 61252.326 Thread 0x00000265ffceb950 Unloading class 0x0000026590148c00 'java/lang/invoke/LambdaForm$MH+0x0000026590148c00'
Event: 61252.326 Thread 0x00000265ffceb950 Unloading class 0x0000026590150800 'java/lang/invoke/LambdaForm$MH+0x0000026590150800'
Event: 61252.326 Thread 0x00000265ffceb950 Unloading class 0x000002659015cc00 'java/lang/invoke/LambdaForm$MH+0x000002659015cc00'
Event: 61252.326 Thread 0x00000265ffceb950 Unloading class 0x000002659015f800 'java/lang/invoke/LambdaForm$MH+0x000002659015f800'
Event: 61252.326 Thread 0x00000265ffceb950 Unloading class 0x0000026590180400 'java/lang/invoke/LambdaForm$MH+0x0000026590180400'
Event: 61252.326 Thread 0x00000265ffceb950 Unloading class 0x000002659038d000 'org/apache/catalina/loader/JdbcLeakPrevention'
Event: 61252.326 Thread 0x00000265ffceb950 Unloading class 0x0000026590182c00 'java/lang/invoke/LambdaForm$MH+0x0000026590182c00'
Event: 61252.326 Thread 0x00000265ffceb950 Unloading class 0x000002659018c000 'java/lang/invoke/LambdaForm$MH+0x000002659018c000'
Event: 61252.326 Thread 0x00000265ffceb950 Unloading class 0x000002659018d400 'java/lang/invoke/LambdaForm$MH+0x000002659018d400'
Event: 61252.326 Thread 0x00000265ffceb950 Unloading class 0x0000026590190800 'java/lang/invoke/LambdaForm$MH+0x0000026590190800'
Event: 61252.326 Thread 0x00000265ffceb950 Unloading class 0x00000265901c0000 'java/lang/invoke/LambdaForm$MH+0x00000265901c0000'
Event: 61252.326 Thread 0x00000265ffceb950 Unloading class 0x00000265904e8000 'java/lang/invoke/LambdaForm$MH+0x00000265904e8000'

Classes redefined (0 events):
No events

Internal exceptions (20 events):
Event: 61674.656 Thread 0x00000265d790a090 Exception <a 'sun/nio/fs/WindowsException'{0x000000008a7f1868}> (0x000000008a7f1868) 
thrown [s\src\hotspot\share\prims\jni.cpp, line 516]
Event: 61674.703 Thread 0x00000265d790a090 Exception <a 'sun/nio/fs/WindowsException'{0x000000008a628570}> (0x000000008a628570) 
thrown [s\src\hotspot\share\prims\jni.cpp, line 516]
Event: 61674.839 Thread 0x00000265d790a090 Exception <a 'java/lang/NoClassDefFoundError'{0x000000008a48cd88}: org/flywaydb/core/Flyway> (0x000000008a48cd88) 
thrown [s\src\hotspot\share\oops\constantPool.cpp, line 835]
Event: 61674.839 Thread 0x00000265d790a090 Exception <a 'java/lang/NoClassDefFoundError'{0x000000008a48d3d8}: liquibase/integration/spring/SpringLiquibase> (0x000000008a48d3d8) 
thrown [s\src\hotspot\share\oops\constantPool.cpp, line 835]
Event: 61674.903 Thread 0x00000265d790a090 Exception <a 'java/lang/NoClassDefFoundError'{0x000000008a4ffb78}: org/jooq/DSLContext> (0x000000008a4ffb78) 
thrown [s\src\hotspot\share\oops\constantPool.cpp, line 835]
Event: 61674.904 Thread 0x00000265d790a090 Exception <a 'java/lang/NoClassDefFoundError'{0x000000008a308d00}: org/springframework/batch/core/repository/JobRepository> (0x000000008a308d00) 
thrown [s\src\hotspot\share\oops\constantPool.cpp, line 835]
Event: 61674.904 Thread 0x00000265d790a090 Exception <a 'java/lang/NoClassDefFoundError'{0x000000008a309348}: org/quartz/Scheduler> (0x000000008a309348) 
thrown [s\src\hotspot\share\oops\constantPool.cpp, line 835]
Event: 61674.904 Thread 0x00000265d790a090 Exception <a 'java/lang/NoClassDefFoundError'{0x000000008a3099b8}: org/springframework/session/jdbc/JdbcIndexedSessionRepository> (0x000000008a3099b8) 
thrown [s\src\hotspot\share\oops\constantPool.cpp, line 835]
Event: 61675.183 Thread 0x00000265d790a090 Exception <a 'java/lang/ArrayIndexOutOfBoundsException'{0x000000008a3ffbb8}> (0x000000008a3ffbb8) 
thrown [s\src\hotspot\share\runtime\sharedRuntime.cpp, line 634]
Event: 61675.183 Thread 0x00000265d790a090 Exception <a 'java/lang/ArrayIndexOutOfBoundsException'{0x000000008a200408}> (0x000000008a200408) 
thrown [s\src\hotspot\share\runtime\sharedRuntime.cpp, line 634]
Event: 61675.434 Thread 0x00000265d790a090 Exception <a 'java/lang/ArrayIndexOutOfBoundsException'{0x000000008a246650}> (0x000000008a246650) 
thrown [s\src\hotspot\share\runtime\sharedRuntime.cpp, line 634]
Event: 61675.434 Thread 0x00000265d790a090 Exception <a 'java/lang/ArrayIndexOutOfBoundsException'{0x000000008a246c18}> (0x000000008a246c18) 
thrown [s\src\hotspot\share\runtime\sharedRuntime.cpp, line 634]
Event: 61676.167 Thread 0x00000265d790a090 Exception <a 'sun/nio/fs/WindowsException'{0x0000000089675118}> (0x0000000089675118) 
thrown [s\src\hotspot\share\prims\jni.cpp, line 516]
Event: 61676.168 Thread 0x00000265d790a090 Exception <a 'sun/nio/fs/WindowsException'{0x0000000089675840}> (0x0000000089675840) 
thrown [s\src\hotspot\share\prims\jni.cpp, line 516]
Event: 61676.168 Thread 0x00000265d790a090 Exception <a 'sun/nio/fs/WindowsException'{0x0000000089675f38}> (0x0000000089675f38) 
thrown [s\src\hotspot\share\prims\jni.cpp, line 516]
Event: 61676.292 Thread 0x00000265d790a090 Exception <a 'java/io/FileNotFoundException'{0x00000000896be008}> (0x00000000896be008) 
thrown [s\src\hotspot\share\prims\jni.cpp, line 516]
Event: 61676.764 Thread 0x00000265d790a090 Exception <a 'java/io/FileNotFoundException'{0x0000000088c1e088}> (0x0000000088c1e088) 
thrown [s\src\hotspot\share\prims\jni.cpp, line 516]
Event: 61676.918 Thread 0x00000265d790a090 Exception <a 'sun/nio/fs/WindowsException'{0x0000000088550310}> (0x0000000088550310) 
thrown [s\src\hotspot\share\prims\jni.cpp, line 516]
Event: 61678.379 Thread 0x00000265d790a090 Exception <a 'sun/nio/fs/WindowsException'{0x000000008d99da10}> (0x000000008d99da10) 
thrown [s\src\hotspot\share\prims\jni.cpp, line 516]
Event: 61689.119 Thread 0x00000265d7909b80 Exception <a 'java/lang/InterruptedException'{0x000000008998e6c0}: sleep interrupted> (0x000000008998e6c0) 
thrown [s\src\hotspot\share\prims\jvm.cpp, line 3070]

VM Operations (20 events):
Event: 61673.993 Executing VM operation: Cleanup done
Event: 61675.007 Executing VM operation: Cleanup
Event: 61675.028 Executing VM operation: Cleanup done
Event: 61676.036 Executing VM operation: Cleanup
Event: 61676.038 Executing VM operation: Cleanup done
Event: 61677.044 Executing VM operation: Cleanup
Event: 61677.045 Executing VM operation: Cleanup done
Event: 61678.052 Executing VM operation: Cleanup
Event: 61678.052 Executing VM operation: Cleanup done
Event: 61678.246 Executing VM operation: G1CollectForAllocation
Event: 61678.307 Executing VM operation: G1CollectForAllocation done
Event: 61678.514 Executing VM operation: G1PauseRemark
Event: 61679.318 Executing VM operation: G1PauseRemark done
Event: 61679.379 Executing VM operation: G1PauseCleanup
Event: 61679.420 Executing VM operation: G1PauseCleanup done
Event: 61680.095 Executing VM operation: HandshakeAllThreads
Event: 61680.104 Executing VM operation: HandshakeAllThreads done
Event: 61681.107 Executing VM operation: Cleanup
Event: 61681.107 Executing VM operation: Cleanup done
Event: 61689.120 Executing VM operation: G1CollectFull

Events (20 events):
Event: 61685.717 Thread 0x00000265d4b248a0 Thread exited: 0x00000265d4b248a0
Event: 61689.011 Thread 0x00000265d514da40 Thread added: 0x00000265d514da40
Event: 61689.011 Thread 0x00000265d790b4d0 Thread exited: 0x00000265d790b4d0
Event: 61689.084 Thread 0x00000265d514df50 Thread exited: 0x00000265d514df50
Event: 61689.085 Thread 0x00000265d70ec9f0 Thread exited: 0x00000265d70ec9f0
Event: 61689.085 Thread 0x00000265d7905ec0 Thread exited: 0x00000265d7905ec0
Event: 61689.085 Thread 0x00000265d70ed920 Thread exited: 0x00000265d70ed920
Event: 61689.086 Thread 0x00000265d70ebfd0 Thread exited: 0x00000265d70ebfd0
Event: 61689.086 Thread 0x00000265d70eed60 Thread exited: 0x00000265d70eed60
Event: 61689.086 Thread 0x00000265d70ecf00 Thread exited: 0x00000265d70ecf00
Event: 61689.086 Thread 0x00000265d7904570 Thread exited: 0x00000265d7904570
Event: 61689.086 Thread 0x00000265d70ef780 Thread exited: 0x00000265d70ef780
Event: 61689.086 Thread 0x00000265d70ee850 Thread exited: 0x00000265d70ee850
Event: 61689.086 Thread 0x00000265d70ede30 Thread exited: 0x00000265d70ede30
Event: 61689.086 Thread 0x00000265d790b9e0 Thread exited: 0x00000265d790b9e0
Event: 61689.095 Thread 0x00000265d514d020 Thread added: 0x00000265d514d020
Event: 61689.095 Thread 0x00000265d790aab0 Thread exited: 0x00000265d790aab0
Event: 61689.102 Thread 0x00000265d514d020 Thread exited: 0x00000265d514d020
Event: 61689.118 Thread 0x00000265d7906df0 Thread exited: 0x00000265d7906df0
Event: 61689.119 Thread 0x00000265d7909b80 Thread exited: 0x00000265d7909b80


Dynamic libraries:
0x00007ff7f9640000 - 0x00007ff7f964e000 	C:\Program Files\Java\zulu17.44.15-ca-jdk17.0.8-win_x64\bin\java.exe
0x00007ffcd3690000 - 0x00007ffcd3888000 	C:\Windows\SYSTEM32\ntdll.dll
0x00007ffcd3020000 - 0x00007ffcd30dd000 	C:\Windows\System32\KERNEL32.DLL
0x00007ffcd0ea0000 - 0x00007ffcd1196000 	C:\Windows\System32\KERNELBASE.dll
0x00007ffcd11a0000 - 0x00007ffcd12a0000 	C:\Windows\System32\ucrtbase.dll
0x00007ffccba30000 - 0x00007ffccba49000 	C:\Program Files\Java\zulu17.44.15-ca-jdk17.0.8-win_x64\bin\jli.dll
0x00007ffccdb90000 - 0x00007ffccdbab000 	C:\Program Files\Java\zulu17.44.15-ca-jdk17.0.8-win_x64\bin\VCRUNTIME140.dll
0x00007ffcd1db0000 - 0x00007ffcd1f4e000 	C:\Windows\System32\USER32.dll
0x00007ffcd1340000 - 0x00007ffcd1362000 	C:\Windows\System32\win32u.dll
0x00007ffcd0120000 - 0x00007ffcd03ba000 	C:\Windows\WinSxS\amd64_microsoft.windows.common-controls_6595b64144ccf1df_6.0.19041.3636_none_60b6a03d71f818d5\COMCTL32.dll
0x00007ffcd1cc0000 - 0x00007ffcd1ceb000 	C:\Windows\System32\GDI32.dll
0x00007ffcd3200000 - 0x00007ffcd329e000 	C:\Windows\System32\msvcrt.dll
0x00007ffcd0d80000 - 0x00007ffcd0e97000 	C:\Windows\System32\gdi32full.dll
0x00007ffcd12a0000 - 0x00007ffcd133d000 	C:\Windows\System32\msvcp_win.dll
0x00007ffcd3610000 - 0x00007ffcd3642000 	C:\Windows\System32\IMM32.DLL
0x00007ffccdf20000 - 0x00007ffccdf2c000 	C:\Program Files\Java\zulu17.44.15-ca-jdk17.0.8-win_x64\bin\vcruntime140_1.dll
0x00007ffcb61b0000 - 0x00007ffcb623d000 	C:\Program Files\Java\zulu17.44.15-ca-jdk17.0.8-win_x64\bin\msvcp140.dll
0x00007ffc90610000 - 0x00007ffc91278000 	C:\Program Files\Java\zulu17.44.15-ca-jdk17.0.8-win_x64\bin\server\jvm.dll
0x00007ffcd3140000 - 0x00007ffcd31f3000 	C:\Windows\System32\ADVAPI32.dll
0x00007ffcd25f0000 - 0x00007ffcd268f000 	C:\Windows\System32\sechost.dll
0x00007ffcd2090000 - 0x00007ffcd21b6000 	C:\Windows\System32\RPCRT4.dll
0x00007ffcd0d50000 - 0x00007ffcd0d77000 	C:\Windows\System32\bcrypt.dll
0x00007ffcd07a0000 - 0x00007ffcd07eb000 	C:\Windows\SYSTEM32\POWRPROF.dll
0x00007ffcbd5a0000 - 0x00007ffcbd5a9000 	C:\Windows\SYSTEM32\WSOCK32.dll
0x00007ffcc2ed0000 - 0x00007ffcc2ef7000 	C:\Windows\SYSTEM32\WINMM.dll
0x00007ffcc92f0000 - 0x00007ffcc92fa000 	C:\Windows\SYSTEM32\VERSION.dll
0x00007ffcd2360000 - 0x00007ffcd23cb000 	C:\Windows\System32\WS2_32.dll
0x00007ffcd03c0000 - 0x00007ffcd03d2000 	C:\Windows\SYSTEM32\UMPDC.dll
0x00007ffcce770000 - 0x00007ffcce782000 	C:\Windows\SYSTEM32\kernel.appcore.dll
0x00007ffccdb00000 - 0x00007ffccdb0a000 	C:\Program Files\Java\zulu17.44.15-ca-jdk17.0.8-win_x64\bin\jimage.dll
0x00007ffcd05b0000 - 0x00007ffcd0794000 	C:\Windows\SYSTEM32\DBGHELP.DLL
0x00007ffcd04f0000 - 0x00007ffcd0524000 	C:\Windows\SYSTEM32\dbgcore.DLL
0x00007ffcd1640000 - 0x00007ffcd16c2000 	C:\Windows\System32\bcryptPrimitives.dll
0x00007ffcc97c0000 - 0x00007ffcc97e5000 	C:\Program Files\Java\zulu17.44.15-ca-jdk17.0.8-win_x64\bin\java.dll
0x00007ffcb0680000 - 0x00007ffcb0757000 	C:\Program Files\Java\zulu17.44.15-ca-jdk17.0.8-win_x64\bin\jsvml.dll
0x00007ffcd28d0000 - 0x00007ffcd3015000 	C:\Windows\System32\SHELL32.dll
0x00007ffcce790000 - 0x00007ffccef2c000 	C:\Windows\SYSTEM32\windows.storage.dll
0x00007ffcd32a0000 - 0x00007ffcd35f4000 	C:\Windows\System32\combase.dll
0x00007ffcd0080000 - 0x00007ffcd00ae000 	C:\Windows\SYSTEM32\Wldp.dll
0x00007ffcd1780000 - 0x00007ffcd184d000 	C:\Windows\System32\OLEAUT32.dll
0x00007ffcd2460000 - 0x00007ffcd250d000 	C:\Windows\System32\SHCORE.dll
0x00007ffcd1d50000 - 0x00007ffcd1da5000 	C:\Windows\System32\shlwapi.dll
0x00007ffcd0c80000 - 0x00007ffcd0ca5000 	C:\Windows\SYSTEM32\profapi.dll
0x00007ffccabe0000 - 0x00007ffccabf9000 	C:\Program Files\Java\zulu17.44.15-ca-jdk17.0.8-win_x64\bin\net.dll
0x00007ffcc8f20000 - 0x00007ffcc902a000 	C:\Windows\SYSTEM32\WINHTTP.dll
0x00007ffccff50000 - 0x00007ffccffba000 	C:\Windows\system32\mswsock.dll
0x00007ffcc9780000 - 0x00007ffcc9796000 	C:\Program Files\Java\zulu17.44.15-ca-jdk17.0.8-win_x64\bin\nio.dll
0x00007ffcc64f0000 - 0x00007ffcc6508000 	C:\Program Files\Java\zulu17.44.15-ca-jdk17.0.8-win_x64\bin\zip.dll
0x00007ffcc67b0000 - 0x00007ffcc67b9000 	C:\Program Files\Java\zulu17.44.15-ca-jdk17.0.8-win_x64\bin\management.dll
0x00007ffcc64e0000 - 0x00007ffcc64eb000 	C:\Program Files\Java\zulu17.44.15-ca-jdk17.0.8-win_x64\bin\management_ext.dll
0x00007ffcd2080000 - 0x00007ffcd2088000 	C:\Windows\System32\PSAPI.DLL
0x00007ffcb01f0000 - 0x00007ffcb0207000 	C:\Windows\system32\napinsp.dll
0x00007ffcb01d0000 - 0x00007ffcb01eb000 	C:\Windows\system32\pnrpnsp.dll
0x00007ffcb01b0000 - 0x00007ffcb01c5000 	C:\Windows\system32\wshbth.dll
0x00007ffccb7b0000 - 0x00007ffccb7cd000 	C:\Windows\system32\NLAapi.dll
0x00007ffccfad0000 - 0x00007ffccfb0b000 	C:\Windows\SYSTEM32\IPHLPAPI.DLL
0x00007ffccfb10000 - 0x00007ffccfbdb000 	C:\Windows\SYSTEM32\DNSAPI.dll
0x00007ffcd3600000 - 0x00007ffcd3608000 	C:\Windows\System32\NSI.dll
0x00007ffcb0190000 - 0x00007ffcb01a2000 	C:\Windows\System32\winrnr.dll
0x00007ffcc8ad0000 - 0x00007ffcc8ada000 	C:\Windows\System32\rasadhlp.dll
0x00007ffcc6870000 - 0x00007ffcc68f0000 	C:\Windows\System32\fwpuclnt.dll
0x00007ffcd0ac0000 - 0x00007ffcd0ad8000 	C:\Windows\SYSTEM32\CRYPTSP.dll
0x00007ffccf770000 - 0x00007ffccf7a4000 	C:\Windows\system32\rsaenh.dll
0x00007ffcd0c00000 - 0x00007ffcd0c2e000 	C:\Windows\SYSTEM32\USERENV.dll
0x00007ffcd0040000 - 0x00007ffcd004c000 	C:\Windows\SYSTEM32\CRYPTBASE.dll
0x00007ffcc9830000 - 0x00007ffcc9847000 	C:\Windows\SYSTEM32\dhcpcsvc6.DLL
0x00007ffcc9810000 - 0x00007ffcc982d000 	C:\Windows\SYSTEM32\dhcpcsvc.DLL
0x00007ffcc64c0000 - 0x00007ffcc64ce000 	C:\Program Files\Java\zulu17.44.15-ca-jdk17.0.8-win_x64\bin\sunmscapi.dll
0x00007ffcd1370000 - 0x00007ffcd14cd000 	C:\Windows\System32\CRYPT32.dll
0x00007ffcd00f0000 - 0x00007ffcd0118000 	C:\Windows\SYSTEM32\ncrypt.dll
0x00007ffcd00b0000 - 0x00007ffcd00eb000 	C:\Windows\SYSTEM32\NTASN1.dll
0x00007ffccaf40000 - 0x00007ffccaf50000 	C:\Program Files\Java\zulu17.44.15-ca-jdk17.0.8-win_x64\bin\verify.dll
0x00007ffcc1790000 - 0x00007ffcc1797000 	C:\Windows\system32\wshunix.dll

dbghelp: loaded successfully - version: 4.0.5 - missing functions: none
symbol engine: initialized successfully - sym options: 0x614 - pdb path: .;C:\Program Files\Java\zulu17.44.15-ca-jdk17.0.8-win_x64\bin;C:\Windows\SYSTEM32;C:\Windows\WinSxS\amd64_microsoft.windows.common-controls_6595b64144ccf1df_6.0.19041.3636_none_60b6a03d71f818d5;C:\Program Files\Java\zulu17.44.15-ca-jdk17.0.8-win_x64\bin\server

VM Arguments:
jvm_args: -Dcom.sun.management.jmxremote -Dcom.sun.management.jmxremote.port=49243 -Dcom.sun.management.jmxremote.authenticate=false -Dcom.sun.management.jmxremote.ssl=false -Dspring.jmx.enabled=true -Djava.rmi.server.hostname=localhost -Dspring.application.admin.enabled=true -Dspring.boot.project.name=crud-srping -XX:+ShowCodeDetailsInExceptionMessages -Dmanagement.endpoints.jmx.exposure.include=* 
java_command: com.gabriel.crudsrping.CrudSrpingApplication
java_class_path (initial): E:\Gabriel Xavier\Estudos\crud-srping\target\classes;C:\Users\Gabriel Xavier\.m2\repository\org\springframework\boot\spring-boot-starter-actuator\3.2.3\spring-boot-starter-actuator-3.2.3.jar;C:\Users\Gabriel Xavier\.m2\repository\org\springframework\boot\spring-boot-starter\3.2.3\spring-boot-starter-3.2.3.jar;C:\Users\Gabriel Xavier\.m2\repository\org\springframework\boot\spring-boot-starter-logging\3.2.3\spring-boot-starter-logging-3.2.3.jar;C:\Users\Gabriel Xavier\.m2\repository\ch\qos\logback\logback-classic\1.4.14\logback-classic-1.4.14.jar;C:\Users\Gabriel Xavier\.m2\repository\ch\qos\logback\logback-core\1.4.14\logback-core-1.4.14.jar;C:\Users\Gabriel Xavier\.m2\repository\org\apache\logging\log4j\log4j-to-slf4j\2.21.1\log4j-to-slf4j-2.21.1.jar;C:\Users\Gabriel Xavier\.m2\repository\org\apache\logging\log4j\log4j-api\2.21.1\log4j-api-2.21.1.jar;C:\Users\Gabriel Xavier\.m2\repository\org\slf4j\jul-to-slf4j\2.0.12\jul-to-slf4j-2.0.12.jar;C:\Users\Gabriel Xavier\.m2\repository\jakarta\annotation\jakarta.annotation-api\2.1.1\jakarta.annotation-api-2.1.1.jar;C:\Users\Gabriel Xavier\.m2\repository\org\yaml\snakeyaml\2.2\snakeyaml-2.2.jar;C:\Users\Gabriel Xavier\.m2\repository\org\springframework\boot\spring-boot-actuator-autoconfigure\3.2.3\spring-boot-actuator-autoconfigure-3.2.3.jar;C:\Users\Gabriel Xavier\.m2\repository\org\springframework\boot\spring-boot-actuator\3.2.3\spring-boot-actuator-3.2.3.jar;C:\Users\Gabriel Xavier\.m2\repository\com\fasterxml\jackson\core\jackson-databind\2.15.4\jackson-databind-2.15.4.jar;C:\Users\Gabriel Xavier\.m2\repository\com\fasterxml\jackson\core\jackson-annotations\2.15.4\jackson-annotations-2.15.4.jar;C:\Users\Gabriel Xavier\.m2\repository\com\fasterxml\jackson\core\jackson-core\2.15.4\jackson-core-2.15.4.jar;C:\Users\Gabriel Xavier\.m2\repository\com\fasterxml\jackson\datatype\jackson-datatype-jsr310\2.15.4\jackson-datatype-jsr310-2.15.4.jar;C:\Users\Gabriel Xavier\.m2\repository\io\micrometer\mi
Launcher Type: SUN_STANDARD

[Global flags]
     intx CICompilerCount                          = 4                                         {product} {ergonomic}
     uint ConcGCThreads                            = 2                                         {product} {ergonomic}
     uint G1ConcRefinementThreads                  = 8                                         {product} {ergonomic}
   size_t G1HeapRegionSize                         = 1048576                                   {product} {ergonomic}
    uintx GCDrainStackTargetSize                   = 64                                        {product} {ergonomic}
   size_t InitialHeapSize                          = 132120576                                 {product} {ergonomic}
     bool ManagementServer                         = true                                      {product} {command line}
   size_t MarkStackSize                            = 4194304                                   {product} {ergonomic}
   size_t MaxHeapSize                              = 2113929216                                {product} {ergonomic}
   size_t MaxNewSize                               = 1267728384                                {product} {ergonomic}
   size_t MinHeapDeltaBytes                        = 1048576                                   {product} {ergonomic}
   size_t MinHeapSize                              = 8388608                                   {product} {ergonomic}
    uintx NonNMethodCodeHeapSize                   = 5839372                                {pd product} {ergonomic}
    uintx NonProfiledCodeHeapSize                  = 122909434                              {pd product} {ergonomic}
    uintx ProfiledCodeHeapSize                     = 122909434                              {pd product} {ergonomic}
    uintx ReservedCodeCacheSize                    = 251658240                              {pd product} {ergonomic}
     bool SegmentedCodeCache                       = true                                      {product} {ergonomic}
     bool ShowCodeDetailsInExceptionMessages       = true                                   {manageable} {command line}
   size_t SoftMaxHeapSize                          = 2113929216                             {manageable} {ergonomic}
     bool UseCompressedClassPointers               = true                           {product lp64_product} {ergonomic}
     bool UseCompressedOops                        = true                           {product lp64_product} {ergonomic}
     bool UseG1GC                                  = true                                      {product} {ergonomic}
     bool UseLargePagesIndividualAllocation        = false                                  {pd product} {ergonomic}

Logging:
Log output configuration:
 #0: stdout all=warning uptime,level,tags
 #1: stderr all=off uptime,level,tags

Environment Variables:
JAVA_HOME=C:\Program Files\Java\zulu17.44.15-ca-jdk17.0.8-win_x64
PATH=C:\Program Files\Eclipse Adoptium\jdk-17.0.8.101-hotspot\bin;C:\Program Files\Java\zulu17.44.15-ca-jdk17.0.8-win_x64\bin;C:\Python311\Scripts\;C:\Python311\;C:\Program Files (x86)\Common Files\Oracle\Java\javapath;C:\Windows\system32;C:\Windows;C:\Windows\System32\Wbem;C:\Windows\System32\WindowsPowerShell\v1.0\;C:\Windows\System32\OpenSSH\;C:\Program Files\Microsoft SQL Server\Client SDK\ODBC\170\Tools\Binn\;E:\Program Files (x86)\Microsoft SQL Server\150\Tools\Binn\;C:\Program Files\Microsoft SQL Server\150\Tools\Binn\;C:\Program Files\Microsoft SQL Server\150\DTS\Binn\;E:\Program Files (x86)\Microsoft SQL Server\150\DTS\Binn\;C:\Program Files\Azure Data Studio\bin;C:\ProgramData\chocolatey\bin;C:\Program Files (x86)\Yarn\bin\;E:\Program Files\Git\cmd;E:\nodejs\;E:\Ruby32-x64\bin;C:\Ruby32-x64\bin;C:\Program Files\MySQL\MySQL Shell 8.0\bin\;C:\Users\Gabriel Xavier\AppData\Local\Microsoft\WindowsApps;E:\Microsoft VS Code\bin;C:\Program Files\Azure Data Studio\bin;C:\Users\Gabriel Xavier\AppData\Local\Yarn\bin;C:\Users\Gabriel Xavier\AppData\Roaming\npm;C:\Users\Gabriel Xavier\Downloads\apache-maven-3.9.6\bin
USERNAME=Gabriel Xavier
LANG=en_US.UTF-8
OS=Windows_NT
PROCESSOR_IDENTIFIER=Intel64 Family 6 Model 142 Stepping 10, GenuineIntel
TMP=C:\Users\GABRIE~1\AppData\Local\Temp
TEMP=C:\Users\GABRIE~1\AppData\Local\Temp



---------------  S Y S T E M  ---------------

OS:
 Windows 10 , 64 bit Build 19041 (10.0.19041.3636)
OS uptime: 14 days 1:45 hours

CPU: total 8 (initial active 8) (4 cores per cpu, 2 threads per core) family 6 model 142 stepping 10 microcode 0xd6, cx8, cmov, fxsr, ht, mmx, 3dnowpref, sse, sse2, sse3, ssse3, sse4.1, sse4.2, popcnt, lzcnt, tsc, tscinvbit, avx, avx2, aes, erms, clmul, bmi1, bmi2, adx, fma, vzeroupper, clflush, clflushopt
Processor Information for all 8 processors :
  Max Mhz: 1992, Current Mhz: 1792, Mhz Limit: 1792

Memory: 4k page, system-wide physical 8056M (556M free)
TotalPageFile size 22286M (AvailPageFile size 48M)
current process WorkingSet (physical memory assigned to process): 357M, peak: 359M
current process commit charge ("private bytes"): 457M, peak: 461M

vm_info: OpenJDK 64-Bit Server VM (17.0.8+7-LTS) for windows-amd64 JRE (17.0.8+7-LTS) (Zulu17.44+15-CA), built on Jul  5 2023 07:56:11 by "zulu_re" with MS VC++ 16.10 / 16.11 (VS2019)

END.
