#
# There is insufficient memory for the Java Runtime Environment to continue.
# Native memory allocation (malloc) failed to allocate 1048576 bytes for AllocateHeap
# Possible reasons:
#   The system is out of physical RAM or swap space
#   The process is running with CompressedOops enabled, and the Java Heap may be blocking the growth of the native heap
# Possible solutions:
#   Reduce memory load on the system
#   Increase physical memory or swap space
#   Check if swap backing store is full
#   Decrease Java heap size (-Xmx/-Xms)
#   Decrease number of Java threads
#   Decrease Java thread stack sizes (-Xss)
#   Set larger code cache with -XX:ReservedCodeCacheSize=
#   JVM is running with Unscaled Compressed Oops mode in which the Java heap is
#     placed in the first 4GB address space. The Java Heap base address is the
#     maximum limit for the native heap growth. Please use -XX:HeapBaseMinAddress
#     to set the Java Heap base and to place the Java Heap above 4GB virtual address.
# This output file may be truncated or incomplete.
#
#  Out of Memory Error (allocation.cpp:44), pid=22832, tid=23656
#
# JRE version: OpenJDK Runtime Environment Temurin-17.0.10+7 (17.0.10+7) (build 17.0.10+7)
# Java VM: OpenJDK 64-Bit Server VM Temurin-17.0.10+7 (17.0.10+7, mixed mode, emulated-client, tiered, compressed oops, compressed class ptrs, g1 gc, windows-amd64)
# No core dump will be written. Minidumps are not enabled by default on client versions of Windows
#

---------------  S U M M A R Y ------------

Command Line: -XX:+HeapDumpOnOutOfMemoryError -Xmx1024m -Dsts.lsp.client=vscode -Dsts.log.file=/dev/null -XX:TieredStopAtLevel=1 -Xlog:jni+resolve=off -Dspring.config.location=file:c:\Users\Gabriel Xavier\.vscode\extensions\vmware.vscode-spring-boot-1.52.0\language-server\BOOT-INF\classes\application.properties org.springframework.ide.vscode.boot.app.BootLanguageServerBootApp

Host: Intel(R) Core(TM) i7-8550U CPU @ 1.80GHz, 8 cores, 7G,  Windows 10 , 64 bit Build 19041 (10.0.19041.3636)
Time: Fri Mar  1 02:02:44 2024 Hora oficial do Brasil elapsed time: 201976.179032 seconds (2d 8h 6m 16s)

---------------  T H R E A D  ---------------

Current thread (0x0000016493880080):  VMThread "VM Thread" [stack: 0x0000000127f00000,0x0000000128000000] [id=23656]

Stack: [0x0000000127f00000,0x0000000128000000]
Native frames: (J=compiled Java code, j=interpreted, Vv=VM code, C=native code)
V  [jvm.dll+0x67d2c9]
V  [jvm.dll+0x834afa]
V  [jvm.dll+0x8365be]
V  [jvm.dll+0x836c23]
V  [jvm.dll+0x2477ff]
V  [jvm.dll+0xa6c93]
V  [jvm.dll+0x2f8663]
V  [jvm.dll+0x2f42e0]
V  [jvm.dll+0x2dc8c7]
V  [jvm.dll+0x31fb87]
V  [jvm.dll+0x83b11b]
V  [jvm.dll+0x83be61]
V  [jvm.dll+0x83c37d]
V  [jvm.dll+0x83c754]
V  [jvm.dll+0x83c820]
V  [jvm.dll+0x7e3fba]
V  [jvm.dll+0x67c1b5]
C  [ucrtbase.dll+0x21bb2]
C  [KERNEL32.DLL+0x17344]
C  [ntdll.dll+0x526b1]

VM_Operation (0x00000001291fea70): G1CollectFull, mode: safepoint, requested by thread 0x00000164d870a060


---------------  P R O C E S S  ---------------

Threads class SMR info:
_java_thread_list=0x00000164da1c38b0, length=48, elements={
0x0000016493895740, 0x0000016493896ef0, 0x00000164938c6170, 0x0000016493a0a080,
0x0000016493a0c100, 0x0000016493a0c9d0, 0x0000016493a10600, 0x0000016493a15f70,
0x0000016493c26290, 0x0000016493c35290, 0x00000164d8846430, 0x00000164d870a060,
0x00000164d8628440, 0x0000016486abca90, 0x00000164d8cef9b0, 0x00000164d863b8c0,
0x00000164d8640820, 0x00000164d88434b0, 0x00000164d88443e0, 0x00000164d8842580,
0x00000164d8842fa0, 0x00000164d8843ed0, 0x00000164d90709b0, 0x00000164d90713d0,
0x00000164da0d8a20, 0x00000164da0d8f30, 0x00000164da0d9440, 0x00000164da0dc1d0,
0x00000164da0d8000, 0x00000164da0dd100, 0x00000164da0d61a0, 0x00000164da0dd610,
0x00000164da0d9950, 0x00000164da0d75e0, 0x00000164da0ddb20, 0x00000164da0d9e60,
0x00000164da0db2a0, 0x00000164da0da880, 0x00000164da0dad90, 0x00000164da0d6bc0,
0x00000164da0dc6e0, 0x00000164da0db7b0, 0x00000164da0dbcc0, 0x00000164da0d70d0,
0x00000164da0dcbf0, 0x00000164da0da370, 0x00000164d9071df0, 0x00000164d88439c0
}

Java Threads: ( => current thread )
  0x0000016493895740 JavaThread "Reference Handler" daemon [_thread_blocked, id=30148, stack(0x0000000128000000,0x0000000128100000)]
  0x0000016493896ef0 JavaThread "Finalizer" daemon [_thread_blocked, id=6360, stack(0x0000000128100000,0x0000000128200000)]
  0x00000164938c6170 JavaThread "Signal Dispatcher" daemon [_thread_blocked, id=27856, stack(0x0000000128200000,0x0000000128300000)]
  0x0000016493a0a080 JavaThread "Attach Listener" daemon [_thread_blocked, id=26748, stack(0x0000000128300000,0x0000000128400000)]
  0x0000016493a0c100 JavaThread "Service Thread" daemon [_thread_blocked, id=32608, stack(0x0000000128400000,0x0000000128500000)]
  0x0000016493a0c9d0 JavaThread "Monitor Deflation Thread" daemon [_thread_blocked, id=284, stack(0x0000000128500000,0x0000000128600000)]
  0x0000016493a10600 JavaThread "C1 CompilerThread0" daemon [_thread_blocked, id=11252, stack(0x0000000128600000,0x0000000128700000)]
  0x0000016493a15f70 JavaThread "Sweeper thread" daemon [_thread_blocked, id=26856, stack(0x0000000128700000,0x0000000128800000)]
  0x0000016493c26290 JavaThread "Notification Thread" daemon [_thread_blocked, id=10120, stack(0x0000000128900000,0x0000000128a00000)]
  0x0000016493c35290 JavaThread "Common-Cleaner" daemon [_thread_blocked, id=28908, stack(0x0000000128b00000,0x0000000128c00000)]
  0x00000164d8846430 JavaThread "boundedElastic-evictor-1" daemon [_thread_blocked, id=22560, stack(0x0000000128800000,0x0000000128900000)]
  0x00000164d870a060 JavaThread "pool-12-thread-1" [_thread_blocked, id=7564, stack(0x0000000129100000,0x0000000129200000)]
  0x00000164d8628440 JavaThread "LanguageServerApp-lifecycle" [_thread_blocked, id=13704, stack(0x0000000129200000,0x0000000129300000)]
  0x0000016486abca90 JavaThread "DestroyJavaVM" [_thread_blocked, id=10916, stack(0x0000000127900000,0x0000000127a00000)]
  0x00000164d8cef9b0 JavaThread "pool-13-thread-1" [_thread_in_native, id=25888, stack(0x0000000129300000,0x0000000129400000)]
  0x00000164d863b8c0 JavaThread "Simple-Language-Server main thread" daemon [_thread_blocked, id=25652, stack(0x0000000129700000,0x0000000129800000)]
  0x00000164d8640820 JavaThread "pool-8-thread-1" [_thread_blocked, id=1740, stack(0x0000000129900000,0x0000000129a00000)]
  0x00000164d88434b0 JavaThread "parallel-1" daemon [_thread_blocked, id=33316, stack(0x0000000129a00000,0x0000000129b00000)]
  0x00000164d88443e0 JavaThread "pool-6-thread-1" [_thread_blocked, id=9116, stack(0x0000000129b00000,0x0000000129c00000)]
  0x00000164d8842580 JavaThread "parallel-2" daemon [_thread_blocked, id=21908, stack(0x0000000129c00000,0x0000000129d00000)]
  0x00000164d8842fa0 JavaThread "Reconciler-1" daemon [_thread_blocked, id=20344, stack(0x0000000129d00000,0x0000000129e00000)]
  0x00000164d8843ed0 JavaThread "parallel-3" daemon [_thread_blocked, id=12468, stack(0x0000000129e00000,0x0000000129f00000)]
  0x00000164d90709b0 JavaThread "parallel-4" daemon [_thread_blocked, id=23808, stack(0x000000012a800000,0x000000012a900000)]
  0x00000164d90713d0 JavaThread "parallel-5" daemon [_thread_blocked, id=16232, stack(0x000000012a900000,0x000000012aa00000)]
  0x00000164da0d8a20 JavaThread "parallel-6" daemon [_thread_blocked, id=15904, stack(0x000000012a500000,0x000000012a600000)]
  0x00000164da0d8f30 JavaThread "parallel-7" daemon [_thread_blocked, id=25692, stack(0x000000012a600000,0x000000012a700000)]
  0x00000164da0d9440 JavaThread "parallel-8" daemon [_thread_blocked, id=16284, stack(0x000000012b600000,0x000000012b700000)]
  0x00000164da0dc1d0 JavaThread "pool-9-thread-1" [_thread_blocked, id=20404, stack(0x000000012b500000,0x000000012b600000)]
  0x00000164da0d8000 JavaThread "pool-9-thread-2" [_thread_blocked, id=18292, stack(0x000000012b700000,0x000000012b800000)]
  0x00000164da0dd100 JavaThread "pool-9-thread-3" [_thread_blocked, id=1268, stack(0x000000012b800000,0x000000012b900000)]
  0x00000164da0d61a0 JavaThread "pool-9-thread-4" [_thread_blocked, id=29652, stack(0x000000012b900000,0x000000012ba00000)]
  0x00000164da0dd610 JavaThread "pool-9-thread-5" [_thread_blocked, id=19712, stack(0x000000012ba00000,0x000000012bb00000)]
  0x00000164da0d9950 JavaThread "pool-9-thread-6" [_thread_blocked, id=16852, stack(0x000000012bb00000,0x000000012bc00000)]
  0x00000164da0d75e0 JavaThread "pool-9-thread-7" [_thread_blocked, id=17608, stack(0x000000012bc00000,0x000000012bd00000)]
  0x00000164da0ddb20 JavaThread "pool-9-thread-8" [_thread_blocked, id=19380, stack(0x000000012bd00000,0x000000012be00000)]
  0x00000164da0d9e60 JavaThread "pool-7-thread-1" [_thread_blocked, id=31136, stack(0x000000012be00000,0x000000012bf00000)]
  0x00000164da0db2a0 JavaThread "RMI Scheduler(0)" daemon [_thread_blocked, id=26848, stack(0x000000012c100000,0x000000012c200000)]
  0x00000164da0da880 JavaThread "pool-7-thread-2" [_thread_blocked, id=30064, stack(0x000000012c300000,0x000000012c400000)]
  0x00000164da0dad90 JavaThread "pool-7-thread-3" [_thread_blocked, id=4832, stack(0x000000012c400000,0x000000012c500000)]
  0x00000164da0d6bc0 JavaThread "pool-7-thread-4" [_thread_blocked, id=24664, stack(0x000000012c500000,0x000000012c600000)]
  0x00000164da0dc6e0 JavaThread "pool-7-thread-5" [_thread_blocked, id=16332, stack(0x000000012c600000,0x000000012c700000)]
  0x00000164da0db7b0 JavaThread "pool-7-thread-6" [_thread_blocked, id=20252, stack(0x000000012c900000,0x000000012ca00000)]
  0x00000164da0dbcc0 JavaThread "pool-7-thread-7" [_thread_blocked, id=25860, stack(0x000000012aa00000,0x000000012ab00000)]
  0x00000164da0d70d0 JavaThread "pool-7-thread-8" [_thread_blocked, id=1484, stack(0x000000012ca00000,0x000000012cb00000)]
  0x00000164da0dcbf0 JavaThread "pool-9-thread-9" [_thread_blocked, id=29244, stack(0x0000000127600000,0x0000000127700000)]
  0x00000164da0da370 JavaThread "pool-7-thread-9" [_thread_blocked, id=19656, stack(0x0000000127700000,0x0000000127800000)]
  0x00000164d9071df0 JavaThread "pool-7-thread-10" [_thread_blocked, id=33728, stack(0x000000012a100000,0x000000012a200000)]
  0x00000164d88439c0 JavaThread "pool-9-thread-10" [_thread_blocked, id=29216, stack(0x0000000127800000,0x0000000127900000)]

Other Threads:
=>0x0000016493880080 VMThread "VM Thread" [stack: 0x0000000127f00000,0x0000000128000000] [id=23656]
  0x0000016493c26770 WatcherThread [stack: 0x0000000128a00000,0x0000000128b00000] [id=25252]
  0x0000016486afa010 GCTaskThread "GC Thread#0" [stack: 0x0000000127a00000,0x0000000127b00000] [id=19592]
  0x00000164d8898fe0 GCTaskThread "GC Thread#1" [stack: 0x0000000128c00000,0x0000000128d00000] [id=29412]
  0x00000164d88e0a60 GCTaskThread "GC Thread#2" [stack: 0x0000000128d00000,0x0000000128e00000] [id=22080]
  0x00000164d88a38e0 GCTaskThread "GC Thread#3" [stack: 0x0000000128e00000,0x0000000128f00000] [id=15264]
  0x00000164d8aed850 GCTaskThread "GC Thread#4" [stack: 0x0000000128f00000,0x0000000129000000] [id=18240]
  0x00000164d8aedb10 GCTaskThread "GC Thread#5" [stack: 0x0000000129000000,0x0000000129100000] [id=22140]
  0x00000164d8c3d310 GCTaskThread "GC Thread#6" [stack: 0x0000000129400000,0x0000000129500000] [id=2700]
  0x00000164d8c3d9e0 GCTaskThread "GC Thread#7" [stack: 0x0000000129500000,0x0000000129600000] [id=3608]
  0x0000016486b02e70 ConcurrentGCThread "G1 Main Marker" [stack: 0x0000000127b00000,0x0000000127c00000] [id=17528]
  0x0000016486b037a0 ConcurrentGCThread "G1 Conc#0" [stack: 0x0000000127c00000,0x0000000127d00000] [id=21244]
  0x00000164d8c3dca0 ConcurrentGCThread "G1 Conc#1" [stack: 0x0000000129600000,0x0000000129700000] [id=11564]
  0x00000164936f20b0 ConcurrentGCThread "G1 Refine#0" [stack: 0x0000000127d00000,0x0000000127e00000] [id=18088]
  0x00000164936f29f0 ConcurrentGCThread "G1 Service" [stack: 0x0000000127e00000,0x0000000127f00000] [id=34636]

Threads with active compile tasks:

VM state: at safepoint (normal execution)

VM Mutex/Monitor currently owned by a thread:  ([mutex/lock_event])
[0x00000164868beca0] Threads_lock - owner thread: 0x0000016493880080
[0x0000016486ab9ad0] Heap_lock - owner thread: 0x00000164d870a060

Heap address: 0x00000000c0000000, size: 1024 MB, Compressed Oops mode: 32-bit

CDS archive(s) not mapped
Compressed class space mapped at: 0x0000016494000000-0x00000164d4000000, reserved size: 1073741824
Narrow klass base: 0x0000016494000000, Narrow klass shift: 0, Narrow klass range: 0x40000000

GC Precious Log:
 CPUs: 8 total, 8 available
 Memory: 8056M
 Large Page Support: Disabled
 NUMA Support: Disabled
 Compressed Oops: Enabled (32-bit)
 Heap Region Size: 1M
 Heap Min Capacity: 8M
 Heap Initial Capacity: 126M
 Heap Max Capacity: 1G
 Pre-touch: Disabled
 Parallel Workers: 8
 Concurrent Workers: 2
 Concurrent Refinement Workers: 8
 Periodic GC: Disabled

Heap:
 garbage-first heap   total 103424K, used 38021K [0x00000000c0000000, 0x0000000100000000)
  region size 1024K, 1 young (1024K), 0 survivors (0K)
 Metaspace       used 61552K, committed 62080K, reserved 1114112K
  class space    used 7748K, committed 8000K, reserved 1048576K

Heap Regions: E=young(eden), S=young(survivor), O=old, HS=humongous(starts), HC=humongous(continues), CS=collection set, F=free, OA=open archive, CA=closed archive, TAMS=top-at-mark-start (previous, next)
|   0|0x00000000c0000000, 0x00000000c0100000, 0x00000000c0100000|100%|HS|  |TAMS 0x00000000c0100000, 0x00000000c0000000| Untracked 
|   1|0x00000000c0100000, 0x00000000c0200000, 0x00000000c0200000|100%|HC|  |TAMS 0x00000000c0200000, 0x00000000c0100000| Untracked 
|   2|0x00000000c0200000, 0x00000000c0300000, 0x00000000c0300000|100%|HC|  |TAMS 0x00000000c0300000, 0x00000000c0200000| Untracked 
|   3|0x00000000c0300000, 0x00000000c0400000, 0x00000000c0400000|100%|HC|  |TAMS 0x00000000c0400000, 0x00000000c0300000| Untracked 
|   4|0x00000000c0400000, 0x00000000c0500000, 0x00000000c0500000|100%|HS|  |TAMS 0x00000000c0500000, 0x00000000c0400000| Untracked 
|   5|0x00000000c0500000, 0x00000000c0600000, 0x00000000c0600000|100%|HC|  |TAMS 0x00000000c0600000, 0x00000000c0500000| Untracked 
|   6|0x00000000c0600000, 0x00000000c0700000, 0x00000000c0700000|100%| O|  |TAMS 0x00000000c0700000, 0x00000000c0600000| Untracked 
|   7|0x00000000c0700000, 0x00000000c0800000, 0x00000000c0800000|100%| O|  |TAMS 0x00000000c0800000, 0x00000000c0700000| Untracked 
|   8|0x00000000c0800000, 0x00000000c0900000, 0x00000000c0900000|100%| O|  |TAMS 0x00000000c0900000, 0x00000000c0800000| Untracked 
|   9|0x00000000c0900000, 0x00000000c0a00000, 0x00000000c0a00000|100%| O|  |TAMS 0x00000000c0a00000, 0x00000000c0900000| Untracked 
|  10|0x00000000c0a00000, 0x00000000c0b00000, 0x00000000c0b00000|100%| O|  |TAMS 0x00000000c0b00000, 0x00000000c0a00000| Untracked 
|  11|0x00000000c0b00000, 0x00000000c0c00000, 0x00000000c0c00000|100%| O|  |TAMS 0x00000000c0c00000, 0x00000000c0b00000| Untracked 
|  12|0x00000000c0c00000, 0x00000000c0cfffb8, 0x00000000c0d00000| 99%| O|  |TAMS 0x00000000c0cfffb8, 0x00000000c0c00000| Untracked 
|  13|0x00000000c0d00000, 0x00000000c0e00000, 0x00000000c0e00000|100%| O|  |TAMS 0x00000000c0e00000, 0x00000000c0d00000| Untracked 
|  14|0x00000000c0e00000, 0x00000000c0f00000, 0x00000000c0f00000|100%| O|  |TAMS 0x00000000c0f00000, 0x00000000c0e00000| Untracked 
|  15|0x00000000c0f00000, 0x00000000c0fffff8, 0x00000000c1000000| 99%| O|  |TAMS 0x00000000c0fffff8, 0x00000000c0f00000| Untracked 
|  16|0x00000000c1000000, 0x00000000c10ffff0, 0x00000000c1100000| 99%| O|  |TAMS 0x00000000c10ffff0, 0x00000000c1000000| Untracked 
|  17|0x00000000c1100000, 0x00000000c11ffff0, 0x00000000c1200000| 99%| O|  |TAMS 0x00000000c11ffff0, 0x00000000c1100000| Untracked 
|  18|0x00000000c1200000, 0x00000000c12ffff0, 0x00000000c1300000| 99%| O|  |TAMS 0x00000000c12ffff0, 0x00000000c1200000| Untracked 
|  19|0x00000000c1300000, 0x00000000c13ffff0, 0x00000000c1400000| 99%| O|  |TAMS 0x00000000c13ffff0, 0x00000000c1300000| Untracked 
|  20|0x00000000c1400000, 0x00000000c14ffff0, 0x00000000c1500000| 99%| O|  |TAMS 0x00000000c14ffff0, 0x00000000c1400000| Untracked 
|  21|0x00000000c1500000, 0x00000000c15fffd8, 0x00000000c1600000| 99%| O|  |TAMS 0x00000000c15fffd8, 0x00000000c1500000| Untracked 
|  22|0x00000000c1600000, 0x00000000c16fffc0, 0x00000000c1700000| 99%| O|  |TAMS 0x00000000c16fffc0, 0x00000000c1600000| Untracked 
|  23|0x00000000c1700000, 0x00000000c17ffff0, 0x00000000c1800000| 99%| O|  |TAMS 0x00000000c17ffff0, 0x00000000c1700000| Untracked 
|  24|0x00000000c1800000, 0x00000000c18fec08, 0x00000000c1900000| 99%| O|  |TAMS 0x00000000c18fec08, 0x00000000c1800000| Untracked 
|  25|0x00000000c1900000, 0x00000000c19fff68, 0x00000000c1a00000| 99%| O|  |TAMS 0x00000000c19fff68, 0x00000000c1900000| Untracked 
|  26|0x00000000c1a00000, 0x00000000c1afffe8, 0x00000000c1b00000| 99%| O|  |TAMS 0x00000000c1afffe8, 0x00000000c1a00000| Untracked 
|  27|0x00000000c1b00000, 0x00000000c1c00000, 0x00000000c1c00000|100%| O|  |TAMS 0x00000000c1c00000, 0x00000000c1b00000| Untracked 
|  28|0x00000000c1c00000, 0x00000000c1cfffe8, 0x00000000c1d00000| 99%| O|  |TAMS 0x00000000c1cfffe8, 0x00000000c1c00000| Untracked 
|  29|0x00000000c1d00000, 0x00000000c1dfffd0, 0x00000000c1e00000| 99%| O|  |TAMS 0x00000000c1dfffd0, 0x00000000c1d00000| Untracked 
|  30|0x00000000c1e00000, 0x00000000c1effff8, 0x00000000c1f00000| 99%| O|  |TAMS 0x00000000c1effff8, 0x00000000c1e00000| Untracked 
|  31|0x00000000c1f00000, 0x00000000c2000000, 0x00000000c2000000|100%| O|  |TAMS 0x00000000c2000000, 0x00000000c1f00000| Untracked 
|  32|0x00000000c2000000, 0x00000000c20ffff8, 0x00000000c2100000| 99%| O|  |TAMS 0x00000000c20ffff8, 0x00000000c2000000| Untracked 
|  33|0x00000000c2100000, 0x00000000c2200000, 0x00000000c2200000|100%|HS|  |TAMS 0x00000000c2200000, 0x00000000c2100000| Untracked 
|  34|0x00000000c2200000, 0x00000000c2222b30, 0x00000000c2300000| 13%| O|  |TAMS 0x00000000c2200000, 0x00000000c2200000| Untracked 
|  35|0x00000000c2300000, 0x00000000c2300068, 0x00000000c2400000|  0%| O|  |TAMS 0x00000000c2300000, 0x00000000c2300000| Untracked 
|  36|0x00000000c2400000, 0x00000000c2400000, 0x00000000c2500000|  0%| F|  |TAMS 0x00000000c2400000, 0x00000000c2400000| Untracked 
|  37|0x00000000c2500000, 0x00000000c2500000, 0x00000000c2600000|  0%| F|  |TAMS 0x00000000c2500000, 0x00000000c2500000| Untracked 
|  38|0x00000000c2600000, 0x00000000c2600000, 0x00000000c2700000|  0%| F|  |TAMS 0x00000000c2600000, 0x00000000c2600000| Untracked 
|  39|0x00000000c2700000, 0x00000000c2700000, 0x00000000c2800000|  0%| F|  |TAMS 0x00000000c2700000, 0x00000000c2700000| Untracked 
|  40|0x00000000c2800000, 0x00000000c2800000, 0x00000000c2900000|  0%| F|  |TAMS 0x00000000c2800000, 0x00000000c2800000| Untracked 
|  41|0x00000000c2900000, 0x00000000c2900000, 0x00000000c2a00000|  0%| F|  |TAMS 0x00000000c2900000, 0x00000000c2900000| Untracked 
|  42|0x00000000c2a00000, 0x00000000c2a00000, 0x00000000c2b00000|  0%| F|  |TAMS 0x00000000c2a00000, 0x00000000c2a00000| Untracked 
|  43|0x00000000c2b00000, 0x00000000c2b00000, 0x00000000c2c00000|  0%| F|  |TAMS 0x00000000c2b00000, 0x00000000c2b00000| Untracked 
|  44|0x00000000c2c00000, 0x00000000c2c00000, 0x00000000c2d00000|  0%| F|  |TAMS 0x00000000c2c00000, 0x00000000c2c00000| Untracked 
|  45|0x00000000c2d00000, 0x00000000c2d00000, 0x00000000c2e00000|  0%| F|  |TAMS 0x00000000c2d00000, 0x00000000c2d00000| Untracked 
|  46|0x00000000c2e00000, 0x00000000c2e00000, 0x00000000c2f00000|  0%| F|  |TAMS 0x00000000c2e00000, 0x00000000c2e00000| Untracked 
|  47|0x00000000c2f00000, 0x00000000c2f00000, 0x00000000c3000000|  0%| F|  |TAMS 0x00000000c2f00000, 0x00000000c2f00000| Untracked 
|  48|0x00000000c3000000, 0x00000000c3000000, 0x00000000c3100000|  0%| F|  |TAMS 0x00000000c3000000, 0x00000000c3000000| Untracked 
|  49|0x00000000c3100000, 0x00000000c3100000, 0x00000000c3200000|  0%| F|  |TAMS 0x00000000c3100000, 0x00000000c3100000| Untracked 
|  50|0x00000000c3200000, 0x00000000c3200000, 0x00000000c3300000|  0%| F|  |TAMS 0x00000000c3200000, 0x00000000c3200000| Untracked 
|  51|0x00000000c3300000, 0x00000000c3300000, 0x00000000c3400000|  0%| F|  |TAMS 0x00000000c3300000, 0x00000000c3300000| Untracked 
|  52|0x00000000c3400000, 0x00000000c3400000, 0x00000000c3500000|  0%| F|  |TAMS 0x00000000c3400000, 0x00000000c3400000| Untracked 
|  53|0x00000000c3500000, 0x00000000c3500000, 0x00000000c3600000|  0%| F|  |TAMS 0x00000000c3500000, 0x00000000c3500000| Untracked 
|  54|0x00000000c3600000, 0x00000000c3600000, 0x00000000c3700000|  0%| F|  |TAMS 0x00000000c3600000, 0x00000000c3600000| Untracked 
|  55|0x00000000c3700000, 0x00000000c3700000, 0x00000000c3800000|  0%| F|  |TAMS 0x00000000c3700000, 0x00000000c3700000| Untracked 
|  56|0x00000000c3800000, 0x00000000c3800000, 0x00000000c3900000|  0%| F|  |TAMS 0x00000000c3800000, 0x00000000c3800000| Untracked 
|  57|0x00000000c3900000, 0x00000000c3900000, 0x00000000c3a00000|  0%| F|  |TAMS 0x00000000c3900000, 0x00000000c3900000| Untracked 
|  58|0x00000000c3a00000, 0x00000000c3a00000, 0x00000000c3b00000|  0%| F|  |TAMS 0x00000000c3a00000, 0x00000000c3a00000| Untracked 
|  59|0x00000000c3b00000, 0x00000000c3b00000, 0x00000000c3c00000|  0%| F|  |TAMS 0x00000000c3b00000, 0x00000000c3b00000| Untracked 
|  60|0x00000000c3c00000, 0x00000000c3c00000, 0x00000000c3d00000|  0%| F|  |TAMS 0x00000000c3c00000, 0x00000000c3c00000| Untracked 
|  61|0x00000000c3d00000, 0x00000000c3d00000, 0x00000000c3e00000|  0%| F|  |TAMS 0x00000000c3d00000, 0x00000000c3d00000| Untracked 
|  62|0x00000000c3e00000, 0x00000000c3e00000, 0x00000000c3f00000|  0%| F|  |TAMS 0x00000000c3e00000, 0x00000000c3e00000| Untracked 
|  63|0x00000000c3f00000, 0x00000000c3f00000, 0x00000000c4000000|  0%| F|  |TAMS 0x00000000c3f00000, 0x00000000c3f00000| Untracked 
|  64|0x00000000c4000000, 0x00000000c4000000, 0x00000000c4100000|  0%| F|  |TAMS 0x00000000c4000000, 0x00000000c4000000| Untracked 
|  65|0x00000000c4100000, 0x00000000c4100000, 0x00000000c4200000|  0%| F|  |TAMS 0x00000000c4100000, 0x00000000c4100000| Untracked 
|  66|0x00000000c4200000, 0x00000000c4200000, 0x00000000c4300000|  0%| F|  |TAMS 0x00000000c4200000, 0x00000000c4200000| Untracked 
|  67|0x00000000c4300000, 0x00000000c4300000, 0x00000000c4400000|  0%| F|  |TAMS 0x00000000c4300000, 0x00000000c4300000| Untracked 
|  68|0x00000000c4400000, 0x00000000c4400000, 0x00000000c4500000|  0%| F|  |TAMS 0x00000000c4400000, 0x00000000c4400000| Untracked 
|  69|0x00000000c4500000, 0x00000000c4500000, 0x00000000c4600000|  0%| F|  |TAMS 0x00000000c4500000, 0x00000000c4500000| Untracked 
|  70|0x00000000c4600000, 0x00000000c4600000, 0x00000000c4700000|  0%| F|  |TAMS 0x00000000c4600000, 0x00000000c4600000| Untracked 
|  71|0x00000000c4700000, 0x00000000c4700000, 0x00000000c4800000|  0%| F|  |TAMS 0x00000000c4700000, 0x00000000c4700000| Untracked 
|  72|0x00000000c4800000, 0x00000000c4800000, 0x00000000c4900000|  0%| F|  |TAMS 0x00000000c4800000, 0x00000000c4800000| Untracked 
|  73|0x00000000c4900000, 0x00000000c4900000, 0x00000000c4a00000|  0%| F|  |TAMS 0x00000000c4900000, 0x00000000c4900000| Untracked 
|  74|0x00000000c4a00000, 0x00000000c4a00000, 0x00000000c4b00000|  0%| F|  |TAMS 0x00000000c4a00000, 0x00000000c4a00000| Untracked 
|  75|0x00000000c4b00000, 0x00000000c4b00000, 0x00000000c4c00000|  0%| F|  |TAMS 0x00000000c4b00000, 0x00000000c4b00000| Untracked 
|  76|0x00000000c4c00000, 0x00000000c4c00000, 0x00000000c4d00000|  0%| F|  |TAMS 0x00000000c4c00000, 0x00000000c4c00000| Untracked 
|  77|0x00000000c4d00000, 0x00000000c4d00000, 0x00000000c4e00000|  0%| F|  |TAMS 0x00000000c4d00000, 0x00000000c4d00000| Untracked 
|  78|0x00000000c4e00000, 0x00000000c4e00000, 0x00000000c4f00000|  0%| F|  |TAMS 0x00000000c4e00000, 0x00000000c4e00000| Untracked 
|  79|0x00000000c4f00000, 0x00000000c4f00000, 0x00000000c5000000|  0%| F|  |TAMS 0x00000000c4f00000, 0x00000000c4f00000| Untracked 
|  80|0x00000000c5000000, 0x00000000c5000000, 0x00000000c5100000|  0%| F|  |TAMS 0x00000000c5000000, 0x00000000c5000000| Untracked 
|  81|0x00000000c5100000, 0x00000000c5100000, 0x00000000c5200000|  0%| F|  |TAMS 0x00000000c5100000, 0x00000000c5100000| Untracked 
|  82|0x00000000c5200000, 0x00000000c5200000, 0x00000000c5300000|  0%| F|  |TAMS 0x00000000c5200000, 0x00000000c5200000| Untracked 
|  83|0x00000000c5300000, 0x00000000c5300000, 0x00000000c5400000|  0%| F|  |TAMS 0x00000000c5300000, 0x00000000c5300000| Untracked 
|  84|0x00000000c5400000, 0x00000000c5400000, 0x00000000c5500000|  0%| F|  |TAMS 0x00000000c5400000, 0x00000000c5400000| Untracked 
|  85|0x00000000c5500000, 0x00000000c5500000, 0x00000000c5600000|  0%| F|  |TAMS 0x00000000c5500000, 0x00000000c5500000| Untracked 
|  86|0x00000000c5600000, 0x00000000c5600000, 0x00000000c5700000|  0%| F|  |TAMS 0x00000000c5600000, 0x00000000c5600000| Untracked 
|  87|0x00000000c5700000, 0x00000000c5700000, 0x00000000c5800000|  0%| F|  |TAMS 0x00000000c5700000, 0x00000000c5700000| Untracked 
|  88|0x00000000c5800000, 0x00000000c5800000, 0x00000000c5900000|  0%| F|  |TAMS 0x00000000c5800000, 0x00000000c5800000| Untracked 
|  89|0x00000000c5900000, 0x00000000c5900000, 0x00000000c5a00000|  0%| F|  |TAMS 0x00000000c5900000, 0x00000000c5900000| Untracked 
|  90|0x00000000c5a00000, 0x00000000c5a00000, 0x00000000c5b00000|  0%| F|  |TAMS 0x00000000c5a00000, 0x00000000c5a00000| Untracked 
|  91|0x00000000c5b00000, 0x00000000c5b00000, 0x00000000c5c00000|  0%| F|  |TAMS 0x00000000c5b00000, 0x00000000c5b00000| Untracked 
|  92|0x00000000c5c00000, 0x00000000c5c00000, 0x00000000c5d00000|  0%| F|  |TAMS 0x00000000c5c00000, 0x00000000c5c00000| Untracked 
|  93|0x00000000c5d00000, 0x00000000c5d00000, 0x00000000c5e00000|  0%| F|  |TAMS 0x00000000c5d00000, 0x00000000c5d00000| Untracked 
|  94|0x00000000c5e00000, 0x00000000c5e00000, 0x00000000c5f00000|  0%| F|  |TAMS 0x00000000c5e00000, 0x00000000c5e00000| Untracked 
|  95|0x00000000c5f00000, 0x00000000c5f00000, 0x00000000c6000000|  0%| F|  |TAMS 0x00000000c5f00000, 0x00000000c5f00000| Untracked 
|  96|0x00000000c6000000, 0x00000000c6000000, 0x00000000c6100000|  0%| F|  |TAMS 0x00000000c6000000, 0x00000000c6000000| Untracked 
|  97|0x00000000c6100000, 0x00000000c6200000, 0x00000000c6200000|100%| O|  |TAMS 0x00000000c6200000, 0x00000000c6100000| Untracked 
|  98|0x00000000c6200000, 0x00000000c62058a8, 0x00000000c6300000|  2%| E|  |TAMS 0x00000000c6200000, 0x00000000c6200000| Complete 
|  99|0x00000000c6300000, 0x00000000c6400000, 0x00000000c6400000|100%| O|  |TAMS 0x00000000c6400000, 0x00000000c6300000| Untracked 
| 125|0x00000000c7d00000, 0x00000000c7e00000, 0x00000000c7e00000|100%| O|  |TAMS 0x00000000c7e00000, 0x00000000c7d00000| Untracked 

Card table byte_map: [0x000001648ea00000,0x000001648ec00000] _byte_map_base: 0x000001648e400000

Marking Bits (Prev, Next): (CMBitMap*) 0x0000016486afa540, (CMBitMap*) 0x0000016486afa580
 Prev Bits: [0x000001648ee00000, 0x000001648fe00000)
 Next Bits: [0x000001648fe00000, 0x0000016490e00000)

Polling page: 0x000001648af00000

Metaspace:

Usage:
  Non-class:     52.54 MB used.
      Class:      7.57 MB used.
       Both:     60.11 MB used.

Virtual space:
  Non-class space:       64.00 MB reserved,      52.81 MB ( 83%) committed,  1 nodes.
      Class space:        1.00 GB reserved,       7.81 MB ( <1%) committed,  1 nodes.
             Both:        1.06 GB reserved,      60.62 MB (  6%) committed. 

Chunk freelists:
   Non-Class:  10.80 MB
       Class:  8.23 MB
        Both:  19.02 MB

MaxMetaspaceSize: unlimited
CompressedClassSpaceSize: 1.00 GB
Initial GC threshold: 21.00 MB
Current GC threshold: 100.88 MB
CDS: off
MetaspaceReclaimPolicy: balanced
 - commit_granule_bytes: 65536.
 - commit_granule_words: 8192.
 - virtual_space_node_default_size: 8388608.
 - enlarge_chunks_in_place: 1.
 - new_chunks_are_fully_committed: 0.
 - uncommit_free_chunks: 1.
 - use_allocation_guard: 0.
 - handle_deallocations: 1.


Internal statistics:

num_allocs_failed_limit: 6.
num_arena_births: 3708.
num_arena_deaths: 3134.
num_vsnodes_births: 2.
num_vsnodes_deaths: 0.
num_space_committed: 973.
num_space_uncommitted: 3.
num_chunks_returned_to_freelist: 4599.
num_chunks_taken_from_freelist: 7259.
num_chunk_merges: 534.
num_chunk_splits: 2357.
num_chunks_enlarged: 1468.
num_inconsistent_stats: 0.

CodeCache: size=49152Kb used=17984Kb max_used=18632Kb free=31167Kb
 bounds [0x000001648af20000, 0x000001648c1b0000, 0x000001648df20000]
 total_blobs=10355 nmethods=9673 adapters=608
 compilation: enabled
              stopped_count=0, restarted_count=0
 full_count=0

Compilation events (20 events):
Event: 189141.150 Thread 0x0000016493a10600 9927       1       sun.nio.fs.WindowsException::translateToIOException (109 bytes)
Event: 189141.182 Thread 0x0000016493a10600 nmethod 9927 0x000001648c188c90 code [0x000001648c188ec0, 0x000001648c189588]
Event: 189141.182 Thread 0x0000016493a10600 9928       1       java.nio.file.NoSuchFileException::<init> (8 bytes)
Event: 189141.182 Thread 0x0000016493a10600 nmethod 9928 0x000001648c188890 code [0x000001648c188a20, 0x000001648c188bc8]
Event: 189141.182 Thread 0x0000016493a10600 9929       1       java.nio.file.FileSystemException::<init> (16 bytes)
Event: 189141.182 Thread 0x0000016493a10600 nmethod 9929 0x000001648c188490 code [0x000001648c188620, 0x000001648c1887c8]
Event: 189141.890 Thread 0x0000016493a10600 9930       1       com.google.common.cache.LocalCache::recordsWrite (20 bytes)
Event: 189141.894 Thread 0x0000016493a10600 nmethod 9930 0x000001648c188110 code [0x000001648c1882a0, 0x000001648c1883d8]
Event: 189141.894 Thread 0x0000016493a10600 9931       1       com.google.common.cache.LocalCache$StrongAccessWriteEntry::getNextInAccessQueue (5 bytes)
Event: 189141.901 Thread 0x0000016493a10600 nmethod 9931 0x000001648c187e10 code [0x000001648c187fa0, 0x000001648c188078]
Event: 189141.905 Thread 0x0000016493a10600 9932       1       java.util.AbstractMap::hashCode (45 bytes)
Event: 189141.918 Thread 0x0000016493a10600 nmethod 9932 0x000001648c187910 code [0x000001648c187ae0, 0x000001648c187ce8]
Event: 189141.918 Thread 0x0000016493a10600 9933       1       com.google.common.cache.LocalCache::usesWriteQueue (5 bytes)
Event: 189141.918 Thread 0x0000016493a10600 nmethod 9933 0x000001648c187610 code [0x000001648c1877a0, 0x000001648c187898]
Event: 189141.947 Thread 0x0000016493a10600 9934       1       java.util.regex.Matcher::replaceAll (59 bytes)
Event: 189142.020 Thread 0x0000016493a10600 nmethod 9934 0x000001648c186d10 code [0x000001648c186f20, 0x000001648c187378]
Event: 189142.023 Thread 0x0000016493a10600 9938       1       java.util.regex.Pattern$Branch::study (162 bytes)
Event: 189142.056 Thread 0x0000016493a10600 nmethod 9938 0x000001648c186710 code [0x000001648c1868c0, 0x000001648c186b58]
Event: 189142.056 Thread 0x0000016493a10600 9935       1       java.lang.String::replaceAll (13 bytes)
Event: 189142.087 Thread 0x0000016493a10600 nmethod 9935 0x000001648c186290 code [0x000001648c186440, 0x000001648c1865e8]

GC Heap History (20 events):
Event: 201873.576 GC heap before
{Heap before GC invocations=15612 (full 14955):
 garbage-first heap   total 103424K, used 38021K [0x00000000c0000000, 0x0000000100000000)
  region size 1024K, 1 young (1024K), 0 survivors (0K)
 Metaspace       used 61552K, committed 62080K, reserved 1114112K
  class space    used 7748K, committed 8000K, reserved 1048576K
}
Event: 201873.639 GC heap after
{Heap after GC invocations=15613 (full 14956):
 garbage-first heap   total 103424K, used 38021K [0x00000000c0000000, 0x0000000100000000)
  region size 1024K, 0 young (0K), 0 survivors (0K)
 Metaspace       used 61552K, committed 62080K, reserved 1114112K
  class space    used 7748K, committed 8000K, reserved 1048576K
}
Event: 201883.875 GC heap before
{Heap before GC invocations=15613 (full 14956):
 garbage-first heap   total 103424K, used 38021K [0x00000000c0000000, 0x0000000100000000)
  region size 1024K, 1 young (1024K), 0 survivors (0K)
 Metaspace       used 61552K, committed 62080K, reserved 1114112K
  class space    used 7748K, committed 8000K, reserved 1048576K
}
Event: 201883.915 GC heap after
{Heap after GC invocations=15614 (full 14957):
 garbage-first heap   total 103424K, used 38021K [0x00000000c0000000, 0x0000000100000000)
  region size 1024K, 0 young (0K), 0 survivors (0K)
 Metaspace       used 61552K, committed 62080K, reserved 1114112K
  class space    used 7748K, committed 8000K, reserved 1048576K
}
Event: 201894.098 GC heap before
{Heap before GC invocations=15614 (full 14957):
 garbage-first heap   total 103424K, used 38021K [0x00000000c0000000, 0x0000000100000000)
  region size 1024K, 1 young (1024K), 0 survivors (0K)
 Metaspace       used 61552K, committed 62080K, reserved 1114112K
  class space    used 7748K, committed 8000K, reserved 1048576K
}
Event: 201894.135 GC heap after
{Heap after GC invocations=15615 (full 14958):
 garbage-first heap   total 103424K, used 38021K [0x00000000c0000000, 0x0000000100000000)
  region size 1024K, 0 young (0K), 0 survivors (0K)
 Metaspace       used 61552K, committed 62080K, reserved 1114112K
  class space    used 7748K, committed 8000K, reserved 1048576K
}
Event: 201904.434 GC heap before
{Heap before GC invocations=15615 (full 14958):
 garbage-first heap   total 103424K, used 38021K [0x00000000c0000000, 0x0000000100000000)
  region size 1024K, 1 young (1024K), 0 survivors (0K)
 Metaspace       used 61552K, committed 62080K, reserved 1114112K
  class space    used 7748K, committed 8000K, reserved 1048576K
}
Event: 201904.489 GC heap after
{Heap after GC invocations=15616 (full 14959):
 garbage-first heap   total 103424K, used 38021K [0x00000000c0000000, 0x0000000100000000)
  region size 1024K, 0 young (0K), 0 survivors (0K)
 Metaspace       used 61552K, committed 62080K, reserved 1114112K
  class space    used 7748K, committed 8000K, reserved 1048576K
}
Event: 201914.686 GC heap before
{Heap before GC invocations=15616 (full 14959):
 garbage-first heap   total 103424K, used 38021K [0x00000000c0000000, 0x0000000100000000)
  region size 1024K, 1 young (1024K), 0 survivors (0K)
 Metaspace       used 61552K, committed 62080K, reserved 1114112K
  class space    used 7748K, committed 8000K, reserved 1048576K
}
Event: 201914.732 GC heap after
{Heap after GC invocations=15617 (full 14960):
 garbage-first heap   total 103424K, used 38021K [0x00000000c0000000, 0x0000000100000000)
  region size 1024K, 0 young (0K), 0 survivors (0K)
 Metaspace       used 61552K, committed 62080K, reserved 1114112K
  class space    used 7748K, committed 8000K, reserved 1048576K
}
Event: 201924.914 GC heap before
{Heap before GC invocations=15617 (full 14960):
 garbage-first heap   total 103424K, used 38021K [0x00000000c0000000, 0x0000000100000000)
  region size 1024K, 1 young (1024K), 0 survivors (0K)
 Metaspace       used 61552K, committed 62080K, reserved 1114112K
  class space    used 7748K, committed 8000K, reserved 1048576K
}
Event: 201924.951 GC heap after
{Heap after GC invocations=15618 (full 14961):
 garbage-first heap   total 103424K, used 38021K [0x00000000c0000000, 0x0000000100000000)
  region size 1024K, 0 young (0K), 0 survivors (0K)
 Metaspace       used 61552K, committed 62080K, reserved 1114112K
  class space    used 7748K, committed 8000K, reserved 1048576K
}
Event: 201935.203 GC heap before
{Heap before GC invocations=15618 (full 14961):
 garbage-first heap   total 103424K, used 38021K [0x00000000c0000000, 0x0000000100000000)
  region size 1024K, 1 young (1024K), 0 survivors (0K)
 Metaspace       used 61552K, committed 62080K, reserved 1114112K
  class space    used 7748K, committed 8000K, reserved 1048576K
}
Event: 201935.237 GC heap after
{Heap after GC invocations=15619 (full 14962):
 garbage-first heap   total 103424K, used 38021K [0x00000000c0000000, 0x0000000100000000)
  region size 1024K, 0 young (0K), 0 survivors (0K)
 Metaspace       used 61552K, committed 62080K, reserved 1114112K
  class space    used 7748K, committed 8000K, reserved 1048576K
}
Event: 201945.481 GC heap before
{Heap before GC invocations=15619 (full 14962):
 garbage-first heap   total 103424K, used 38021K [0x00000000c0000000, 0x0000000100000000)
  region size 1024K, 1 young (1024K), 0 survivors (0K)
 Metaspace       used 61552K, committed 62080K, reserved 1114112K
  class space    used 7748K, committed 8000K, reserved 1048576K
}
Event: 201945.525 GC heap after
{Heap after GC invocations=15620 (full 14963):
 garbage-first heap   total 103424K, used 38021K [0x00000000c0000000, 0x0000000100000000)
  region size 1024K, 0 young (0K), 0 survivors (0K)
 Metaspace       used 61552K, committed 62080K, reserved 1114112K
  class space    used 7748K, committed 8000K, reserved 1048576K
}
Event: 201955.720 GC heap before
{Heap before GC invocations=15620 (full 14963):
 garbage-first heap   total 103424K, used 38021K [0x00000000c0000000, 0x0000000100000000)
  region size 1024K, 1 young (1024K), 0 survivors (0K)
 Metaspace       used 61552K, committed 62080K, reserved 1114112K
  class space    used 7748K, committed 8000K, reserved 1048576K
}
Event: 201955.758 GC heap after
{Heap after GC invocations=15621 (full 14964):
 garbage-first heap   total 103424K, used 38021K [0x00000000c0000000, 0x0000000100000000)
  region size 1024K, 0 young (0K), 0 survivors (0K)
 Metaspace       used 61552K, committed 62080K, reserved 1114112K
  class space    used 7748K, committed 8000K, reserved 1048576K
}
Event: 201965.941 GC heap before
{Heap before GC invocations=15621 (full 14964):
 garbage-first heap   total 103424K, used 38021K [0x00000000c0000000, 0x0000000100000000)
  region size 1024K, 1 young (1024K), 0 survivors (0K)
 Metaspace       used 61552K, committed 62080K, reserved 1114112K
  class space    used 7748K, committed 8000K, reserved 1048576K
}
Event: 201965.976 GC heap after
{Heap after GC invocations=15622 (full 14965):
 garbage-first heap   total 103424K, used 38021K [0x00000000c0000000, 0x0000000100000000)
  region size 1024K, 0 young (0K), 0 survivors (0K)
 Metaspace       used 61552K, committed 62080K, reserved 1114112K
  class space    used 7748K, committed 8000K, reserved 1048576K
}

Dll operation events (12 events):
Event: 0.008 Loaded shared library c:\Users\Gabriel Xavier\.vscode\extensions\redhat.java-1.28.1-win32-x64\jre\17.0.10-win32-x86_64\bin\java.dll
Event: 0.288 Loaded shared library C:\Users\Gabriel Xavier\.vscode\extensions\redhat.java-1.28.1-win32-x64\jre\17.0.10-win32-x86_64\bin\net.dll
Event: 0.290 Loaded shared library C:\Users\Gabriel Xavier\.vscode\extensions\redhat.java-1.28.1-win32-x64\jre\17.0.10-win32-x86_64\bin\nio.dll
Event: 0.302 Loaded shared library C:\Users\Gabriel Xavier\.vscode\extensions\redhat.java-1.28.1-win32-x64\jre\17.0.10-win32-x86_64\bin\zip.dll
Event: 1.872 Loaded shared library C:\Users\Gabriel Xavier\.vscode\extensions\redhat.java-1.28.1-win32-x64\jre\17.0.10-win32-x86_64\bin\jimage.dll
Event: 5.865 Loaded shared library c:\Users\Gabriel Xavier\.vscode\extensions\redhat.java-1.28.1-win32-x64\jre\17.0.10-win32-x86_64\bin\verify.dll
Event: 11.545 Loaded shared library C:\Users\Gabriel Xavier\.vscode\extensions\redhat.java-1.28.1-win32-x64\jre\17.0.10-win32-x86_64\bin\management.dll
Event: 11.555 Loaded shared library C:\Users\Gabriel Xavier\.vscode\extensions\redhat.java-1.28.1-win32-x64\jre\17.0.10-win32-x86_64\bin\management_ext.dll
Event: 14.543 Loaded shared library C:\Users\Gabriel Xavier\.vscode\extensions\redhat.java-1.28.1-win32-x64\jre\17.0.10-win32-x86_64\bin\sunmscapi.dll
Event: 15.618 Loaded shared library C:\Users\Gabriel Xavier\.vscode\extensions\redhat.java-1.28.1-win32-x64\jre\17.0.10-win32-x86_64\bin\extnet.dll
Event: 30.421 Loaded shared library C:\Users\Gabriel Xavier\.vscode\extensions\redhat.java-1.28.1-win32-x64\jre\17.0.10-win32-x86_64\bin\attach.dll
Event: 31.308 Loaded shared library C:\Users\Gabriel Xavier\.vscode\extensions\redhat.java-1.28.1-win32-x64\jre\17.0.10-win32-x86_64\bin\rmi.dll

Deoptimization events (20 events):
Event: 49092.669 Thread 0x00000164d88443e0 DEOPT PACKING pc=0x000001648ba0b7d4 sp=0x0000000129bfe220
Event: 49092.673 Thread 0x00000164d88443e0 DEOPT UNPACKING pc=0x000001648af77143 sp=0x0000000129bfd6e8 mode 0
Event: 49092.676 Thread 0x00000164d88443e0 DEOPT PACKING pc=0x000001648b732ac4 sp=0x0000000129bfe340
Event: 49092.676 Thread 0x00000164d88443e0 DEOPT UNPACKING pc=0x000001648af77143 sp=0x0000000129bfd8a8 mode 0
Event: 49092.676 Thread 0x00000164d88443e0 DEOPT PACKING pc=0x000001648b40c7d4 sp=0x0000000129bfe470
Event: 49092.676 Thread 0x00000164d88443e0 DEOPT UNPACKING pc=0x000001648af77143 sp=0x0000000129bfd950 mode 0
Event: 49092.676 Thread 0x00000164d88443e0 DEOPT PACKING pc=0x000001648b732ac4 sp=0x0000000129bfe5a0
Event: 49092.676 Thread 0x00000164d88443e0 DEOPT UNPACKING pc=0x000001648af77143 sp=0x0000000129bfdb08 mode 0
Event: 49092.676 Thread 0x00000164d88443e0 DEOPT PACKING pc=0x000001648b40c7d4 sp=0x0000000129bfe6d0
Event: 49092.676 Thread 0x00000164d88443e0 DEOPT UNPACKING pc=0x000001648af77143 sp=0x0000000129bfdbb0 mode 0
Event: 49092.676 Thread 0x00000164d88443e0 DEOPT PACKING pc=0x000001648bc4f3cc sp=0x0000000129bfe770
Event: 49092.676 Thread 0x00000164d88443e0 DEOPT UNPACKING pc=0x000001648af77143 sp=0x0000000129bfdc48 mode 0
Event: 49092.676 Thread 0x00000164d88443e0 DEOPT PACKING pc=0x000001648baa46f4 sp=0x0000000129bfe890
Event: 49092.676 Thread 0x00000164d88443e0 DEOPT UNPACKING pc=0x000001648af77143 sp=0x0000000129bfdd60 mode 0
Event: 49092.678 Thread 0x00000164d88443e0 DEOPT PACKING pc=0x000001648b732ac4 sp=0x0000000129bfe9f0
Event: 49092.678 Thread 0x00000164d88443e0 DEOPT UNPACKING pc=0x000001648af77143 sp=0x0000000129bfdf58 mode 0
Event: 49092.678 Thread 0x00000164d88443e0 DEOPT PACKING pc=0x000001648b40c7d4 sp=0x0000000129bfeb20
Event: 49092.678 Thread 0x00000164d88443e0 DEOPT UNPACKING pc=0x000001648af77143 sp=0x0000000129bfe018 mode 0
Event: 80757.384 Thread 0x00000164d90718e0 DEOPT PACKING pc=0x000001648bda1344 sp=0x0000000129ffdef0
Event: 80757.398 Thread 0x00000164d90718e0 DEOPT UNPACKING pc=0x000001648af77143 sp=0x0000000129ffd440 mode 0

Classes unloaded (20 events):
Event: 80583.122 Thread 0x0000016493880080 Unloading class 0x00000164947b9400 'jdk/internal/reflect/GeneratedSerializationConstructorAccessor1248'
Event: 80583.122 Thread 0x0000016493880080 Unloading class 0x00000164947bb000 'jdk/internal/reflect/GeneratedSerializationConstructorAccessor1247'
Event: 80583.122 Thread 0x0000016493880080 Unloading class 0x00000164947bbc00 'jdk/internal/reflect/GeneratedSerializationConstructorAccessor1246'
Event: 80837.168 Thread 0x0000016493880080 Unloading class 0x00000164947c4c00 'java/lang/invoke/LambdaForm$MH+0x00000164947c4c00'
Event: 80837.168 Thread 0x0000016493880080 Unloading class 0x00000164947c4800 'java/lang/invoke/LambdaForm$MH+0x00000164947c4800'
Event: 80837.168 Thread 0x0000016493880080 Unloading class 0x00000164947c4400 'java/lang/invoke/LambdaForm$MH+0x00000164947c4400'
Event: 80837.168 Thread 0x0000016493880080 Unloading class 0x0000016494096000 'java/lang/invoke/LambdaForm$MH+0x0000016494096000'
Event: 80837.168 Thread 0x0000016493880080 Unloading class 0x0000016494790000 'java/lang/invoke/LambdaForm$MH+0x0000016494790000'
Event: 80837.168 Thread 0x0000016493880080 Unloading class 0x00000164945d4000 'java/lang/invoke/LambdaForm$MH+0x00000164945d4000'
Event: 80837.168 Thread 0x0000016493880080 Unloading class 0x00000164943a1400 'java/lang/invoke/LambdaForm$MH+0x00000164943a1400'
Event: 80847.391 Thread 0x0000016493880080 Unloading class 0x00000164947c7800 'jdk/internal/reflect/GeneratedMethodAccessor100'
Event: 80847.391 Thread 0x0000016493880080 Unloading class 0x00000164947c7400 'jdk/internal/reflect/GeneratedConstructorAccessor89'
Event: 80847.391 Thread 0x0000016493880080 Unloading class 0x00000164947c7000 'jdk/internal/reflect/GeneratedMethodAccessor99'
Event: 80847.391 Thread 0x0000016493880080 Unloading class 0x00000164947c6c00 'jdk/internal/reflect/GeneratedConstructorAccessor88'
Event: 80847.391 Thread 0x0000016493880080 Unloading class 0x00000164947c6800 'jdk/internal/reflect/GeneratedMethodAccessor98'
Event: 80847.391 Thread 0x0000016493880080 Unloading class 0x00000164947c6400 'jdk/internal/reflect/GeneratedMethodAccessor97'
Event: 80847.391 Thread 0x0000016493880080 Unloading class 0x00000164947c6000 'jdk/internal/reflect/GeneratedMethodAccessor96'
Event: 80868.400 Thread 0x0000016493880080 Unloading class 0x00000164947c9000 'jdk/internal/reflect/GeneratedSerializationConstructorAccessor1251'
Event: 80868.400 Thread 0x0000016493880080 Unloading class 0x00000164947c8c00 'jdk/internal/reflect/GeneratedSerializationConstructorAccessor1250'
Event: 80868.400 Thread 0x0000016493880080 Unloading class 0x00000164947c8800 'jdk/internal/reflect/GeneratedSerializationConstructorAccessor1249'

Classes redefined (0 events):
No events

Internal exceptions (20 events):
Event: 189141.075 Thread 0x00000164d8842fa0 Exception <a 'sun/nio/fs/WindowsException'{0x00000000c6213538}> (0x00000000c6213538) 
thrown [s\src\hotspot\share\prims\jni.cpp, line 516]
Event: 189141.075 Thread 0x00000164d8842fa0 Exception <a 'sun/nio/fs/WindowsException'{0x00000000c6213c50}> (0x00000000c6213c50) 
thrown [s\src\hotspot\share\prims\jni.cpp, line 516]
Event: 189141.075 Thread 0x00000164d8842fa0 Exception <a 'sun/nio/fs/WindowsException'{0x00000000c6213fe0}> (0x00000000c6213fe0) 
thrown [s\src\hotspot\share\prims\jni.cpp, line 516]
Event: 189141.076 Thread 0x00000164d8842fa0 Exception <a 'sun/nio/fs/WindowsException'{0x00000000c6214f20}> (0x00000000c6214f20) 
thrown [s\src\hotspot\share\prims\jni.cpp, line 516]
Event: 189141.076 Thread 0x00000164d8842fa0 Exception <a 'sun/nio/fs/WindowsException'{0x00000000c62152f8}> (0x00000000c62152f8) 
thrown [s\src\hotspot\share\prims\jni.cpp, line 516]
Event: 189141.076 Thread 0x00000164d8842fa0 Exception <a 'sun/nio/fs/WindowsException'{0x00000000c6216040}> (0x00000000c6216040) 
thrown [s\src\hotspot\share\prims\jni.cpp, line 516]
Event: 189141.076 Thread 0x00000164d8842fa0 Exception <a 'sun/nio/fs/WindowsException'{0x00000000c6216758}> (0x00000000c6216758) 
thrown [s\src\hotspot\share\prims\jni.cpp, line 516]
Event: 189141.076 Thread 0x00000164d8842fa0 Exception <a 'sun/nio/fs/WindowsException'{0x00000000c6216ae8}> (0x00000000c6216ae8) 
thrown [s\src\hotspot\share\prims\jni.cpp, line 516]
Event: 189141.076 Thread 0x00000164d8842fa0 Exception <a 'sun/nio/fs/WindowsException'{0x00000000c6217a28}> (0x00000000c6217a28) 
thrown [s\src\hotspot\share\prims\jni.cpp, line 516]
Event: 189141.076 Thread 0x00000164d8842fa0 Exception <a 'sun/nio/fs/WindowsException'{0x00000000c6217e00}> (0x00000000c6217e00) 
thrown [s\src\hotspot\share\prims\jni.cpp, line 516]
Event: 189141.855 Thread 0x00000164d8842fa0 Exception <a 'sun/nio/fs/WindowsException'{0x00000000c587b6c8}> (0x00000000c587b6c8) 
thrown [s\src\hotspot\share\prims\jni.cpp, line 516]
Event: 189141.855 Thread 0x00000164d8842fa0 Exception <a 'sun/nio/fs/WindowsException'{0x00000000c587bd98}> (0x00000000c587bd98) 
thrown [s\src\hotspot\share\prims\jni.cpp, line 516]
Event: 189141.856 Thread 0x00000164d8842fa0 Exception <a 'sun/nio/fs/WindowsException'{0x00000000c587c110}> (0x00000000c587c110) 
thrown [s\src\hotspot\share\prims\jni.cpp, line 516]
Event: 189141.856 Thread 0x00000164d8842fa0 Exception <a 'sun/nio/fs/WindowsException'{0x00000000c587d120}> (0x00000000c587d120) 
thrown [s\src\hotspot\share\prims\jni.cpp, line 516]
Event: 189141.856 Thread 0x00000164d8842fa0 Exception <a 'sun/nio/fs/WindowsException'{0x00000000c587d4d8}> (0x00000000c587d4d8) 
thrown [s\src\hotspot\share\prims\jni.cpp, line 516]
Event: 189141.857 Thread 0x00000164d8842fa0 Exception <a 'sun/nio/fs/WindowsException'{0x00000000c587e220}> (0x00000000c587e220) 
thrown [s\src\hotspot\share\prims\jni.cpp, line 516]
Event: 189141.858 Thread 0x00000164d8842fa0 Exception <a 'sun/nio/fs/WindowsException'{0x00000000c587e938}> (0x00000000c587e938) 
thrown [s\src\hotspot\share\prims\jni.cpp, line 516]
Event: 189141.858 Thread 0x00000164d8842fa0 Exception <a 'sun/nio/fs/WindowsException'{0x00000000c587ecc8}> (0x00000000c587ecc8) 
thrown [s\src\hotspot\share\prims\jni.cpp, line 516]
Event: 189141.858 Thread 0x00000164d8842fa0 Exception <a 'sun/nio/fs/WindowsException'{0x00000000c587fc68}> (0x00000000c587fc68) 
thrown [s\src\hotspot\share\prims\jni.cpp, line 516]
Event: 189141.858 Thread 0x00000164d8842fa0 Exception <a 'sun/nio/fs/WindowsException'{0x00000000c5880040}> (0x00000000c5880040) 
thrown [s\src\hotspot\share\prims\jni.cpp, line 516]

VM Operations (20 events):
Event: 201873.640 Executing VM operation: G1CollectFull done
Event: 201883.875 Executing VM operation: G1CollectFull
Event: 201883.915 Executing VM operation: G1CollectFull done
Event: 201894.098 Executing VM operation: G1CollectFull
Event: 201894.135 Executing VM operation: G1CollectFull done
Event: 201904.434 Executing VM operation: G1CollectFull
Event: 201904.489 Executing VM operation: G1CollectFull done
Event: 201914.686 Executing VM operation: G1CollectFull
Event: 201914.733 Executing VM operation: G1CollectFull done
Event: 201924.914 Executing VM operation: G1CollectFull
Event: 201924.951 Executing VM operation: G1CollectFull done
Event: 201935.203 Executing VM operation: G1CollectFull
Event: 201935.238 Executing VM operation: G1CollectFull done
Event: 201945.481 Executing VM operation: G1CollectFull
Event: 201945.525 Executing VM operation: G1CollectFull done
Event: 201955.720 Executing VM operation: G1CollectFull
Event: 201955.758 Executing VM operation: G1CollectFull done
Event: 201965.941 Executing VM operation: G1CollectFull
Event: 201965.976 Executing VM operation: G1CollectFull done
Event: 201976.101 Executing VM operation: G1CollectFull

Events (20 events):
Event: 81381.420 Thread 0x00000164d9072810 Thread exited: 0x00000164d9072810
Event: 81381.420 Thread 0x00000164d90718e0 Thread exited: 0x00000164d90718e0
Event: 81381.467 Thread 0x00000164d9072300 Thread exited: 0x00000164d9072300
Event: 81396.425 Thread 0x00000164d906ff90 Thread exited: 0x00000164d906ff90
Event: 87138.468 Thread 0x00000164d90704a0 Thread added: 0x00000164d90704a0
Event: 87138.601 Thread 0x00000164d90718e0 Thread added: 0x00000164d90718e0
Event: 87200.662 Thread 0x00000164d90704a0 Thread exited: 0x00000164d90704a0
Event: 87200.662 Thread 0x00000164d90718e0 Thread exited: 0x00000164d90718e0
Event: 180559.372 Thread 0x00000164d906f570 Thread added: 0x00000164d906f570
Event: 180559.402 Thread 0x00000164d90718e0 Thread added: 0x00000164d90718e0
Event: 180599.597 Thread 0x00000164d9072300 Thread added: 0x00000164d9072300
Event: 180619.677 Thread 0x00000164d90718e0 Thread exited: 0x00000164d90718e0
Event: 180631.600 Thread 0x00000164d906f570 Thread exited: 0x00000164d906f570
Event: 180659.631 Thread 0x00000164d9072300 Thread exited: 0x00000164d9072300
Event: 181078.972 Thread 0x00000164d906fa80 Thread added: 0x00000164d906fa80
Event: 181078.975 Thread 0x00000164d90704a0 Thread added: 0x00000164d90704a0
Event: 181138.993 Thread 0x00000164d906fa80 Thread exited: 0x00000164d906fa80
Event: 181138.993 Thread 0x00000164d90704a0 Thread exited: 0x00000164d90704a0
Event: 189141.097 Thread 0x00000164d906fa80 Thread added: 0x00000164d906fa80
Event: 189201.118 Thread 0x00000164d906fa80 Thread exited: 0x00000164d906fa80


Dynamic libraries:
0x00007ff68ffd0000 - 0x00007ff68ffde000 	c:\Users\Gabriel Xavier\.vscode\extensions\redhat.java-1.28.1-win32-x64\jre\17.0.10-win32-x86_64\bin\java.exe
0x00007ffcd3690000 - 0x00007ffcd3888000 	C:\Windows\SYSTEM32\ntdll.dll
0x00007ffcd3020000 - 0x00007ffcd30dd000 	C:\Windows\System32\KERNEL32.DLL
0x00007ffcd0ea0000 - 0x00007ffcd1196000 	C:\Windows\System32\KERNELBASE.dll
0x00007ffcd11a0000 - 0x00007ffcd12a0000 	C:\Windows\System32\ucrtbase.dll
0x00007ffcbd2e0000 - 0x00007ffcbd2fb000 	c:\Users\Gabriel Xavier\.vscode\extensions\redhat.java-1.28.1-win32-x64\jre\17.0.10-win32-x86_64\bin\VCRUNTIME140.dll
0x00007ffcbd340000 - 0x00007ffcbd357000 	c:\Users\Gabriel Xavier\.vscode\extensions\redhat.java-1.28.1-win32-x64\jre\17.0.10-win32-x86_64\bin\jli.dll
0x00007ffcd1db0000 - 0x00007ffcd1f4e000 	C:\Windows\System32\USER32.dll
0x00007ffcd1340000 - 0x00007ffcd1362000 	C:\Windows\System32\win32u.dll
0x00007ffcd1cc0000 - 0x00007ffcd1ceb000 	C:\Windows\System32\GDI32.dll
0x00007ffcd0120000 - 0x00007ffcd03ba000 	C:\Windows\WinSxS\amd64_microsoft.windows.common-controls_6595b64144ccf1df_6.0.19041.3636_none_60b6a03d71f818d5\COMCTL32.dll
0x00007ffcd0d80000 - 0x00007ffcd0e97000 	C:\Windows\System32\gdi32full.dll
0x00007ffcd3200000 - 0x00007ffcd329e000 	C:\Windows\System32\msvcrt.dll
0x00007ffcd12a0000 - 0x00007ffcd133d000 	C:\Windows\System32\msvcp_win.dll
0x00007ffcd3610000 - 0x00007ffcd3642000 	C:\Windows\System32\IMM32.DLL
0x00007ffcc5900000 - 0x00007ffcc590c000 	c:\Users\Gabriel Xavier\.vscode\extensions\redhat.java-1.28.1-win32-x64\jre\17.0.10-win32-x86_64\bin\vcruntime140_1.dll
0x00007ffcb11a0000 - 0x00007ffcb122d000 	c:\Users\Gabriel Xavier\.vscode\extensions\redhat.java-1.28.1-win32-x64\jre\17.0.10-win32-x86_64\bin\msvcp140.dll
0x00007ffc94b70000 - 0x00007ffc957d2000 	c:\Users\Gabriel Xavier\.vscode\extensions\redhat.java-1.28.1-win32-x64\jre\17.0.10-win32-x86_64\bin\server\jvm.dll
0x00007ffcd3140000 - 0x00007ffcd31f3000 	C:\Windows\System32\ADVAPI32.dll
0x00007ffcd25f0000 - 0x00007ffcd268f000 	C:\Windows\System32\sechost.dll
0x00007ffcd2090000 - 0x00007ffcd21b6000 	C:\Windows\System32\RPCRT4.dll
0x00007ffcd0d50000 - 0x00007ffcd0d77000 	C:\Windows\System32\bcrypt.dll
0x00007ffcbd5a0000 - 0x00007ffcbd5a9000 	C:\Windows\SYSTEM32\WSOCK32.dll
0x00007ffcc92f0000 - 0x00007ffcc92fa000 	C:\Windows\SYSTEM32\VERSION.dll
0x00007ffcd07a0000 - 0x00007ffcd07eb000 	C:\Windows\SYSTEM32\POWRPROF.dll
0x00007ffcc2ed0000 - 0x00007ffcc2ef7000 	C:\Windows\SYSTEM32\WINMM.dll
0x00007ffcd2360000 - 0x00007ffcd23cb000 	C:\Windows\System32\WS2_32.dll
0x00007ffcd03c0000 - 0x00007ffcd03d2000 	C:\Windows\SYSTEM32\UMPDC.dll
0x00007ffcce770000 - 0x00007ffcce782000 	C:\Windows\SYSTEM32\kernel.appcore.dll
0x00007ffcbab60000 - 0x00007ffcbab6a000 	c:\Users\Gabriel Xavier\.vscode\extensions\redhat.java-1.28.1-win32-x64\jre\17.0.10-win32-x86_64\bin\jimage.dll
0x00007ffcd05b0000 - 0x00007ffcd0794000 	C:\Windows\SYSTEM32\DBGHELP.DLL
0x00007ffcd04f0000 - 0x00007ffcd0524000 	C:\Windows\SYSTEM32\dbgcore.DLL
0x00007ffcd1640000 - 0x00007ffcd16c2000 	C:\Windows\System32\bcryptPrimitives.dll
0x00007ffcbaa80000 - 0x00007ffcbaaa5000 	c:\Users\Gabriel Xavier\.vscode\extensions\redhat.java-1.28.1-win32-x64\jre\17.0.10-win32-x86_64\bin\java.dll
0x00007ffcba560000 - 0x00007ffcba578000 	c:\Users\Gabriel Xavier\.vscode\extensions\redhat.java-1.28.1-win32-x64\jre\17.0.10-win32-x86_64\bin\zip.dll
0x00007ffcd28d0000 - 0x00007ffcd3015000 	C:\Windows\System32\SHELL32.dll
0x00007ffcce790000 - 0x00007ffccef2c000 	C:\Windows\SYSTEM32\windows.storage.dll
0x00007ffcd32a0000 - 0x00007ffcd35f4000 	C:\Windows\System32\combase.dll
0x00007ffcd0080000 - 0x00007ffcd00ae000 	C:\Windows\SYSTEM32\Wldp.dll
0x00007ffcd1780000 - 0x00007ffcd184d000 	C:\Windows\System32\OLEAUT32.dll
0x00007ffcd2460000 - 0x00007ffcd250d000 	C:\Windows\System32\SHCORE.dll
0x00007ffcd1d50000 - 0x00007ffcd1da5000 	C:\Windows\System32\shlwapi.dll
0x00007ffcd0c80000 - 0x00007ffcd0ca5000 	C:\Windows\SYSTEM32\profapi.dll
0x00007ffcba530000 - 0x00007ffcba549000 	C:\Users\Gabriel Xavier\.vscode\extensions\redhat.java-1.28.1-win32-x64\jre\17.0.10-win32-x86_64\bin\net.dll
0x00007ffcc8f20000 - 0x00007ffcc902a000 	C:\Windows\SYSTEM32\WINHTTP.dll
0x00007ffccff50000 - 0x00007ffccffba000 	C:\Windows\system32\mswsock.dll
0x00007ffcb9220000 - 0x00007ffcb9236000 	C:\Users\Gabriel Xavier\.vscode\extensions\redhat.java-1.28.1-win32-x64\jre\17.0.10-win32-x86_64\bin\nio.dll
0x00007ffcbab40000 - 0x00007ffcbab50000 	c:\Users\Gabriel Xavier\.vscode\extensions\redhat.java-1.28.1-win32-x64\jre\17.0.10-win32-x86_64\bin\verify.dll
0x00007ffcd0ac0000 - 0x00007ffcd0ad8000 	C:\Windows\SYSTEM32\CRYPTSP.dll
0x00007ffccf770000 - 0x00007ffccf7a4000 	C:\Windows\system32\rsaenh.dll
0x00007ffcd0c00000 - 0x00007ffcd0c2e000 	C:\Windows\SYSTEM32\USERENV.dll
0x00007ffcd0040000 - 0x00007ffcd004c000 	C:\Windows\SYSTEM32\CRYPTBASE.dll
0x00007ffccfad0000 - 0x00007ffccfb0b000 	C:\Windows\SYSTEM32\IPHLPAPI.DLL
0x00007ffcd3600000 - 0x00007ffcd3608000 	C:\Windows\System32\NSI.dll
0x00007ffcc9830000 - 0x00007ffcc9847000 	C:\Windows\SYSTEM32\dhcpcsvc6.DLL
0x00007ffcc9810000 - 0x00007ffcc982d000 	C:\Windows\SYSTEM32\dhcpcsvc.DLL
0x00007ffccfb10000 - 0x00007ffccfbdb000 	C:\Windows\SYSTEM32\DNSAPI.dll
0x00007ffcb8ff0000 - 0x00007ffcb8ff9000 	C:\Users\Gabriel Xavier\.vscode\extensions\redhat.java-1.28.1-win32-x64\jre\17.0.10-win32-x86_64\bin\management.dll
0x00007ffcb7500000 - 0x00007ffcb750b000 	C:\Users\Gabriel Xavier\.vscode\extensions\redhat.java-1.28.1-win32-x64\jre\17.0.10-win32-x86_64\bin\management_ext.dll
0x00007ffcd2080000 - 0x00007ffcd2088000 	C:\Windows\System32\PSAPI.DLL
0x00007ffcb74f0000 - 0x00007ffcb74fe000 	C:\Users\Gabriel Xavier\.vscode\extensions\redhat.java-1.28.1-win32-x64\jre\17.0.10-win32-x86_64\bin\sunmscapi.dll
0x00007ffcd1370000 - 0x00007ffcd14cd000 	C:\Windows\System32\CRYPT32.dll
0x00007ffcd00f0000 - 0x00007ffcd0118000 	C:\Windows\SYSTEM32\ncrypt.dll
0x00007ffcd00b0000 - 0x00007ffcd00eb000 	C:\Windows\SYSTEM32\NTASN1.dll
0x00007ffcc8ad0000 - 0x00007ffcc8ada000 	C:\Windows\System32\rasadhlp.dll
0x00007ffcc6870000 - 0x00007ffcc68f0000 	C:\Windows\System32\fwpuclnt.dll
0x00007ffcb7200000 - 0x00007ffcb7209000 	C:\Users\Gabriel Xavier\.vscode\extensions\redhat.java-1.28.1-win32-x64\jre\17.0.10-win32-x86_64\bin\extnet.dll
0x00007ffcb7130000 - 0x00007ffcb7139000 	C:\Users\Gabriel Xavier\.vscode\extensions\redhat.java-1.28.1-win32-x64\jre\17.0.10-win32-x86_64\bin\attach.dll
0x00007ffcb01f0000 - 0x00007ffcb0207000 	C:\Windows\system32\napinsp.dll
0x00007ffcb01d0000 - 0x00007ffcb01eb000 	C:\Windows\system32\pnrpnsp.dll
0x00007ffcb01b0000 - 0x00007ffcb01c5000 	C:\Windows\system32\wshbth.dll
0x00007ffccb7b0000 - 0x00007ffccb7cd000 	C:\Windows\system32\NLAapi.dll
0x00007ffcb0190000 - 0x00007ffcb01a2000 	C:\Windows\System32\winrnr.dll
0x00007ffcb7120000 - 0x00007ffcb7127000 	C:\Users\Gabriel Xavier\.vscode\extensions\redhat.java-1.28.1-win32-x64\jre\17.0.10-win32-x86_64\bin\rmi.dll

dbghelp: loaded successfully - version: 4.0.5 - missing functions: none
symbol engine: initialized successfully - sym options: 0x614 - pdb path: .;c:\Users\Gabriel Xavier\.vscode\extensions\redhat.java-1.28.1-win32-x64\jre\17.0.10-win32-x86_64\bin;C:\Windows\SYSTEM32;C:\Windows\WinSxS\amd64_microsoft.windows.common-controls_6595b64144ccf1df_6.0.19041.3636_none_60b6a03d71f818d5;c:\Users\Gabriel Xavier\.vscode\extensions\redhat.java-1.28.1-win32-x64\jre\17.0.10-win32-x86_64\bin\server

VM Arguments:
jvm_args: -XX:+HeapDumpOnOutOfMemoryError -Xmx1024m -Dsts.lsp.client=vscode -Dsts.log.file=/dev/null -XX:TieredStopAtLevel=1 -Xlog:jni+resolve=off -Dspring.config.location=file:c:\Users\Gabriel Xavier\.vscode\extensions\vmware.vscode-spring-boot-1.52.0\language-server\BOOT-INF\classes\application.properties 
java_command: org.springframework.ide.vscode.boot.app.BootLanguageServerBootApp
java_class_path (initial): c:\Users\Gabriel Xavier\.vscode\extensions\vmware.vscode-spring-boot-1.52.0\language-server\BOOT-INF\classes;c:\Users\Gabriel Xavier\.vscode\extensions\vmware.vscode-spring-boot-1.52.0\language-server\BOOT-INF\lib\annotations-24.1.0.jar;c:\Users\Gabriel Xavier\.vscode\extensions\vmware.vscode-spring-boot-1.52.0\language-server\BOOT-INF\lib\antlr4-runtime-4.11.1.jar;c:\Users\Gabriel Xavier\.vscode\extensions\vmware.vscode-spring-boot-1.52.0\language-server\BOOT-INF\lib\asm-9.6.jar;c:\Users\Gabriel Xavier\.vscode\extensions\vmware.vscode-spring-boot-1.52.0\language-server\BOOT-INF\lib\asm-analysis-9.6.jar;c:\Users\Gabriel Xavier\.vscode\extensions\vmware.vscode-spring-boot-1.52.0\language-server\BOOT-INF\lib\asm-tree-9.6.jar;c:\Users\Gabriel Xavier\.vscode\extensions\vmware.vscode-spring-boot-1.52.0\language-server\BOOT-INF\lib\asm-util-9.6.jar;c:\Users\Gabriel Xavier\.vscode\extensions\vmware.vscode-spring-boot-1.52.0\language-server\BOOT-INF\lib\caffeine-3.1.8.jar;c:\Users\Gabriel Xavier\.vscode\extensions\vmware.vscode-spring-boot-1.52.0\language-server\BOOT-INF\lib\checker-qual-3.12.0.jar;c:\Users\Gabriel Xavier\.vscode\extensions\vmware.vscode-spring-boot-1.52.0\language-server\BOOT-INF\lib\classgraph-4.8.149.jar;c:\Users\Gabriel Xavier\.vscode\extensions\vmware.vscode-spring-boot-1.52.0\language-server\BOOT-INF\lib\commons-codec-1.16.0.jar;c:\Users\Gabriel Xavier\.vscode\extensions\vmware.vscode-spring-boot-1.52.0\language-server\BOOT-INF\lib\commons-compress-1.25.0.jar;c:\Users\Gabriel Xavier\.vscode\extensions\vmware.vscode-spring-boot-1.52.0\language-server\BOOT-INF\lib\commons-io-2.4.jar;c:\Users\Gabriel Xavier\.vscode\extensions\vmware.vscode-spring-boot-1.52.0\language-server\BOOT-INF\lib\commons-java-1.52.0-SNAPSHOT.jar;c:\Users\Gabriel Xavier\.vscode\extensions\vmware.vscode-spring-boot-1.52.0\language-server\BOOT-INF\lib\commons-lang3-3.13.0.jar;c:\Users\Gabriel Xavier\.vscode\extensions\vmware.vscode-spring-boot-1.52.0\lang
Launcher Type: SUN_STANDARD

[Global flags]
     intx CICompilerCount                          = 4                                         {product} {ergonomic}
     uint ConcGCThreads                            = 2                                         {product} {ergonomic}
     uint G1ConcRefinementThreads                  = 8                                         {product} {ergonomic}
   size_t G1HeapRegionSize                         = 1048576                                   {product} {ergonomic}
    uintx GCDrainStackTargetSize                   = 64                                        {product} {ergonomic}
     bool HeapDumpOnOutOfMemoryError               = true                                   {manageable} {command line}
   size_t InitialHeapSize                          = 132120576                                 {product} {ergonomic}
   size_t MarkStackSize                            = 4194304                                   {product} {ergonomic}
   size_t MaxHeapSize                              = 1073741824                                {product} {command line}
   size_t MaxNewSize                               = 643825664                                 {product} {ergonomic}
   size_t MinHeapDeltaBytes                        = 1048576                                   {product} {ergonomic}
   size_t MinHeapSize                              = 8388608                                   {product} {ergonomic}
    uintx NonProfiledCodeHeapSize                  = 0                                      {pd product} {ergonomic}
     bool ProfileInterpreter                       = false                                  {pd product} {command line}
    uintx ProfiledCodeHeapSize                     = 0                                      {pd product} {ergonomic}
   size_t SoftMaxHeapSize                          = 1073741824                             {manageable} {ergonomic}
     intx TieredStopAtLevel                        = 1                                         {product} {command line}
     bool UseCompressedClassPointers               = true                           {product lp64_product} {ergonomic}
     bool UseCompressedOops                        = true                           {product lp64_product} {ergonomic}
     bool UseG1GC                                  = true                                      {product} {ergonomic}
     bool UseLargePagesIndividualAllocation        = false                                  {pd product} {ergonomic}

Logging:
Log output configuration:
 #0: stdout all=warning,jni+resolve=off uptime,level,tags
 #1: stderr all=off uptime,level,tags

Environment Variables:
JAVA_HOME=C:\Program Files\Java\zulu17.44.15-ca-jdk17.0.8-win_x64
PATH=C:\Program Files\Eclipse Adoptium\jdk-17.0.8.101-hotspot\bin;C:\Program Files\Java\zulu17.44.15-ca-jdk17.0.8-win_x64\bin;C:\Python311\Scripts\;C:\Python311\;C:\Program Files (x86)\Common Files\Oracle\Java\javapath;C:\Windows\system32;C:\Windows;C:\Windows\System32\Wbem;C:\Windows\System32\WindowsPowerShell\v1.0\;C:\Windows\System32\OpenSSH\;C:\Program Files\Microsoft SQL Server\Client SDK\ODBC\170\Tools\Binn\;E:\Program Files (x86)\Microsoft SQL Server\150\Tools\Binn\;C:\Program Files\Microsoft SQL Server\150\Tools\Binn\;C:\Program Files\Microsoft SQL Server\150\DTS\Binn\;E:\Program Files (x86)\Microsoft SQL Server\150\DTS\Binn\;C:\Program Files\Azure Data Studio\bin;C:\ProgramData\chocolatey\bin;C:\Program Files (x86)\Yarn\bin\;E:\Program Files\Git\cmd;E:\nodejs\;C:\Program Files\MySQL\MySQL Shell 8.0\bin\;C:\Users\Gabriel Xavier\AppData\Local\Microsoft\WindowsApps;;E:\Microsoft VS Code\bin;C:\Program Files\Azure Data Studio\bin;C:\Users\Gabriel Xavier\AppData\Local\Yarn\bin;C:\Users\Gabriel Xavier\AppData\Roaming\npm
USERNAME=Gabriel Xavier
OS=Windows_NT
PROCESSOR_IDENTIFIER=Intel64 Family 6 Model 142 Stepping 10, GenuineIntel
TMP=C:\Users\GABRIE~1\AppData\Local\Temp
TEMP=C:\Users\GABRIE~1\AppData\Local\Temp



Periodic native trim disabled


---------------  S Y S T E M  ---------------

OS:
 Windows 10 , 64 bit Build 19041 (10.0.19041.3636)
OS uptime: 5 days 14:05 hours

CPU: total 8 (initial active 8) (4 cores per cpu, 2 threads per core) family 6 model 142 stepping 10 microcode 0xd6, cx8, cmov, fxsr, ht, mmx, 3dnowpref, sse, sse2, sse3, ssse3, sse4.1, sse4.2, popcnt, lzcnt, tsc, tscinvbit, avx, avx2, aes, erms, clmul, bmi1, bmi2, adx, fma, vzeroupper, clflush, clflushopt
Processor Information for all 8 processors :
  Max Mhz: 1992, Current Mhz: 1792, Mhz Limit: 1792

Memory: 4k page, system-wide physical 8056M (410M free)
TotalPageFile size 22286M (AvailPageFile size 9M)
current process WorkingSet (physical memory assigned to process): 76M, peak: 215M
current process commit charge ("private bytes"): 281M, peak: 296M

vm_info: OpenJDK 64-Bit Server VM (17.0.10+7) for windows-amd64 JRE (17.0.10+7), built on Jan 16 2024 23:25:11 by "admin" with MS VC++ 16.10 / 16.11 (VS2019)

END.
