#
# There is insufficient memory for the Java Runtime Environment to continue.
# Native memory allocation (malloc) failed to allocate 2097152 bytes for AllocateHeap
# Possible reasons:
#   The system is out of physical RAM or swap space
#   The process is running with CompressedOops enabled, and the Java Heap may be blocking the growth of the native heap
# Possible solutions:
#   Reduce memory load on the system
#   Increase physical memory or swap space
#   Check if swap backing store is full
#   Decrease Java heap size (-Xmx/-Xms)
#   Decrease number of Java threads
#   Decrease Java thread stack sizes (-Xss)
#   Set larger code cache with -XX:ReservedCodeCacheSize=
#   JVM is running with Unscaled Compressed Oops mode in which the Java heap is
#     placed in the first 4GB address space. The Java Heap base address is the
#     maximum limit for the native heap growth. Please use -XX:HeapBaseMinAddress
#     to set the Java Heap base and to place the Java Heap above 4GB virtual address.
# This output file may be truncated or incomplete.
#
#  Out of Memory Error (allocation.cpp:44), pid=11644, tid=2304
#
# JRE version: OpenJDK Runtime Environment Temurin-17.0.10+7 (17.0.10+7) (build 17.0.10+7)
# Java VM: OpenJDK 64-Bit Server VM Temurin-17.0.10+7 (17.0.10+7, mixed mode, emulated-client, tiered, compressed oops, compressed class ptrs, g1 gc, windows-amd64)
# No core dump will be written. Minidumps are not enabled by default on client versions of Windows
#

---------------  S U M M A R Y ------------

Command Line: -XX:+HeapDumpOnOutOfMemoryError -Xmx1024m -Dsts.lsp.client=vscode -Dsts.log.file=/dev/null -XX:TieredStopAtLevel=1 -Xlog:jni+resolve=off -Dspring.config.location=file:c:\Users\Gabriel Xavier\.vscode\extensions\vmware.vscode-spring-boot-1.52.0\language-server\BOOT-INF\classes\application.properties org.springframework.ide.vscode.boot.app.BootLanguageServerBootApp

Host: Intel(R) Core(TM) i7-8550U CPU @ 1.80GHz, 8 cores, 7G,  Windows 10 , 64 bit Build 19041 (10.0.19041.3636)
Time: Sat Mar  2 18:50:45 2024 Hora oficial do Brasil elapsed time: 40773.462518 seconds (0d 11h 19m 33s)

---------------  T H R E A D  ---------------

Current thread (0x000001e987600be0):  VMThread "VM Thread" [stack: 0x0000009871400000,0x0000009871500000] [id=2304]

Stack: [0x0000009871400000,0x0000009871500000]
Native frames: (J=compiled Java code, j=interpreted, Vv=VM code, C=native code)
V  [jvm.dll+0x67d2c9]
V  [jvm.dll+0x834afa]
V  [jvm.dll+0x8365be]
V  [jvm.dll+0x836c23]
V  [jvm.dll+0x2477ff]
V  [jvm.dll+0xa6c93]
V  [jvm.dll+0x2f86f1]
V  [jvm.dll+0x2f42e0]
V  [jvm.dll+0x2dc8c7]
V  [jvm.dll+0x31fb87]
V  [jvm.dll+0x83b11b]
V  [jvm.dll+0x83be61]
V  [jvm.dll+0x83c37d]
V  [jvm.dll+0x83c754]
V  [jvm.dll+0x83c820]
V  [jvm.dll+0x7e3fba]
V  [jvm.dll+0x67c1b5]
C  [ucrtbase.dll+0x21bb2]
C  [KERNEL32.DLL+0x17344]
C  [ntdll.dll+0x526b1]

VM_Operation (0x00000098729fe8c0): G1CollectFull, mode: safepoint, requested by thread 0x000001e98c68e510


---------------  P R O C E S S  ---------------

Threads class SMR info:
_java_thread_list=0x000001e98d3fca90, length=27, elements={
0x000001e987615730, 0x000001e987617de0, 0x000001e98763d810, 0x000001e98763e3a0,
0x000001e98763fc80, 0x000001e987640550, 0x000001e987640ed0, 0x000001e9876417e0,
0x000001e98798df90, 0x000001e987996910, 0x000001e98d17b0d0, 0x000001e98c68e510,
0x000001e98c79e1d0, 0x000001e9fc73c5b0, 0x000001e98c689020, 0x000001e98d3a7e50,
0x000001e98d3a8330, 0x000001e98cf7cda0, 0x000001e987868950, 0x000001e987868e60,
0x000001e987869d90, 0x000001e987867000, 0x000001e987867a20, 0x000001e987867510,
0x000001e987869880, 0x000001e98786a2a0, 0x000001e987867f30
}

Java Threads: ( => current thread )
  0x000001e987615730 JavaThread "Reference Handler" daemon [_thread_blocked, id=13860, stack(0x0000009871500000,0x0000009871600000)]
  0x000001e987617de0 JavaThread "Finalizer" daemon [_thread_blocked, id=17184, stack(0x0000009871600000,0x0000009871700000)]
  0x000001e98763d810 JavaThread "Signal Dispatcher" daemon [_thread_blocked, id=29520, stack(0x0000009871800000,0x0000009871900000)]
  0x000001e98763e3a0 JavaThread "Attach Listener" daemon [_thread_blocked, id=7400, stack(0x0000009871900000,0x0000009871a00000)]
  0x000001e98763fc80 JavaThread "Service Thread" daemon [_thread_blocked, id=17384, stack(0x0000009871a00000,0x0000009871b00000)]
  0x000001e987640550 JavaThread "Monitor Deflation Thread" daemon [_thread_blocked, id=19984, stack(0x0000009871b00000,0x0000009871c00000)]
  0x000001e987640ed0 JavaThread "C1 CompilerThread0" daemon [_thread_blocked, id=15052, stack(0x0000009871c00000,0x0000009871d00000)]
  0x000001e9876417e0 JavaThread "Sweeper thread" daemon [_thread_blocked, id=22924, stack(0x0000009871d00000,0x0000009871e00000)]
  0x000001e98798df90 JavaThread "Notification Thread" daemon [_thread_blocked, id=10624, stack(0x0000009871f00000,0x0000009872000000)]
  0x000001e987996910 JavaThread "Common-Cleaner" daemon [_thread_blocked, id=30880, stack(0x0000009872100000,0x0000009872200000)]
  0x000001e98d17b0d0 JavaThread "boundedElastic-evictor-1" daemon [_thread_blocked, id=32200, stack(0x0000009872700000,0x0000009872800000)]
  0x000001e98c68e510 JavaThread "pool-12-thread-1" [_thread_blocked, id=6940, stack(0x0000009872900000,0x0000009872a00000)]
  0x000001e98c79e1d0 JavaThread "LanguageServerApp-lifecycle" [_thread_blocked, id=32952, stack(0x0000009872d00000,0x0000009872e00000)]
  0x000001e9fc73c5b0 JavaThread "DestroyJavaVM" [_thread_blocked, id=16964, stack(0x0000009870e00000,0x0000009870f00000)]
  0x000001e98c689020 JavaThread "pool-13-thread-1" [_thread_in_native, id=4956, stack(0x0000009872e00000,0x0000009872f00000)]
  0x000001e98d3a7e50 JavaThread "Simple-Language-Server main thread" daemon [_thread_blocked, id=7308, stack(0x0000009872f00000,0x0000009873000000)]
  0x000001e98d3a8330 JavaThread "pool-8-thread-1" [_thread_blocked, id=28500, stack(0x0000009873000000,0x0000009873100000)]
  0x000001e98cf7cda0 JavaThread "parallel-1" daemon [_thread_blocked, id=32636, stack(0x0000009873100000,0x0000009873200000)]
  0x000001e987868950 JavaThread "parallel-2" daemon [_thread_blocked, id=12576, stack(0x0000009873200000,0x0000009873300000)]
  0x000001e987868e60 JavaThread "parallel-3" daemon [_thread_blocked, id=22272, stack(0x0000009873300000,0x0000009873400000)]
  0x000001e987869d90 JavaThread "parallel-4" daemon [_thread_blocked, id=26792, stack(0x0000009873400000,0x0000009873500000)]
  0x000001e987867000 JavaThread "parallel-5" daemon [_thread_blocked, id=23544, stack(0x0000009873500000,0x0000009873600000)]
  0x000001e987867a20 JavaThread "pool-6-thread-1" [_thread_blocked, id=17264, stack(0x0000009873700000,0x0000009873800000)]
  0x000001e987867510 JavaThread "parallel-6" daemon [_thread_blocked, id=688, stack(0x0000009873800000,0x0000009873900000)]
  0x000001e987869880 JavaThread "parallel-7" daemon [_thread_blocked, id=26316, stack(0x0000009873900000,0x0000009873a00000)]
  0x000001e98786a2a0 JavaThread "parallel-8" daemon [_thread_blocked, id=1172, stack(0x0000009873a00000,0x0000009873b00000)]
  0x000001e987867f30 JavaThread "Reconciler-1" daemon [_thread_blocked, id=23456, stack(0x0000009873b00000,0x0000009873c00000)]

Other Threads:
=>0x000001e987600be0 VMThread "VM Thread" [stack: 0x0000009871400000,0x0000009871500000] [id=2304]
  0x000001e98798e470 WatcherThread [stack: 0x0000009872000000,0x0000009872100000] [id=13520]
  0x000001e9fc779df0 GCTaskThread "GC Thread#0" [stack: 0x0000009870f00000,0x0000009871000000] [id=16180]
  0x000001e98c870c90 GCTaskThread "GC Thread#1" [stack: 0x0000009872200000,0x0000009872300000] [id=22604]
  0x000001e98c870f50 GCTaskThread "GC Thread#2" [stack: 0x0000009872300000,0x0000009872400000] [id=26136]
  0x000001e98c8c71d0 GCTaskThread "GC Thread#3" [stack: 0x0000009872400000,0x0000009872500000] [id=30436]
  0x000001e98c5cfcd0 GCTaskThread "GC Thread#4" [stack: 0x0000009872500000,0x0000009872600000] [id=17984]
  0x000001e98cac5c70 GCTaskThread "GC Thread#5" [stack: 0x0000009872600000,0x0000009872700000] [id=30204]
  0x000001e98cc31ca0 GCTaskThread "GC Thread#6" [stack: 0x0000009872a00000,0x0000009872b00000] [id=12404]
  0x000001e98cc31f60 GCTaskThread "GC Thread#7" [stack: 0x0000009872b00000,0x0000009872c00000] [id=23356]
  0x000001e9fc782d40 ConcurrentGCThread "G1 Main Marker" [stack: 0x0000009871000000,0x0000009871100000] [id=16940]
  0x000001e9fc783760 ConcurrentGCThread "G1 Conc#0" [stack: 0x0000009871100000,0x0000009871200000] [id=28536]
  0x000001e98cc10480 ConcurrentGCThread "G1 Conc#1" [stack: 0x0000009872c00000,0x0000009872d00000] [id=8708]
  0x000001e9874720b0 ConcurrentGCThread "G1 Refine#0" [stack: 0x0000009871200000,0x0000009871300000] [id=13628]
  0x000001e987472ae0 ConcurrentGCThread "G1 Service" [stack: 0x0000009871300000,0x0000009871400000] [id=16844]

Threads with active compile tasks:

VM state: at safepoint (normal execution)

VM Mutex/Monitor currently owned by a thread:  ([mutex/lock_event])
[0x000001e9fa54f010] Threads_lock - owner thread: 0x000001e987600be0
[0x000001e9fc7387e0] Heap_lock - owner thread: 0x000001e98c68e510

Heap address: 0x00000000c0000000, size: 1024 MB, Compressed Oops mode: 32-bit

CDS archive(s) not mapped
Compressed class space mapped at: 0x0000000100000000-0x0000000140000000, reserved size: 1073741824
Narrow klass base: 0x0000000000000000, Narrow klass shift: 3, Narrow klass range: 0x140000000

GC Precious Log:
 CPUs: 8 total, 8 available
 Memory: 8056M
 Large Page Support: Disabled
 NUMA Support: Disabled
 Compressed Oops: Enabled (32-bit)
 Heap Region Size: 1M
 Heap Min Capacity: 8M
 Heap Initial Capacity: 126M
 Heap Max Capacity: 1G
 Pre-touch: Disabled
 Parallel Workers: 8
 Concurrent Workers: 2
 Concurrent Refinement Workers: 8
 Periodic GC: Disabled

Heap:
 garbage-first heap   total 75776K, used 24339K [0x00000000c0000000, 0x0000000100000000)
  region size 1024K, 1 young (1024K), 0 survivors (0K)
 Metaspace       used 39434K, committed 39936K, reserved 1114112K
  class space    used 5216K, committed 5440K, reserved 1048576K

Heap Regions: E=young(eden), S=young(survivor), O=old, HS=humongous(starts), HC=humongous(continues), CS=collection set, F=free, OA=open archive, CA=closed archive, TAMS=top-at-mark-start (previous, next)
|   0|0x00000000c0000000, 0x00000000c0100000, 0x00000000c0100000|100%|HS|  |TAMS 0x00000000c0100000, 0x00000000c0000000| Untracked 
|   1|0x00000000c0100000, 0x00000000c0200000, 0x00000000c0200000|100%|HC|  |TAMS 0x00000000c0200000, 0x00000000c0100000| Untracked 
|   2|0x00000000c0200000, 0x00000000c0300000, 0x00000000c0300000|100%|HC|  |TAMS 0x00000000c0300000, 0x00000000c0200000| Untracked 
|   3|0x00000000c0300000, 0x00000000c0400000, 0x00000000c0400000|100%|HC|  |TAMS 0x00000000c0400000, 0x00000000c0300000| Untracked 
|   4|0x00000000c0400000, 0x00000000c0500000, 0x00000000c0500000|100%|HS|  |TAMS 0x00000000c0500000, 0x00000000c0400000| Untracked 
|   5|0x00000000c0500000, 0x00000000c0600000, 0x00000000c0600000|100%|HC|  |TAMS 0x00000000c0600000, 0x00000000c0500000| Untracked 
|   6|0x00000000c0600000, 0x00000000c06fffa0, 0x00000000c0700000| 99%| O|  |TAMS 0x00000000c06fffa0, 0x00000000c0600000| Untracked 
|   7|0x00000000c0700000, 0x00000000c0800000, 0x00000000c0800000|100%| O|  |TAMS 0x00000000c0800000, 0x00000000c0700000| Untracked 
|   8|0x00000000c0800000, 0x00000000c08ffff8, 0x00000000c0900000| 99%| O|  |TAMS 0x00000000c08ffff8, 0x00000000c0800000| Untracked 
|   9|0x00000000c0900000, 0x00000000c0a00000, 0x00000000c0a00000|100%| O|  |TAMS 0x00000000c0a00000, 0x00000000c0900000| Untracked 
|  10|0x00000000c0a00000, 0x00000000c0b00000, 0x00000000c0b00000|100%| O|  |TAMS 0x00000000c0b00000, 0x00000000c0a00000| Untracked 
|  11|0x00000000c0b00000, 0x00000000c0c00000, 0x00000000c0c00000|100%| O|  |TAMS 0x00000000c0c00000, 0x00000000c0b00000| Untracked 
|  12|0x00000000c0c00000, 0x00000000c0cfffc8, 0x00000000c0d00000| 99%| O|  |TAMS 0x00000000c0cfffc8, 0x00000000c0c00000| Untracked 
|  13|0x00000000c0d00000, 0x00000000c0e00000, 0x00000000c0e00000|100%| O|  |TAMS 0x00000000c0e00000, 0x00000000c0d00000| Untracked 
|  14|0x00000000c0e00000, 0x00000000c0f00000, 0x00000000c0f00000|100%| O|  |TAMS 0x00000000c0f00000, 0x00000000c0e00000| Untracked 
|  15|0x00000000c0f00000, 0x00000000c1000000, 0x00000000c1000000|100%| O|  |TAMS 0x00000000c1000000, 0x00000000c0f00000| Untracked 
|  16|0x00000000c1000000, 0x00000000c1100000, 0x00000000c1100000|100%| O|  |TAMS 0x00000000c1100000, 0x00000000c1000000| Untracked 
|  17|0x00000000c1100000, 0x00000000c11ffd30, 0x00000000c1200000| 99%| O|  |TAMS 0x00000000c11ffd30, 0x00000000c1100000| Untracked 
|  18|0x00000000c1200000, 0x00000000c12ffec8, 0x00000000c1300000| 99%| O|  |TAMS 0x00000000c12ffec8, 0x00000000c1200000| Untracked 
|  19|0x00000000c1300000, 0x00000000c13fffb0, 0x00000000c1400000| 99%| O|  |TAMS 0x00000000c13fffb0, 0x00000000c1300000| Untracked 
|  20|0x00000000c1400000, 0x00000000c14fffe8, 0x00000000c1500000| 99%| O|  |TAMS 0x00000000c14fffe8, 0x00000000c1400000| Untracked 
|  21|0x00000000c1500000, 0x00000000c15ffff0, 0x00000000c1600000| 99%| O|  |TAMS 0x00000000c15ffff0, 0x00000000c1500000| Untracked 
|  22|0x00000000c1600000, 0x00000000c16ffff0, 0x00000000c1700000| 99%| O|  |TAMS 0x00000000c16ffff0, 0x00000000c1600000| Untracked 
|  23|0x00000000c1700000, 0x00000000c17c5178, 0x00000000c1800000| 76%| O|  |TAMS 0x00000000c1700000, 0x00000000c1700000| Untracked 
|  24|0x00000000c1800000, 0x00000000c1800068, 0x00000000c1900000|  0%| O|  |TAMS 0x00000000c1800000, 0x00000000c1800000| Untracked 
|  25|0x00000000c1900000, 0x00000000c1900000, 0x00000000c1a00000|  0%| F|  |TAMS 0x00000000c1900000, 0x00000000c1900000| Untracked 
|  26|0x00000000c1a00000, 0x00000000c1a00000, 0x00000000c1b00000|  0%| F|  |TAMS 0x00000000c1a00000, 0x00000000c1a00000| Untracked 
|  27|0x00000000c1b00000, 0x00000000c1b00000, 0x00000000c1c00000|  0%| F|  |TAMS 0x00000000c1b00000, 0x00000000c1b00000| Untracked 
|  28|0x00000000c1c00000, 0x00000000c1c00000, 0x00000000c1d00000|  0%| F|  |TAMS 0x00000000c1c00000, 0x00000000c1c00000| Untracked 
|  29|0x00000000c1d00000, 0x00000000c1d00000, 0x00000000c1e00000|  0%| F|  |TAMS 0x00000000c1d00000, 0x00000000c1d00000| Untracked 
|  30|0x00000000c1e00000, 0x00000000c1e00000, 0x00000000c1f00000|  0%| F|  |TAMS 0x00000000c1e00000, 0x00000000c1e00000| Untracked 
|  31|0x00000000c1f00000, 0x00000000c1f00000, 0x00000000c2000000|  0%| F|  |TAMS 0x00000000c1f00000, 0x00000000c1f00000| Untracked 
|  32|0x00000000c2000000, 0x00000000c2000000, 0x00000000c2100000|  0%| F|  |TAMS 0x00000000c2000000, 0x00000000c2000000| Untracked 
|  33|0x00000000c2100000, 0x00000000c2100000, 0x00000000c2200000|  0%| F|  |TAMS 0x00000000c2100000, 0x00000000c2100000| Untracked 
|  34|0x00000000c2200000, 0x00000000c2200000, 0x00000000c2300000|  0%| F|  |TAMS 0x00000000c2200000, 0x00000000c2200000| Untracked 
|  35|0x00000000c2300000, 0x00000000c2300000, 0x00000000c2400000|  0%| F|  |TAMS 0x00000000c2300000, 0x00000000c2300000| Untracked 
|  36|0x00000000c2400000, 0x00000000c2400000, 0x00000000c2500000|  0%| F|  |TAMS 0x00000000c2400000, 0x00000000c2400000| Untracked 
|  37|0x00000000c2500000, 0x00000000c2500000, 0x00000000c2600000|  0%| F|  |TAMS 0x00000000c2500000, 0x00000000c2500000| Untracked 
|  38|0x00000000c2600000, 0x00000000c2600000, 0x00000000c2700000|  0%| F|  |TAMS 0x00000000c2600000, 0x00000000c2600000| Untracked 
|  39|0x00000000c2700000, 0x00000000c2700000, 0x00000000c2800000|  0%| F|  |TAMS 0x00000000c2700000, 0x00000000c2700000| Untracked 
|  40|0x00000000c2800000, 0x00000000c2800000, 0x00000000c2900000|  0%| F|  |TAMS 0x00000000c2800000, 0x00000000c2800000| Untracked 
|  41|0x00000000c2900000, 0x00000000c2900000, 0x00000000c2a00000|  0%| F|  |TAMS 0x00000000c2900000, 0x00000000c2900000| Untracked 
|  42|0x00000000c2a00000, 0x00000000c2a00000, 0x00000000c2b00000|  0%| F|  |TAMS 0x00000000c2a00000, 0x00000000c2a00000| Untracked 
|  43|0x00000000c2b00000, 0x00000000c2b00000, 0x00000000c2c00000|  0%| F|  |TAMS 0x00000000c2b00000, 0x00000000c2b00000| Untracked 
|  44|0x00000000c2c00000, 0x00000000c2c00000, 0x00000000c2d00000|  0%| F|  |TAMS 0x00000000c2c00000, 0x00000000c2c00000| Untracked 
|  45|0x00000000c2d00000, 0x00000000c2d00000, 0x00000000c2e00000|  0%| F|  |TAMS 0x00000000c2d00000, 0x00000000c2d00000| Untracked 
|  46|0x00000000c2e00000, 0x00000000c2e00000, 0x00000000c2f00000|  0%| F|  |TAMS 0x00000000c2e00000, 0x00000000c2e00000| Untracked 
|  47|0x00000000c2f00000, 0x00000000c2f00000, 0x00000000c3000000|  0%| F|  |TAMS 0x00000000c2f00000, 0x00000000c2f00000| Untracked 
|  48|0x00000000c3000000, 0x00000000c3000000, 0x00000000c3100000|  0%| F|  |TAMS 0x00000000c3000000, 0x00000000c3000000| Untracked 
|  49|0x00000000c3100000, 0x00000000c3100000, 0x00000000c3200000|  0%| F|  |TAMS 0x00000000c3100000, 0x00000000c3100000| Untracked 
|  50|0x00000000c3200000, 0x00000000c3200000, 0x00000000c3300000|  0%| F|  |TAMS 0x00000000c3200000, 0x00000000c3200000| Untracked 
|  51|0x00000000c3300000, 0x00000000c3300000, 0x00000000c3400000|  0%| F|  |TAMS 0x00000000c3300000, 0x00000000c3300000| Untracked 
|  52|0x00000000c3400000, 0x00000000c3400000, 0x00000000c3500000|  0%| F|  |TAMS 0x00000000c3400000, 0x00000000c3400000| Untracked 
|  53|0x00000000c3500000, 0x00000000c3500000, 0x00000000c3600000|  0%| F|  |TAMS 0x00000000c3500000, 0x00000000c3500000| Untracked 
|  54|0x00000000c3600000, 0x00000000c3600000, 0x00000000c3700000|  0%| F|  |TAMS 0x00000000c3600000, 0x00000000c3600000| Untracked 
|  55|0x00000000c3700000, 0x00000000c3700000, 0x00000000c3800000|  0%| F|  |TAMS 0x00000000c3700000, 0x00000000c3700000| Untracked 
|  56|0x00000000c3800000, 0x00000000c3800000, 0x00000000c3900000|  0%| F|  |TAMS 0x00000000c3800000, 0x00000000c3800000| Untracked 
|  57|0x00000000c3900000, 0x00000000c3900000, 0x00000000c3a00000|  0%| F|  |TAMS 0x00000000c3900000, 0x00000000c3900000| Untracked 
|  58|0x00000000c3a00000, 0x00000000c3a00000, 0x00000000c3b00000|  0%| F|  |TAMS 0x00000000c3a00000, 0x00000000c3a00000| Untracked 
|  59|0x00000000c3b00000, 0x00000000c3b00000, 0x00000000c3c00000|  0%| F|  |TAMS 0x00000000c3b00000, 0x00000000c3b00000| Untracked 
|  60|0x00000000c3c00000, 0x00000000c3c00000, 0x00000000c3d00000|  0%| F|  |TAMS 0x00000000c3c00000, 0x00000000c3c00000| Untracked 
|  61|0x00000000c3d00000, 0x00000000c3d00000, 0x00000000c3e00000|  0%| F|  |TAMS 0x00000000c3d00000, 0x00000000c3d00000| Untracked 
|  62|0x00000000c3e00000, 0x00000000c3e00000, 0x00000000c3f00000|  0%| F|  |TAMS 0x00000000c3e00000, 0x00000000c3e00000| Untracked 
|  63|0x00000000c3f00000, 0x00000000c3f00000, 0x00000000c4000000|  0%| F|  |TAMS 0x00000000c3f00000, 0x00000000c3f00000| Untracked 
|  64|0x00000000c4000000, 0x00000000c4000000, 0x00000000c4100000|  0%| F|  |TAMS 0x00000000c4000000, 0x00000000c4000000| Untracked 
|  65|0x00000000c4100000, 0x00000000c4100000, 0x00000000c4200000|  0%| F|  |TAMS 0x00000000c4100000, 0x00000000c4100000| Untracked 
|  66|0x00000000c4200000, 0x00000000c4200000, 0x00000000c4300000|  0%| F|  |TAMS 0x00000000c4200000, 0x00000000c4200000| Untracked 
|  67|0x00000000c4300000, 0x00000000c4300000, 0x00000000c4400000|  0%| F|  |TAMS 0x00000000c4300000, 0x00000000c4300000| Untracked 
|  87|0x00000000c5700000, 0x00000000c5700000, 0x00000000c5800000|  0%| F|  |TAMS 0x00000000c5700000, 0x00000000c5700000| Untracked 
|  88|0x00000000c5800000, 0x00000000c5800000, 0x00000000c5900000|  0%| F|  |TAMS 0x00000000c5800000, 0x00000000c5800000| Untracked 
|  89|0x00000000c5900000, 0x00000000c5900000, 0x00000000c5a00000|  0%| F|  |TAMS 0x00000000c5900000, 0x00000000c5900000| Untracked 
|  90|0x00000000c5a00000, 0x00000000c5a00000, 0x00000000c5b00000|  0%| F|  |TAMS 0x00000000c5a00000, 0x00000000c5a00000| Untracked 
|  91|0x00000000c5b00000, 0x00000000c5b00000, 0x00000000c5c00000|  0%| F|  |TAMS 0x00000000c5b00000, 0x00000000c5b00000| Untracked 
| 125|0x00000000c7d00000, 0x00000000c7d1cb48, 0x00000000c7e00000| 11%| E|  |TAMS 0x00000000c7d00000, 0x00000000c7d00000| Complete 

Card table byte_map: [0x000001e9ff6e0000,0x000001e9ff8e0000] _byte_map_base: 0x000001e9ff0e0000

Marking Bits (Prev, Next): (CMBitMap*) 0x000001e9fc77a450, (CMBitMap*) 0x000001e9fc77a410
 Prev Bits: [0x000001e984000000, 0x000001e985000000)
 Next Bits: [0x000001e983000000, 0x000001e984000000)

Polling page: 0x000001e9fbef0000

Metaspace:

Usage:
  Non-class:     33.42 MB used.
      Class:      5.09 MB used.
       Both:     38.51 MB used.

Virtual space:
  Non-class space:       64.00 MB reserved,      33.69 MB ( 53%) committed,  1 nodes.
      Class space:        1.00 GB reserved,       5.31 MB ( <1%) committed,  1 nodes.
             Both:        1.06 GB reserved,      39.00 MB (  4%) committed. 

Chunk freelists:
   Non-Class:  13.90 MB
       Class:  10.71 MB
        Both:  24.61 MB

MaxMetaspaceSize: unlimited
CompressedClassSpaceSize: 1.00 GB
Initial GC threshold: 21.00 MB
Current GC threshold: 65.00 MB
CDS: off
MetaspaceReclaimPolicy: balanced
 - commit_granule_bytes: 65536.
 - commit_granule_words: 8192.
 - virtual_space_node_default_size: 8388608.
 - enlarge_chunks_in_place: 1.
 - new_chunks_are_fully_committed: 0.
 - uncommit_free_chunks: 1.
 - use_allocation_guard: 0.
 - handle_deallocations: 1.


Internal statistics:

num_allocs_failed_limit: 8.
num_arena_births: 502.
num_arena_deaths: 152.
num_vsnodes_births: 2.
num_vsnodes_deaths: 0.
num_space_committed: 624.
num_space_uncommitted: 0.
num_chunks_returned_to_freelist: 177.
num_chunks_taken_from_freelist: 1671.
num_chunk_merges: 58.
num_chunk_splits: 1167.
num_chunks_enlarged: 885.
num_inconsistent_stats: 0.

CodeCache: size=49152Kb used=7099Kb max_used=8211Kb free=42053Kb
 bounds [0x000001e980000000, 0x000001e980840000, 0x000001e983000000]
 total_blobs=4401 nmethods=3855 adapters=473
 compilation: enabled
              stopped_count=0, restarted_count=0
 full_count=0

Compilation events (20 events):
Event: 2998.276 Thread 0x000001e987640ed0 nmethod 3847 0x000001e980460990 code [0x000001e980460b40, 0x000001e980460cd8]
Event: 2998.276 Thread 0x000001e98d5f0820 3855       1       org.antlr.v4.runtime.BufferedTokenStream::consume (119 bytes)
Event: 2998.277 Thread 0x000001e987640ed0 3824       1       org.antlr.v4.runtime.RuleContext::setAltNumber (1 bytes)
Event: 2998.277 Thread 0x000001e987640ed0 nmethod 3824 0x000001e980460690 code [0x000001e980460820, 0x000001e9804608d8]
Event: 2998.277 Thread 0x000001e98cf77840 nmethod 3850 0x000001e980460310 code [0x000001e9804604a0, 0x000001e980460598]
Event: 2998.277 Thread 0x000001e987640ed0 3829       1       org.antlr.v4.runtime.ANTLRInputStream::size (5 bytes)
Event: 2998.277 Thread 0x000001e987640ed0 nmethod 3829 0x000001e980460010 code [0x000001e9804601a0, 0x000001e980460278]
Event: 2998.278 Thread 0x000001e98d5f0820 nmethod 3855 0x000001e98045f990 code [0x000001e98045fb80, 0x000001e98045fe78]
Event: 3998.401 Thread 0x000001e987640ed0 3857       1       java.lang.ProcessImpl$2::run (242 bytes)
Event: 3998.422 Thread 0x000001e987640ed0 nmethod 3857 0x000001e98045db10 code [0x000001e98045ddc0, 0x000001e98045eb58]
Event: 3998.422 Thread 0x000001e987640ed0 3858       1       java.io.BufferedOutputStream::<init> (9 bytes)
Event: 3998.422 Thread 0x000001e987640ed0 nmethod 3858 0x000001e98045d590 code [0x000001e98045d720, 0x000001e98045d9f8]
Event: 3998.422 Thread 0x000001e987640ed0 3859       1       java.lang.ProcessImpl::waitFor (136 bytes)
Event: 3998.424 Thread 0x000001e987640ed0 nmethod 3859 0x000001e98045cd10 code [0x000001e98045cf20, 0x000001e98045d358]
Event: 3998.563 Thread 0x000001e987640ed0 3861       1       java.io.FileOutputStream$1::close (11 bytes)
Event: 3998.608 Thread 0x000001e987640ed0 nmethod 3861 0x000001e98045c690 code [0x000001e98045c840, 0x000001e98045cb58]
Event: 3998.608 Thread 0x000001e987640ed0 3862       1       java.lang.ProcessImpl$$Lambda$755/0x00000001003e2980::run (8 bytes)
Event: 3998.608 Thread 0x000001e987640ed0 nmethod 3862 0x000001e98045c390 code [0x000001e98045c520, 0x000001e98045c608]
Event: 3998.608 Thread 0x000001e987640ed0 3863       1       java.lang.ProcessImpl::lambda$new$0 (6 bytes)
Event: 3998.608 Thread 0x000001e987640ed0 nmethod 3863 0x000001e98045c090 code [0x000001e98045c220, 0x000001e98045c2e8]

GC Heap History (20 events):
Event: 40670.358 GC heap before
{Heap before GC invocations=3994 (full 3985):
 garbage-first heap   total 75776K, used 24339K [0x00000000c0000000, 0x0000000100000000)
  region size 1024K, 1 young (1024K), 0 survivors (0K)
 Metaspace       used 39434K, committed 39936K, reserved 1114112K
  class space    used 5216K, committed 5440K, reserved 1048576K
}
Event: 40670.391 GC heap after
{Heap after GC invocations=3995 (full 3986):
 garbage-first heap   total 75776K, used 24339K [0x00000000c0000000, 0x0000000100000000)
  region size 1024K, 0 young (0K), 0 survivors (0K)
 Metaspace       used 39434K, committed 39936K, reserved 1114112K
  class space    used 5216K, committed 5440K, reserved 1048576K
}
Event: 40680.615 GC heap before
{Heap before GC invocations=3995 (full 3986):
 garbage-first heap   total 75776K, used 24339K [0x00000000c0000000, 0x0000000100000000)
  region size 1024K, 1 young (1024K), 0 survivors (0K)
 Metaspace       used 39434K, committed 39936K, reserved 1114112K
  class space    used 5216K, committed 5440K, reserved 1048576K
}
Event: 40680.645 GC heap after
{Heap after GC invocations=3996 (full 3987):
 garbage-first heap   total 75776K, used 24339K [0x00000000c0000000, 0x0000000100000000)
  region size 1024K, 0 young (0K), 0 survivors (0K)
 Metaspace       used 39434K, committed 39936K, reserved 1114112K
  class space    used 5216K, committed 5440K, reserved 1048576K
}
Event: 40690.842 GC heap before
{Heap before GC invocations=3996 (full 3987):
 garbage-first heap   total 75776K, used 24339K [0x00000000c0000000, 0x0000000100000000)
  region size 1024K, 1 young (1024K), 0 survivors (0K)
 Metaspace       used 39434K, committed 39936K, reserved 1114112K
  class space    used 5216K, committed 5440K, reserved 1048576K
}
Event: 40690.869 GC heap after
{Heap after GC invocations=3997 (full 3988):
 garbage-first heap   total 75776K, used 24339K [0x00000000c0000000, 0x0000000100000000)
  region size 1024K, 0 young (0K), 0 survivors (0K)
 Metaspace       used 39434K, committed 39936K, reserved 1114112K
  class space    used 5216K, committed 5440K, reserved 1048576K
}
Event: 40701.086 GC heap before
{Heap before GC invocations=3997 (full 3988):
 garbage-first heap   total 75776K, used 24339K [0x00000000c0000000, 0x0000000100000000)
  region size 1024K, 1 young (1024K), 0 survivors (0K)
 Metaspace       used 39434K, committed 39936K, reserved 1114112K
  class space    used 5216K, committed 5440K, reserved 1048576K
}
Event: 40701.109 GC heap after
{Heap after GC invocations=3998 (full 3989):
 garbage-first heap   total 75776K, used 24339K [0x00000000c0000000, 0x0000000100000000)
  region size 1024K, 0 young (0K), 0 survivors (0K)
 Metaspace       used 39434K, committed 39936K, reserved 1114112K
  class space    used 5216K, committed 5440K, reserved 1048576K
}
Event: 40711.477 GC heap before
{Heap before GC invocations=3998 (full 3989):
 garbage-first heap   total 75776K, used 24339K [0x00000000c0000000, 0x0000000100000000)
  region size 1024K, 1 young (1024K), 0 survivors (0K)
 Metaspace       used 39434K, committed 39936K, reserved 1114112K
  class space    used 5216K, committed 5440K, reserved 1048576K
}
Event: 40711.504 GC heap after
{Heap after GC invocations=3999 (full 3990):
 garbage-first heap   total 75776K, used 24339K [0x00000000c0000000, 0x0000000100000000)
  region size 1024K, 0 young (0K), 0 survivors (0K)
 Metaspace       used 39434K, committed 39936K, reserved 1114112K
  class space    used 5216K, committed 5440K, reserved 1048576K
}
Event: 40721.737 GC heap before
{Heap before GC invocations=3999 (full 3990):
 garbage-first heap   total 75776K, used 24339K [0x00000000c0000000, 0x0000000100000000)
  region size 1024K, 1 young (1024K), 0 survivors (0K)
 Metaspace       used 39434K, committed 39936K, reserved 1114112K
  class space    used 5216K, committed 5440K, reserved 1048576K
}
Event: 40721.763 GC heap after
{Heap after GC invocations=4000 (full 3991):
 garbage-first heap   total 75776K, used 24339K [0x00000000c0000000, 0x0000000100000000)
  region size 1024K, 0 young (0K), 0 survivors (0K)
 Metaspace       used 39434K, committed 39936K, reserved 1114112K
  class space    used 5216K, committed 5440K, reserved 1048576K
}
Event: 40732.199 GC heap before
{Heap before GC invocations=4000 (full 3991):
 garbage-first heap   total 75776K, used 24339K [0x00000000c0000000, 0x0000000100000000)
  region size 1024K, 1 young (1024K), 0 survivors (0K)
 Metaspace       used 39434K, committed 39936K, reserved 1114112K
  class space    used 5216K, committed 5440K, reserved 1048576K
}
Event: 40732.226 GC heap after
{Heap after GC invocations=4001 (full 3992):
 garbage-first heap   total 75776K, used 24339K [0x00000000c0000000, 0x0000000100000000)
  region size 1024K, 0 young (0K), 0 survivors (0K)
 Metaspace       used 39434K, committed 39936K, reserved 1114112K
  class space    used 5216K, committed 5440K, reserved 1048576K
}
Event: 40742.424 GC heap before
{Heap before GC invocations=4001 (full 3992):
 garbage-first heap   total 75776K, used 24339K [0x00000000c0000000, 0x0000000100000000)
  region size 1024K, 1 young (1024K), 0 survivors (0K)
 Metaspace       used 39434K, committed 39936K, reserved 1114112K
  class space    used 5216K, committed 5440K, reserved 1048576K
}
Event: 40742.453 GC heap after
{Heap after GC invocations=4002 (full 3993):
 garbage-first heap   total 75776K, used 24339K [0x00000000c0000000, 0x0000000100000000)
  region size 1024K, 0 young (0K), 0 survivors (0K)
 Metaspace       used 39434K, committed 39936K, reserved 1114112K
  class space    used 5216K, committed 5440K, reserved 1048576K
}
Event: 40752.856 GC heap before
{Heap before GC invocations=4002 (full 3993):
 garbage-first heap   total 75776K, used 24339K [0x00000000c0000000, 0x0000000100000000)
  region size 1024K, 1 young (1024K), 0 survivors (0K)
 Metaspace       used 39434K, committed 39936K, reserved 1114112K
  class space    used 5216K, committed 5440K, reserved 1048576K
}
Event: 40752.884 GC heap after
{Heap after GC invocations=4003 (full 3994):
 garbage-first heap   total 75776K, used 24339K [0x00000000c0000000, 0x0000000100000000)
  region size 1024K, 0 young (0K), 0 survivors (0K)
 Metaspace       used 39434K, committed 39936K, reserved 1114112K
  class space    used 5216K, committed 5440K, reserved 1048576K
}
Event: 40763.101 GC heap before
{Heap before GC invocations=4003 (full 3994):
 garbage-first heap   total 75776K, used 24339K [0x00000000c0000000, 0x0000000100000000)
  region size 1024K, 1 young (1024K), 0 survivors (0K)
 Metaspace       used 39434K, committed 39936K, reserved 1114112K
  class space    used 5216K, committed 5440K, reserved 1048576K
}
Event: 40763.123 GC heap after
{Heap after GC invocations=4004 (full 3995):
 garbage-first heap   total 75776K, used 24339K [0x00000000c0000000, 0x0000000100000000)
  region size 1024K, 0 young (0K), 0 survivors (0K)
 Metaspace       used 39434K, committed 39936K, reserved 1114112K
  class space    used 5216K, committed 5440K, reserved 1048576K
}

Dll operation events (8 events):
Event: 0.056 Loaded shared library c:\Users\Gabriel Xavier\.vscode\extensions\redhat.java-1.28.1-win32-x64\jre\17.0.10-win32-x86_64\bin\java.dll
Event: 1.624 Loaded shared library C:\Users\Gabriel Xavier\.vscode\extensions\redhat.java-1.28.1-win32-x64\jre\17.0.10-win32-x86_64\bin\net.dll
Event: 1.629 Loaded shared library C:\Users\Gabriel Xavier\.vscode\extensions\redhat.java-1.28.1-win32-x64\jre\17.0.10-win32-x86_64\bin\nio.dll
Event: 2.625 Loaded shared library C:\Users\Gabriel Xavier\.vscode\extensions\redhat.java-1.28.1-win32-x64\jre\17.0.10-win32-x86_64\bin\zip.dll
Event: 10.175 Loaded shared library C:\Users\Gabriel Xavier\.vscode\extensions\redhat.java-1.28.1-win32-x64\jre\17.0.10-win32-x86_64\bin\jimage.dll
Event: 12.045 Loaded shared library c:\Users\Gabriel Xavier\.vscode\extensions\redhat.java-1.28.1-win32-x64\jre\17.0.10-win32-x86_64\bin\verify.dll
Event: 22.414 Loaded shared library C:\Users\Gabriel Xavier\.vscode\extensions\redhat.java-1.28.1-win32-x64\jre\17.0.10-win32-x86_64\bin\management.dll
Event: 22.441 Loaded shared library C:\Users\Gabriel Xavier\.vscode\extensions\redhat.java-1.28.1-win32-x64\jre\17.0.10-win32-x86_64\bin\management_ext.dll

Deoptimization events (6 events):
Event: 23.689 Thread 0x000001e98c689020 DEOPT PACKING pc=0x000001e9805c7001 sp=0x0000009872efe130
Event: 23.689 Thread 0x000001e98c689020 DEOPT UNPACKING pc=0x000001e980057143 sp=0x0000009872efd5c0 mode 3
Event: 23.698 Thread 0x000001e98d3a8330 DEOPT PACKING pc=0x000001e9805a5697 sp=0x00000098730fef40
Event: 23.698 Thread 0x000001e98d3a8330 DEOPT UNPACKING pc=0x000001e980057143 sp=0x00000098730fe398 mode 3
Event: 2997.251 Thread 0x000001e98c689020 DEOPT PACKING pc=0x000001e98069a4d4 sp=0x0000009872eff310
Event: 2997.254 Thread 0x000001e98c689020 DEOPT UNPACKING pc=0x000001e980057143 sp=0x0000009872efe7b8 mode 0

Classes unloaded (20 events):
Event: 83.123 Thread 0x000001e987600be0 Unloading class 0x00000001003a5400 'java/lang/invoke/LambdaForm$MH+0x00000001003a5400'
Event: 83.123 Thread 0x000001e987600be0 Unloading class 0x00000001003a5000 'java/lang/invoke/LambdaForm$MH+0x00000001003a5000'
Event: 83.123 Thread 0x000001e987600be0 Unloading class 0x0000000100096000 'java/lang/invoke/LambdaForm$MH+0x0000000100096000'
Event: 83.123 Thread 0x000001e987600be0 Unloading class 0x0000000100095c00 'java/lang/invoke/LambdaForm$MH+0x0000000100095c00'
Event: 83.123 Thread 0x000001e987600be0 Unloading class 0x0000000100095800 'java/lang/invoke/LambdaForm$MH+0x0000000100095800'
Event: 83.123 Thread 0x000001e987600be0 Unloading class 0x0000000100095400 'java/lang/invoke/LambdaForm$MH+0x0000000100095400'
Event: 83.123 Thread 0x000001e987600be0 Unloading class 0x0000000100095000 'java/lang/invoke/LambdaForm$MH+0x0000000100095000'
Event: 83.123 Thread 0x000001e987600be0 Unloading class 0x0000000100094c00 'java/lang/invoke/LambdaForm$MH+0x0000000100094c00'
Event: 83.123 Thread 0x000001e987600be0 Unloading class 0x0000000100094800 'java/lang/invoke/LambdaForm$MH+0x0000000100094800'
Event: 83.123 Thread 0x000001e987600be0 Unloading class 0x0000000100094400 'java/lang/invoke/LambdaForm$MH+0x0000000100094400'
Event: 83.123 Thread 0x000001e987600be0 Unloading class 0x000000010008e800 'java/lang/invoke/LambdaForm$MH+0x000000010008e800'
Event: 83.123 Thread 0x000001e987600be0 Unloading class 0x000000010008e400 'java/lang/invoke/LambdaForm$MH+0x000000010008e400'
Event: 83.123 Thread 0x000001e987600be0 Unloading class 0x000000010008e000 'java/lang/invoke/LambdaForm$MH+0x000000010008e000'
Event: 83.123 Thread 0x000001e987600be0 Unloading class 0x000000010008dc00 'java/lang/invoke/LambdaForm$MH+0x000000010008dc00'
Event: 83.123 Thread 0x000001e987600be0 Unloading class 0x000000010008d800 'java/lang/invoke/LambdaForm$MH+0x000000010008d800'
Event: 83.123 Thread 0x000001e987600be0 Unloading class 0x000000010008d400 'java/lang/invoke/LambdaForm$MH+0x000000010008d400'
Event: 83.123 Thread 0x000001e987600be0 Unloading class 0x000000010008cc00 'java/lang/invoke/LambdaForm$MH+0x000000010008cc00'
Event: 83.123 Thread 0x000001e987600be0 Unloading class 0x000000010008c800 'java/lang/invoke/LambdaForm$MH+0x000000010008c800'
Event: 83.123 Thread 0x000001e987600be0 Unloading class 0x000000010008c000 'java/lang/invoke/LambdaForm$MH+0x000000010008c000'
Event: 83.123 Thread 0x000001e987600be0 Unloading class 0x000000010008bc00 'java/lang/invoke/LambdaForm$MH+0x000000010008bc00'

Classes redefined (0 events):
No events

Internal exceptions (20 events):
Event: 15.726 Thread 0x000001e9fc73c5b0 Exception <a 'java/lang/NoSuchMethodError'{0x00000000c3e48400}: 'java.lang.Object java.lang.invoke.DirectMethodHandle$Holder.invokeSpecial(java.lang.Object, java.lang.Object, int, java.lang.Object, java.lang.Object)'> (0x00000000c3e48400) 
thrown [s\src\hotspot\share\interpreter\linkResolver.cpp, line 759]
Event: 15.726 Thread 0x000001e9fc73c5b0 Exception <a 'java/lang/NoSuchMethodError'{0x00000000c3e4c0a8}: 'java.lang.Object java.lang.invoke.DelegatingMethodHandle$Holder.delegate(java.lang.Object, int, java.lang.Object, java.lang.Object)'> (0x00000000c3e4c0a8) 
thrown [s\src\hotspot\share\interpreter\linkResolver.cpp, line 759]
Event: 15.728 Thread 0x000001e9fc73c5b0 Exception <a 'java/lang/NoSuchMethodError'{0x00000000c3e5cf30}: 'int java.lang.invoke.Invokers$Holder.linkToTargetMethod(java.lang.Object, java.lang.Object, java.lang.Object)'> (0x00000000c3e5cf30) 
thrown [s\src\hotspot\share\interpreter\linkResolver.cpp, line 759]
Event: 15.970 Thread 0x000001e9fc73c5b0 Exception <a 'java/lang/NoSuchMethodError'{0x00000000c3ae1398}: 'java.lang.Object java.lang.invoke.DirectMethodHandle$Holder.invokeStaticInit(java.lang.Object, int, int, int, int)'> (0x00000000c3ae1398) 
thrown [s\src\hotspot\share\interpreter\linkResolver.cpp, line 759]
Event: 16.337 Thread 0x000001e9fc73c5b0 Exception <a 'java/lang/NoSuchMethodError'{0x00000000c39694b0}: 'java.lang.Object java.lang.invoke.DirectMethodHandle$Holder.invokeStaticInit(java.lang.Object, java.lang.Object, int, int, int, int)'> (0x00000000c39694b0) 
thrown [s\src\hotspot\share\interpreter\linkResolver.cpp, line 759]
Event: 16.852 Thread 0x000001e9fc73c5b0 Exception <a 'java/lang/NoSuchMethodError'{0x00000000c31976d8}: 'void java.lang.invoke.DirectMethodHandle$Holder.invokeSpecialIFC(java.lang.Object, java.lang.Object, java.lang.Object)'> (0x00000000c31976d8) 
thrown [s\src\hotspot\share\interpreter\linkResolver.cpp, line 759]
Event: 19.498 Thread 0x000001e9fc73c5b0 Exception <a 'java/lang/NoSuchMethodError'{0x00000000c3b39038}: 'int java.lang.invoke.DirectMethodHandle$Holder.invokeStaticInit(java.lang.Object, java.lang.Object, int, java.lang.Object)'> (0x00000000c3b39038) 
thrown [s\src\hotspot\share\interpreter\linkResolver.cpp, line 759]
Event: 20.162 Thread 0x000001e9fc73c5b0 Exception <a 'java/lang/NoSuchMethodError'{0x00000000c3a482f8}: 'void java.lang.invoke.DirectMethodHandle$Holder.invokeSpecial(java.lang.Object, java.lang.Object, java.lang.Object, java.lang.Object, java.lang.Object, java.lang.Object, java.lang.Object)'> (0x00000000c3a482f8) 
thrown [s\src\hotspot\share\interpreter\linkResolver.cpp, line 759]
Event: 21.514 Thread 0x000001e9fc73c5b0 Exception <a 'java/lang/NoSuchMethodError'{0x00000000c365d590}: 'java.lang.Object java.lang.invoke.DirectMethodHandle$Holder.invokeInterface(java.lang.Object, java.lang.Object, int)'> (0x00000000c365d590) 
thrown [s\src\hotspot\share\interpreter\linkResolver.cpp, line 759]
Event: 21.526 Thread 0x000001e9fc73c5b0 Exception <a 'java/lang/IncompatibleClassChangeError'{0x00000000c3670d08}: Found class java.lang.Object, but interface was expected> (0x00000000c3670d08) 
thrown [s\src\hotspot\share\interpreter\linkResolver.cpp, line 826]
Event: 22.382 Thread 0x000001e9fc73c5b0 Exception <a 'java/lang/NoSuchMethodError'{0x00000000c5a72db8}: 'java.lang.Object java.lang.invoke.DirectMethodHandle$Holder.newInvokeSpecial(java.lang.Object, java.lang.Object, int, java.lang.Object, java.lang.Object)'> (0x00000000c5a72db8) 
thrown [s\src\hotspot\share\interpreter\linkResolver.cpp, line 759]
Event: 22.383 Thread 0x000001e9fc73c5b0 Exception <a 'java/lang/NoSuchMethodError'{0x00000000c5a8d4c0}: 'java.lang.Object java.lang.invoke.DirectMethodHandle$Holder.invokeSpecial(java.lang.Object, java.lang.Object, int, java.lang.Object, int, java.lang.Object)'> (0x00000000c5a8d4c0) 
thrown [s\src\hotspot\share\interpreter\linkResolver.cpp, line 759]
Event: 22.384 Thread 0x000001e9fc73c5b0 Exception <a 'java/lang/NoSuchMethodError'{0x00000000c5a952c8}: 'java.lang.Object java.lang.invoke.DirectMethodHandle$Holder.newInvokeSpecial(java.lang.Object, java.lang.Object, int, java.lang.Object, int)'> (0x00000000c5a952c8) 
thrown [s\src\hotspot\share\interpreter\linkResolver.cpp, line 759]
Event: 22.384 Thread 0x000001e9fc73c5b0 Exception <a 'java/lang/NoSuchMethodError'{0x00000000c5a993c8}: 'java.lang.Object java.lang.invoke.DirectMethodHandle$Holder.invokeSpecial(java.lang.Object, java.lang.Object, java.lang.Object, int, java.lang.Object, int)'> (0x00000000c5a993c8) 
thrown [s\src\hotspot\share\interpreter\linkResolver.cpp, line 759]
Event: 23.045 Thread 0x000001e98d3a7e50 Exception <a 'java/lang/NoSuchMethodError'{0x00000000c3c06840}: 'java.lang.Object java.lang.invoke.DirectMethodHandle$Holder.invokeStatic(java.lang.Object, int, java.lang.Object)'> (0x00000000c3c06840) 
thrown [s\src\hotspot\share\interpreter\linkResolver.cpp, line 759]
Event: 23.560 Thread 0x000001e98c689020 Exception <a 'java/lang/NoSuchMethodError'{0x00000000c3c6b408}: 'java.lang.Object java.lang.invoke.DirectMethodHandle$Holder.invokeStatic(java.lang.Object, java.lang.Object, java.lang.Object, int, java.lang.Object, java.lang.Object)'> (0x00000000c3c6b408) 
thrown [s\src\hotspot\share\interpreter\linkResolver.cpp, line 759]
Event: 24.870 Thread 0x000001e987867f30 Exception <a 'java/lang/NoSuchMethodError'{0x00000000c35221b8}: 'int java.lang.invoke.DirectMethodHandle$Holder.invokeStatic(java.lang.Object)'> (0x00000000c35221b8) 
thrown [s\src\hotspot\share\interpreter\linkResolver.cpp, line 759]
Event: 24.871 Thread 0x000001e987867f30 Exception <a 'java/lang/NoSuchMethodError'{0x00000000c35255b8}: 'int java.lang.invoke.DirectMethodHandle$Holder.invokeStaticInit(java.lang.Object)'> (0x00000000c35255b8) 
thrown [s\src\hotspot\share\interpreter\linkResolver.cpp, line 759]
Event: 62.395 Thread 0x000001e98c68e510 Exception <a 'java/lang/NoSuchMethodError'{0x00000000c5bf62b0}: 'void java.lang.invoke.DirectMethodHandle$Holder.invokeStatic(java.lang.Object, long)'> (0x00000000c5bf62b0) 
thrown [s\src\hotspot\share\interpreter\linkResolver.cpp, line 759]
Event: 62.395 Thread 0x000001e98c68e510 Exception <a 'java/lang/NoSuchMethodError'{0x00000000c5bfb658}: 'java.lang.Object java.lang.invoke.DirectMethodHandle$Holder.newInvokeSpecial(java.lang.Object, long)'> (0x00000000c5bfb658) 
thrown [s\src\hotspot\share\interpreter\linkResolver.cpp, line 759]

VM Operations (20 events):
Event: 40670.391 Executing VM operation: G1CollectFull done
Event: 40680.615 Executing VM operation: G1CollectFull
Event: 40680.645 Executing VM operation: G1CollectFull done
Event: 40690.842 Executing VM operation: G1CollectFull
Event: 40690.869 Executing VM operation: G1CollectFull done
Event: 40701.086 Executing VM operation: G1CollectFull
Event: 40701.109 Executing VM operation: G1CollectFull done
Event: 40711.477 Executing VM operation: G1CollectFull
Event: 40711.504 Executing VM operation: G1CollectFull done
Event: 40721.737 Executing VM operation: G1CollectFull
Event: 40721.763 Executing VM operation: G1CollectFull done
Event: 40732.199 Executing VM operation: G1CollectFull
Event: 40732.226 Executing VM operation: G1CollectFull done
Event: 40742.424 Executing VM operation: G1CollectFull
Event: 40742.453 Executing VM operation: G1CollectFull done
Event: 40752.856 Executing VM operation: G1CollectFull
Event: 40752.884 Executing VM operation: G1CollectFull done
Event: 40763.101 Executing VM operation: G1CollectFull
Event: 40763.124 Executing VM operation: G1CollectFull done
Event: 40773.182 Executing VM operation: G1CollectFull

Events (20 events):
Event: 25.027 loading class java/util/regex/Pattern$1
Event: 25.027 loading class java/util/regex/Pattern$1 done
Event: 30.060 Thread 0x000001e987824a90 Thread exited: 0x000001e987824a90
Event: 62.379 loading class java/lang/ProcessBuilder
Event: 62.380 loading class java/lang/ProcessBuilder done
Event: 62.380 loading class java/lang/ProcessImpl
Event: 62.380 loading class java/lang/ProcessImpl done
Event: 62.396 loading class java/lang/ProcessImpl$2
Event: 62.396 loading class java/lang/ProcessImpl$2 done
Event: 62.396 loading class java/lang/Process$PipeInputStream
Event: 62.396 loading class java/lang/Process$PipeInputStream done
Event: 62.396 loading class jdk/internal/event/ProcessStartEvent
Event: 62.397 loading class jdk/internal/event/ProcessStartEvent done
Event: 62.664 loading class java/io/FileOutputStream$1
Event: 62.664 loading class java/io/FileOutputStream$1 done
Event: 84.462 Thread 0x000001e987869370 Thread exited: 0x000001e987869370
Event: 2998.237 Thread 0x000001e98d5f0820 Thread added: 0x000001e98d5f0820
Event: 2998.239 Thread 0x000001e98cf77840 Thread added: 0x000001e98cf77840
Event: 3003.288 Thread 0x000001e98cf77840 Thread exited: 0x000001e98cf77840
Event: 3008.296 Thread 0x000001e98d5f0820 Thread exited: 0x000001e98d5f0820


Dynamic libraries:
0x00007ff68ffd0000 - 0x00007ff68ffde000 	c:\Users\Gabriel Xavier\.vscode\extensions\redhat.java-1.28.1-win32-x64\jre\17.0.10-win32-x86_64\bin\java.exe
0x00007ffcd3690000 - 0x00007ffcd3888000 	C:\Windows\SYSTEM32\ntdll.dll
0x00007ffcd3020000 - 0x00007ffcd30dd000 	C:\Windows\System32\KERNEL32.DLL
0x00007ffcd0ea0000 - 0x00007ffcd1196000 	C:\Windows\System32\KERNELBASE.dll
0x00007ffcd11a0000 - 0x00007ffcd12a0000 	C:\Windows\System32\ucrtbase.dll
0x00007ffcbd340000 - 0x00007ffcbd357000 	c:\Users\Gabriel Xavier\.vscode\extensions\redhat.java-1.28.1-win32-x64\jre\17.0.10-win32-x86_64\bin\jli.dll
0x00007ffcd1db0000 - 0x00007ffcd1f4e000 	C:\Windows\System32\USER32.dll
0x00007ffcd1340000 - 0x00007ffcd1362000 	C:\Windows\System32\win32u.dll
0x00007ffcd1cc0000 - 0x00007ffcd1ceb000 	C:\Windows\System32\GDI32.dll
0x00007ffcbd2e0000 - 0x00007ffcbd2fb000 	c:\Users\Gabriel Xavier\.vscode\extensions\redhat.java-1.28.1-win32-x64\jre\17.0.10-win32-x86_64\bin\VCRUNTIME140.dll
0x00007ffcd0d80000 - 0x00007ffcd0e97000 	C:\Windows\System32\gdi32full.dll
0x00007ffcd0120000 - 0x00007ffcd03ba000 	C:\Windows\WinSxS\amd64_microsoft.windows.common-controls_6595b64144ccf1df_6.0.19041.3636_none_60b6a03d71f818d5\COMCTL32.dll
0x00007ffcd12a0000 - 0x00007ffcd133d000 	C:\Windows\System32\msvcp_win.dll
0x00007ffcd3200000 - 0x00007ffcd329e000 	C:\Windows\System32\msvcrt.dll
0x00007ffcd3610000 - 0x00007ffcd3642000 	C:\Windows\System32\IMM32.DLL
0x00007ffcc5900000 - 0x00007ffcc590c000 	c:\Users\Gabriel Xavier\.vscode\extensions\redhat.java-1.28.1-win32-x64\jre\17.0.10-win32-x86_64\bin\vcruntime140_1.dll
0x00007ffcb11a0000 - 0x00007ffcb122d000 	c:\Users\Gabriel Xavier\.vscode\extensions\redhat.java-1.28.1-win32-x64\jre\17.0.10-win32-x86_64\bin\msvcp140.dll
0x00007ffc94b70000 - 0x00007ffc957d2000 	c:\Users\Gabriel Xavier\.vscode\extensions\redhat.java-1.28.1-win32-x64\jre\17.0.10-win32-x86_64\bin\server\jvm.dll
0x00007ffcd3140000 - 0x00007ffcd31f3000 	C:\Windows\System32\ADVAPI32.dll
0x00007ffcd25f0000 - 0x00007ffcd268f000 	C:\Windows\System32\sechost.dll
0x00007ffcd2090000 - 0x00007ffcd21b6000 	C:\Windows\System32\RPCRT4.dll
0x00007ffcd0d50000 - 0x00007ffcd0d77000 	C:\Windows\System32\bcrypt.dll
0x00007ffcd07a0000 - 0x00007ffcd07eb000 	C:\Windows\SYSTEM32\POWRPROF.dll
0x00007ffcbd5a0000 - 0x00007ffcbd5a9000 	C:\Windows\SYSTEM32\WSOCK32.dll
0x00007ffcd2360000 - 0x00007ffcd23cb000 	C:\Windows\System32\WS2_32.dll
0x00007ffcc2ed0000 - 0x00007ffcc2ef7000 	C:\Windows\SYSTEM32\WINMM.dll
0x00007ffcc92f0000 - 0x00007ffcc92fa000 	C:\Windows\SYSTEM32\VERSION.dll
0x00007ffcd03c0000 - 0x00007ffcd03d2000 	C:\Windows\SYSTEM32\UMPDC.dll
0x00007ffcce770000 - 0x00007ffcce782000 	C:\Windows\SYSTEM32\kernel.appcore.dll
0x00007ffcbab60000 - 0x00007ffcbab6a000 	c:\Users\Gabriel Xavier\.vscode\extensions\redhat.java-1.28.1-win32-x64\jre\17.0.10-win32-x86_64\bin\jimage.dll
0x00007ffcd05b0000 - 0x00007ffcd0794000 	C:\Windows\SYSTEM32\DBGHELP.DLL
0x00007ffcd04f0000 - 0x00007ffcd0524000 	C:\Windows\SYSTEM32\dbgcore.DLL
0x00007ffcd1640000 - 0x00007ffcd16c2000 	C:\Windows\System32\bcryptPrimitives.dll
0x00007ffcbaa80000 - 0x00007ffcbaaa5000 	c:\Users\Gabriel Xavier\.vscode\extensions\redhat.java-1.28.1-win32-x64\jre\17.0.10-win32-x86_64\bin\java.dll
0x00007ffcba560000 - 0x00007ffcba578000 	c:\Users\Gabriel Xavier\.vscode\extensions\redhat.java-1.28.1-win32-x64\jre\17.0.10-win32-x86_64\bin\zip.dll
0x00007ffcd28d0000 - 0x00007ffcd3015000 	C:\Windows\System32\SHELL32.dll
0x00007ffcce790000 - 0x00007ffccef2c000 	C:\Windows\SYSTEM32\windows.storage.dll
0x00007ffcd32a0000 - 0x00007ffcd35f4000 	C:\Windows\System32\combase.dll
0x00007ffcd0080000 - 0x00007ffcd00ae000 	C:\Windows\SYSTEM32\Wldp.dll
0x00007ffcd1780000 - 0x00007ffcd184d000 	C:\Windows\System32\OLEAUT32.dll
0x00007ffcd2460000 - 0x00007ffcd250d000 	C:\Windows\System32\SHCORE.dll
0x00007ffcd1d50000 - 0x00007ffcd1da5000 	C:\Windows\System32\shlwapi.dll
0x00007ffcd0c80000 - 0x00007ffcd0ca5000 	C:\Windows\SYSTEM32\profapi.dll
0x00007ffcba530000 - 0x00007ffcba549000 	C:\Users\Gabriel Xavier\.vscode\extensions\redhat.java-1.28.1-win32-x64\jre\17.0.10-win32-x86_64\bin\net.dll
0x00007ffcc8f20000 - 0x00007ffcc902a000 	C:\Windows\SYSTEM32\WINHTTP.dll
0x00007ffccff50000 - 0x00007ffccffba000 	C:\Windows\system32\mswsock.dll
0x00007ffcb9220000 - 0x00007ffcb9236000 	C:\Users\Gabriel Xavier\.vscode\extensions\redhat.java-1.28.1-win32-x64\jre\17.0.10-win32-x86_64\bin\nio.dll
0x00007ffcbab40000 - 0x00007ffcbab50000 	c:\Users\Gabriel Xavier\.vscode\extensions\redhat.java-1.28.1-win32-x64\jre\17.0.10-win32-x86_64\bin\verify.dll
0x00007ffcd0ac0000 - 0x00007ffcd0ad8000 	C:\Windows\SYSTEM32\CRYPTSP.dll
0x00007ffccf770000 - 0x00007ffccf7a4000 	C:\Windows\system32\rsaenh.dll
0x00007ffcd0c00000 - 0x00007ffcd0c2e000 	C:\Windows\SYSTEM32\USERENV.dll
0x00007ffcd0040000 - 0x00007ffcd004c000 	C:\Windows\SYSTEM32\CRYPTBASE.dll
0x00007ffccfad0000 - 0x00007ffccfb0b000 	C:\Windows\SYSTEM32\IPHLPAPI.DLL
0x00007ffcd3600000 - 0x00007ffcd3608000 	C:\Windows\System32\NSI.dll
0x00007ffcc9830000 - 0x00007ffcc9847000 	C:\Windows\SYSTEM32\dhcpcsvc6.DLL
0x00007ffcc9810000 - 0x00007ffcc982d000 	C:\Windows\SYSTEM32\dhcpcsvc.DLL
0x00007ffccfb10000 - 0x00007ffccfbdb000 	C:\Windows\SYSTEM32\DNSAPI.dll
0x00007ffcc8430000 - 0x00007ffcc8439000 	C:\Users\Gabriel Xavier\.vscode\extensions\redhat.java-1.28.1-win32-x64\jre\17.0.10-win32-x86_64\bin\management.dll
0x00007ffcc8420000 - 0x00007ffcc842b000 	C:\Users\Gabriel Xavier\.vscode\extensions\redhat.java-1.28.1-win32-x64\jre\17.0.10-win32-x86_64\bin\management_ext.dll
0x00007ffcd2080000 - 0x00007ffcd2088000 	C:\Windows\System32\PSAPI.DLL

dbghelp: loaded successfully - version: 4.0.5 - missing functions: none
symbol engine: initialized successfully - sym options: 0x614 - pdb path: .;c:\Users\Gabriel Xavier\.vscode\extensions\redhat.java-1.28.1-win32-x64\jre\17.0.10-win32-x86_64\bin;C:\Windows\SYSTEM32;C:\Windows\WinSxS\amd64_microsoft.windows.common-controls_6595b64144ccf1df_6.0.19041.3636_none_60b6a03d71f818d5;c:\Users\Gabriel Xavier\.vscode\extensions\redhat.java-1.28.1-win32-x64\jre\17.0.10-win32-x86_64\bin\server

VM Arguments:
jvm_args: -XX:+HeapDumpOnOutOfMemoryError -Xmx1024m -Dsts.lsp.client=vscode -Dsts.log.file=/dev/null -XX:TieredStopAtLevel=1 -Xlog:jni+resolve=off -Dspring.config.location=file:c:\Users\Gabriel Xavier\.vscode\extensions\vmware.vscode-spring-boot-1.52.0\language-server\BOOT-INF\classes\application.properties 
java_command: org.springframework.ide.vscode.boot.app.BootLanguageServerBootApp
java_class_path (initial): c:\Users\Gabriel Xavier\.vscode\extensions\vmware.vscode-spring-boot-1.52.0\language-server\BOOT-INF\classes;c:\Users\Gabriel Xavier\.vscode\extensions\vmware.vscode-spring-boot-1.52.0\language-server\BOOT-INF\lib\annotations-24.1.0.jar;c:\Users\Gabriel Xavier\.vscode\extensions\vmware.vscode-spring-boot-1.52.0\language-server\BOOT-INF\lib\antlr4-runtime-4.11.1.jar;c:\Users\Gabriel Xavier\.vscode\extensions\vmware.vscode-spring-boot-1.52.0\language-server\BOOT-INF\lib\asm-9.6.jar;c:\Users\Gabriel Xavier\.vscode\extensions\vmware.vscode-spring-boot-1.52.0\language-server\BOOT-INF\lib\asm-analysis-9.6.jar;c:\Users\Gabriel Xavier\.vscode\extensions\vmware.vscode-spring-boot-1.52.0\language-server\BOOT-INF\lib\asm-tree-9.6.jar;c:\Users\Gabriel Xavier\.vscode\extensions\vmware.vscode-spring-boot-1.52.0\language-server\BOOT-INF\lib\asm-util-9.6.jar;c:\Users\Gabriel Xavier\.vscode\extensions\vmware.vscode-spring-boot-1.52.0\language-server\BOOT-INF\lib\caffeine-3.1.8.jar;c:\Users\Gabriel Xavier\.vscode\extensions\vmware.vscode-spring-boot-1.52.0\language-server\BOOT-INF\lib\checker-qual-3.12.0.jar;c:\Users\Gabriel Xavier\.vscode\extensions\vmware.vscode-spring-boot-1.52.0\language-server\BOOT-INF\lib\classgraph-4.8.149.jar;c:\Users\Gabriel Xavier\.vscode\extensions\vmware.vscode-spring-boot-1.52.0\language-server\BOOT-INF\lib\commons-codec-1.16.0.jar;c:\Users\Gabriel Xavier\.vscode\extensions\vmware.vscode-spring-boot-1.52.0\language-server\BOOT-INF\lib\commons-compress-1.25.0.jar;c:\Users\Gabriel Xavier\.vscode\extensions\vmware.vscode-spring-boot-1.52.0\language-server\BOOT-INF\lib\commons-io-2.4.jar;c:\Users\Gabriel Xavier\.vscode\extensions\vmware.vscode-spring-boot-1.52.0\language-server\BOOT-INF\lib\commons-java-1.52.0-SNAPSHOT.jar;c:\Users\Gabriel Xavier\.vscode\extensions\vmware.vscode-spring-boot-1.52.0\language-server\BOOT-INF\lib\commons-lang3-3.13.0.jar;c:\Users\Gabriel Xavier\.vscode\extensions\vmware.vscode-spring-boot-1.52.0\lang
Launcher Type: SUN_STANDARD

[Global flags]
     intx CICompilerCount                          = 4                                         {product} {ergonomic}
     uint ConcGCThreads                            = 2                                         {product} {ergonomic}
     uint G1ConcRefinementThreads                  = 8                                         {product} {ergonomic}
   size_t G1HeapRegionSize                         = 1048576                                   {product} {ergonomic}
    uintx GCDrainStackTargetSize                   = 64                                        {product} {ergonomic}
     bool HeapDumpOnOutOfMemoryError               = true                                   {manageable} {command line}
   size_t InitialHeapSize                          = 132120576                                 {product} {ergonomic}
   size_t MarkStackSize                            = 4194304                                   {product} {ergonomic}
   size_t MaxHeapSize                              = 1073741824                                {product} {command line}
   size_t MaxNewSize                               = 643825664                                 {product} {ergonomic}
   size_t MinHeapDeltaBytes                        = 1048576                                   {product} {ergonomic}
   size_t MinHeapSize                              = 8388608                                   {product} {ergonomic}
    uintx NonProfiledCodeHeapSize                  = 0                                      {pd product} {ergonomic}
     bool ProfileInterpreter                       = false                                  {pd product} {command line}
    uintx ProfiledCodeHeapSize                     = 0                                      {pd product} {ergonomic}
   size_t SoftMaxHeapSize                          = 1073741824                             {manageable} {ergonomic}
     intx TieredStopAtLevel                        = 1                                         {product} {command line}
     bool UseCompressedClassPointers               = true                           {product lp64_product} {ergonomic}
     bool UseCompressedOops                        = true                           {product lp64_product} {ergonomic}
     bool UseG1GC                                  = true                                      {product} {ergonomic}
     bool UseLargePagesIndividualAllocation        = false                                  {pd product} {ergonomic}

Logging:
Log output configuration:
 #0: stdout all=warning,jni+resolve=off uptime,level,tags
 #1: stderr all=off uptime,level,tags

Environment Variables:
JAVA_HOME=C:\Program Files\Java\zulu17.44.15-ca-jdk17.0.8-win_x64
PATH=C:\Program Files\Eclipse Adoptium\jdk-17.0.8.101-hotspot\bin;C:\Program Files\Java\zulu17.44.15-ca-jdk17.0.8-win_x64\bin;C:\Python311\Scripts\;C:\Python311\;C:\Program Files (x86)\Common Files\Oracle\Java\javapath;C:\Windows\system32;C:\Windows;C:\Windows\System32\Wbem;C:\Windows\System32\WindowsPowerShell\v1.0\;C:\Windows\System32\OpenSSH\;C:\Program Files\Microsoft SQL Server\Client SDK\ODBC\170\Tools\Binn\;E:\Program Files (x86)\Microsoft SQL Server\150\Tools\Binn\;C:\Program Files\Microsoft SQL Server\150\Tools\Binn\;C:\Program Files\Microsoft SQL Server\150\DTS\Binn\;E:\Program Files (x86)\Microsoft SQL Server\150\DTS\Binn\;C:\Program Files\Azure Data Studio\bin;C:\ProgramData\chocolatey\bin;C:\Program Files (x86)\Yarn\bin\;E:\Program Files\Git\cmd;E:\nodejs\;C:\Program Files\MySQL\MySQL Shell 8.0\bin\;C:\Users\Gabriel Xavier\AppData\Local\Microsoft\WindowsApps;;E:\Microsoft VS Code\bin;C:\Program Files\Azure Data Studio\bin;C:\Users\Gabriel Xavier\AppData\Local\Yarn\bin;C:\Users\Gabriel Xavier\AppData\Roaming\npm
USERNAME=Gabriel Xavier
OS=Windows_NT
PROCESSOR_IDENTIFIER=Intel64 Family 6 Model 142 Stepping 10, GenuineIntel
TMP=C:\Users\GABRIE~1\AppData\Local\Temp
TEMP=C:\Users\GABRIE~1\AppData\Local\Temp



Periodic native trim disabled


---------------  S Y S T E M  ---------------

OS:
 Windows 10 , 64 bit Build 19041 (10.0.19041.3636)
OS uptime: 7 days 6:53 hours

CPU: total 8 (initial active 8) (4 cores per cpu, 2 threads per core) family 6 model 142 stepping 10 microcode 0xd6, cx8, cmov, fxsr, ht, mmx, 3dnowpref, sse, sse2, sse3, ssse3, sse4.1, sse4.2, popcnt, lzcnt, tsc, tscinvbit, avx, avx2, aes, erms, clmul, bmi1, bmi2, adx, fma, vzeroupper, clflush, clflushopt
Processor Information for all 8 processors :
  Max Mhz: 1992, Current Mhz: 1792, Mhz Limit: 1792

Memory: 4k page, system-wide physical 8056M (473M free)
TotalPageFile size 22286M (AvailPageFile size 37M)
current process WorkingSet (physical memory assigned to process): 45M, peak: 164M
current process commit charge ("private bytes"): 208M, peak: 231M

vm_info: OpenJDK 64-Bit Server VM (17.0.10+7) for windows-amd64 JRE (17.0.10+7), built on Jan 16 2024 23:25:11 by "admin" with MS VC++ 16.10 / 16.11 (VS2019)

END.
